<testsuite name="Inventory API acceptance" tests="8" failures="1" errors="0" time="0.184600"><properties><property name="run_id" value="bb3d539d914f48939960581478ef45b5" /><property name="mode" value="local" /><property name="expected" value="8" /><property name="infrastructure_error" value="" /></properties><testcase classname="Inventory API acceptance" name="catalog-list" time="0.046756" /><testcase classname="Inventory API acceptance" name="health" time="0.014315" /><testcase classname="Inventory API acceptance" name="invalid-order" time="0.019597" /><testcase classname="Inventory API acceptance" name="invalid-query" time="0.020699" /><testcase classname="Inventory API acceptance" name="missing-order-product" time="0.036141" /><testcase classname="Inventory API acceptance" name="order-idempotency" time="0.084820" /><testcase classname="Inventory API acceptance" name="product-details" time="0.042339"><failure message="test/get a product: response body: schema violation (type)">test/get a product: response body: schema violation (type)</failure></testcase><testcase classname="Inventory API acceptance" name="product-not-found" time="0.050973" /></testsuite>
