<testsuite name="Inventory API throughput benchmark" tests="240" failures="0" errors="0" time="3.580043"><properties><property name="run_id" value="e235a6365bed47c791a2988305ef50d8" /><property name="mode" value="distributed" /><property name="expected" value="240" /><property name="infrastructure_error" value="" /></properties><testcase classname="Inventory API throughput benchmark" name="catalog-000" time="0.066010" /><testcase classname="Inventory API throughput benchmark" name="catalog-001" time="0.064758" /><testcase classname="Inventory API throughput benchmark" name="catalog-002" time="0.108567" /><testcase classname="Inventory API throughput benchmark" name="catalog-003" time="0.093408" /><testcase classname="Inventory API throughput benchmark" name="catalog-004" time="0.124635" /><testcase classname="Inventory API throughput benchmark" name="catalog-005" time="0.121810" /><testcase classname="Inventory API throughput benchmark" name="catalog-006" time="0.089172" /><testcase classname="Inventory API throughput benchmark" name="catalog-007" time="0.110189" /><testcase classname="Inventory API throughput benchmark" name="catalog-008" time="0.093302" /><testcase classname="Inventory API throughput benchmark" name="catalog-009" time="0.098768" /><testcase classname="Inventory API throughput benchmark" name="catalog-010" time="0.072459" /><testcase classname="Inventory API throughput benchmark" name="catalog-011" time="0.059347" /><testcase classname="Inventory API throughput benchmark" name="catalog-012" time="0.090267" /><testcase classname="Inventory API throughput benchmark" name="catalog-013" time="0.091558" /><testcase classname="Inventory API throughput benchmark" name="catalog-014" time="0.083527" /><testcase classname="Inventory API throughput benchmark" name="catalog-015" time="0.119973" /><testcase classname="Inventory API throughput benchmark" name="catalog-016" time="0.101070" /><testcase classname="Inventory API throughput benchmark" name="catalog-017" time="0.107881" /><testcase classname="Inventory API throughput benchmark" name="catalog-018" time="0.124423" /><testcase classname="Inventory API throughput benchmark" name="catalog-019" time="0.122503" /><testcase classname="Inventory API throughput benchmark" name="catalog-020" time="0.045252" /><testcase classname="Inventory API throughput benchmark" name="catalog-021" time="0.067527" /><testcase classname="Inventory API throughput benchmark" name="catalog-022" time="0.049868" /><testcase classname="Inventory API throughput benchmark" name="catalog-023" time="0.041842" /><testcase classname="Inventory API throughput benchmark" name="catalog-024" time="0.097453" /><testcase classname="Inventory API throughput benchmark" name="catalog-025" time="0.084321" /><testcase classname="Inventory API throughput benchmark" name="catalog-026" time="0.084014" /><testcase classname="Inventory API throughput benchmark" name="catalog-027" time="0.036691" /><testcase classname="Inventory API throughput benchmark" name="catalog-028" time="0.044881" /><testcase classname="Inventory API throughput benchmark" name="catalog-029" time="0.064872" /><testcase classname="Inventory API throughput benchmark" name="catalog-030" time="0.043950" /><testcase classname="Inventory API throughput benchmark" name="catalog-031" time="0.053334" /><testcase classname="Inventory API throughput benchmark" name="catalog-032" time="0.055647" /><testcase classname="Inventory API throughput benchmark" name="catalog-033" time="0.055993" /><testcase classname="Inventory API throughput benchmark" name="catalog-034" time="0.046088" /><testcase classname="Inventory API throughput benchmark" name="catalog-035" time="0.111937" /><testcase classname="Inventory API throughput benchmark" name="catalog-036" time="0.067612" /><testcase classname="Inventory API throughput benchmark" name="catalog-037" time="0.048874" /><testcase classname="Inventory API throughput benchmark" name="catalog-038" time="0.038028" /><testcase classname="Inventory API throughput benchmark" name="catalog-039" time="0.082160" /><testcase classname="Inventory API throughput benchmark" name="catalog-040" time="0.061634" /><testcase classname="Inventory API throughput benchmark" name="catalog-041" time="0.053398" /><testcase classname="Inventory API throughput benchmark" name="catalog-042" time="0.038710" /><testcase classname="Inventory API throughput benchmark" name="catalog-043" time="0.088771" /><testcase classname="Inventory API throughput benchmark" name="catalog-044" time="0.088632" /><testcase classname="Inventory API throughput benchmark" name="catalog-045" time="0.043334" /><testcase classname="Inventory API throughput benchmark" name="catalog-046" time="0.043866" /><testcase classname="Inventory API throughput benchmark" name="catalog-047" time="0.052529" /><testcase classname="Inventory API throughput benchmark" name="catalog-048" time="0.061632" /><testcase classname="Inventory API throughput benchmark" name="catalog-049" time="0.043122" /><testcase classname="Inventory API throughput benchmark" name="catalog-050" time="0.044179" /><testcase classname="Inventory API throughput benchmark" name="catalog-051" time="0.036520" /><testcase classname="Inventory API throughput benchmark" name="catalog-052" time="0.049859" /><testcase classname="Inventory API throughput benchmark" name="catalog-053" time="0.081945" /><testcase classname="Inventory API throughput benchmark" name="catalog-054" time="0.051529" /><testcase classname="Inventory API throughput benchmark" name="catalog-055" time="0.095848" /><testcase classname="Inventory API throughput benchmark" name="catalog-056" time="0.052767" /><testcase classname="Inventory API throughput benchmark" name="catalog-057" time="0.087004" /><testcase classname="Inventory API throughput benchmark" name="catalog-058" time="0.093078" /><testcase classname="Inventory API throughput benchmark" name="catalog-059" time="0.076596" /><testcase classname="Inventory API throughput benchmark" name="catalog-060" time="0.076945" /><testcase classname="Inventory API throughput benchmark" name="catalog-061" time="0.080588" /><testcase classname="Inventory API throughput benchmark" name="catalog-062" time="0.067711" /><testcase classname="Inventory API throughput benchmark" name="catalog-063" time="0.157361" /><testcase classname="Inventory API throughput benchmark" name="catalog-064" time="0.070911" /><testcase classname="Inventory API throughput benchmark" name="catalog-065" time="0.052142" /><testcase classname="Inventory API throughput benchmark" name="catalog-066" time="0.089637" /><testcase classname="Inventory API throughput benchmark" name="catalog-067" time="0.115417" /><testcase classname="Inventory API throughput benchmark" name="catalog-068" time="0.031578" /><testcase classname="Inventory API throughput benchmark" name="catalog-069" time="0.031884" /><testcase classname="Inventory API throughput benchmark" name="catalog-070" time="0.082903" /><testcase classname="Inventory API throughput benchmark" name="catalog-071" time="0.072963" /><testcase classname="Inventory API throughput benchmark" name="catalog-072" time="0.046020" /><testcase classname="Inventory API throughput benchmark" name="catalog-073" time="0.087643" /><testcase classname="Inventory API throughput benchmark" name="catalog-074" time="0.080101" /><testcase classname="Inventory API throughput benchmark" name="catalog-075" time="0.064273" /><testcase classname="Inventory API throughput benchmark" name="catalog-076" time="0.060950" /><testcase classname="Inventory API throughput benchmark" name="catalog-077" time="0.063915" /><testcase classname="Inventory API throughput benchmark" name="catalog-078" time="0.064261" /><testcase classname="Inventory API throughput benchmark" name="catalog-079" time="0.066828" /><testcase classname="Inventory API throughput benchmark" name="catalog-080" time="0.078912" /><testcase classname="Inventory API throughput benchmark" name="catalog-081" time="0.039414" /><testcase classname="Inventory API throughput benchmark" name="catalog-082" time="0.049673" /><testcase classname="Inventory API throughput benchmark" name="catalog-083" time="0.058084" /><testcase classname="Inventory API throughput benchmark" name="catalog-084" time="0.067417" /><testcase classname="Inventory API throughput benchmark" name="catalog-085" time="0.063458" /><testcase classname="Inventory API throughput benchmark" name="catalog-086" time="0.074047" /><testcase classname="Inventory API throughput benchmark" name="catalog-087" time="0.085255" /><testcase classname="Inventory API throughput benchmark" name="catalog-088" time="0.050541" /><testcase classname="Inventory API throughput benchmark" name="catalog-089" time="0.050849" /><testcase classname="Inventory API throughput benchmark" name="catalog-090" time="0.042203" /><testcase classname="Inventory API throughput benchmark" name="catalog-091" time="0.050449" /><testcase classname="Inventory API throughput benchmark" name="catalog-092" time="0.050031" /><testcase classname="Inventory API throughput benchmark" name="catalog-093" time="0.068615" /><testcase classname="Inventory API throughput benchmark" name="catalog-094" time="0.049949" /><testcase classname="Inventory API throughput benchmark" name="catalog-095" time="0.057059" /><testcase classname="Inventory API throughput benchmark" name="catalog-096" time="0.031580" /><testcase classname="Inventory API throughput benchmark" name="catalog-097" time="0.059060" /><testcase classname="Inventory API throughput benchmark" name="catalog-098" time="0.029805" /><testcase classname="Inventory API throughput benchmark" name="catalog-099" time="0.087506" /><testcase classname="Inventory API throughput benchmark" name="catalog-100" time="0.043223" /><testcase classname="Inventory API throughput benchmark" name="catalog-101" time="0.088217" /><testcase classname="Inventory API throughput benchmark" name="catalog-102" time="0.055966" /><testcase classname="Inventory API throughput benchmark" name="catalog-103" time="0.068583" /><testcase classname="Inventory API throughput benchmark" name="catalog-104" time="0.084339" /><testcase classname="Inventory API throughput benchmark" name="catalog-105" time="0.079569" /><testcase classname="Inventory API throughput benchmark" name="catalog-106" time="0.063531" /><testcase classname="Inventory API throughput benchmark" name="catalog-107" time="0.084647" /><testcase classname="Inventory API throughput benchmark" name="catalog-108" time="0.040494" /><testcase classname="Inventory API throughput benchmark" name="catalog-109" time="0.088961" /><testcase classname="Inventory API throughput benchmark" name="catalog-110" time="0.094933" /><testcase classname="Inventory API throughput benchmark" name="catalog-111" time="0.076734" /><testcase classname="Inventory API throughput benchmark" name="catalog-112" time="0.089089" /><testcase classname="Inventory API throughput benchmark" name="catalog-113" time="0.072470" /><testcase classname="Inventory API throughput benchmark" name="catalog-114" time="0.074664" /><testcase classname="Inventory API throughput benchmark" name="catalog-115" time="0.068047" /><testcase classname="Inventory API throughput benchmark" name="catalog-116" time="0.269462" /><testcase classname="Inventory API throughput benchmark" name="catalog-117" time="0.154827" /><testcase classname="Inventory API throughput benchmark" name="catalog-118" time="0.236485" /><testcase classname="Inventory API throughput benchmark" name="catalog-119" time="0.132174" /><testcase classname="Inventory API throughput benchmark" name="catalog-120" time="0.105179" /><testcase classname="Inventory API throughput benchmark" name="catalog-121" time="0.123711" /><testcase classname="Inventory API throughput benchmark" name="catalog-122" time="0.127236" /><testcase classname="Inventory API throughput benchmark" name="catalog-123" time="0.205737" /><testcase classname="Inventory API throughput benchmark" name="catalog-124" time="0.144427" /><testcase classname="Inventory API throughput benchmark" name="catalog-125" time="0.181506" /><testcase classname="Inventory API throughput benchmark" name="catalog-126" time="0.174135" /><testcase classname="Inventory API throughput benchmark" name="catalog-127" time="0.183756" /><testcase classname="Inventory API throughput benchmark" name="catalog-128" time="0.162879" /><testcase classname="Inventory API throughput benchmark" name="catalog-129" time="0.124265" /><testcase classname="Inventory API throughput benchmark" name="catalog-130" time="0.110583" /><testcase classname="Inventory API throughput benchmark" name="catalog-131" time="0.139301" /><testcase classname="Inventory API throughput benchmark" name="catalog-132" time="0.143887" /><testcase classname="Inventory API throughput benchmark" name="catalog-133" time="0.114877" /><testcase classname="Inventory API throughput benchmark" name="catalog-134" time="0.147539" /><testcase classname="Inventory API throughput benchmark" name="catalog-135" time="0.095930" /><testcase classname="Inventory API throughput benchmark" name="catalog-136" time="0.107723" /><testcase classname="Inventory API throughput benchmark" name="catalog-137" time="0.109302" /><testcase classname="Inventory API throughput benchmark" name="catalog-138" time="0.102696" /><testcase classname="Inventory API throughput benchmark" name="catalog-139" time="0.038144" /><testcase classname="Inventory API throughput benchmark" name="catalog-140" time="0.092431" /><testcase classname="Inventory API throughput benchmark" name="catalog-141" time="0.048910" /><testcase classname="Inventory API throughput benchmark" name="catalog-142" time="0.095968" /><testcase classname="Inventory API throughput benchmark" name="catalog-143" time="0.069656" /><testcase classname="Inventory API throughput benchmark" name="catalog-144" time="0.062120" /><testcase classname="Inventory API throughput benchmark" name="catalog-145" time="0.081070" /><testcase classname="Inventory API throughput benchmark" name="catalog-146" time="0.077583" /><testcase classname="Inventory API throughput benchmark" name="catalog-147" time="0.075973" /><testcase classname="Inventory API throughput benchmark" name="catalog-148" time="0.066462" /><testcase classname="Inventory API throughput benchmark" name="catalog-149" time="0.075842" /><testcase classname="Inventory API throughput benchmark" name="catalog-150" time="0.059954" /><testcase classname="Inventory API throughput benchmark" name="catalog-151" time="0.046098" /><testcase classname="Inventory API throughput benchmark" name="catalog-152" time="0.059654" /><testcase classname="Inventory API throughput benchmark" name="catalog-153" time="0.066549" /><testcase classname="Inventory API throughput benchmark" name="catalog-154" time="0.095946" /><testcase classname="Inventory API throughput benchmark" name="catalog-155" time="0.058656" /><testcase classname="Inventory API throughput benchmark" name="catalog-156" time="0.118074" /><testcase classname="Inventory API throughput benchmark" name="catalog-157" time="0.086839" /><testcase classname="Inventory API throughput benchmark" name="catalog-158" time="0.071038" /><testcase classname="Inventory API throughput benchmark" name="catalog-159" time="0.055149" /><testcase classname="Inventory API throughput benchmark" name="catalog-160" time="0.072946" /><testcase classname="Inventory API throughput benchmark" name="catalog-161" time="0.081306" /><testcase classname="Inventory API throughput benchmark" name="catalog-162" time="0.098149" /><testcase classname="Inventory API throughput benchmark" name="catalog-163" time="0.055613" /><testcase classname="Inventory API throughput benchmark" name="catalog-164" time="0.070818" /><testcase classname="Inventory API throughput benchmark" name="catalog-165" time="0.066105" /><testcase classname="Inventory API throughput benchmark" name="catalog-166" time="0.064364" /><testcase classname="Inventory API throughput benchmark" name="catalog-167" time="0.051912" /><testcase classname="Inventory API throughput benchmark" name="catalog-168" time="0.056577" /><testcase classname="Inventory API throughput benchmark" name="catalog-169" time="0.046369" /><testcase classname="Inventory API throughput benchmark" name="catalog-170" time="0.056933" /><testcase classname="Inventory API throughput benchmark" name="catalog-171" time="0.040964" /><testcase classname="Inventory API throughput benchmark" name="catalog-172" time="0.057765" /><testcase classname="Inventory API throughput benchmark" name="catalog-173" time="0.049592" /><testcase classname="Inventory API throughput benchmark" name="catalog-174" time="0.039381" /><testcase classname="Inventory API throughput benchmark" name="catalog-175" time="0.077406" /><testcase classname="Inventory API throughput benchmark" name="catalog-176" time="0.054225" /><testcase classname="Inventory API throughput benchmark" name="catalog-177" time="0.050577" /><testcase classname="Inventory API throughput benchmark" name="catalog-178" time="0.043628" /><testcase classname="Inventory API throughput benchmark" name="catalog-179" time="0.071525" /><testcase classname="Inventory API throughput benchmark" name="catalog-180" time="0.033655" /><testcase classname="Inventory API throughput benchmark" name="catalog-181" time="0.065053" /><testcase classname="Inventory API throughput benchmark" name="catalog-182" time="0.055270" /><testcase classname="Inventory API throughput benchmark" name="catalog-183" time="0.046501" /><testcase classname="Inventory API throughput benchmark" name="catalog-184" time="0.037061" /><testcase classname="Inventory API throughput benchmark" name="catalog-185" time="0.035005" /><testcase classname="Inventory API throughput benchmark" name="catalog-186" time="0.059319" /><testcase classname="Inventory API throughput benchmark" name="catalog-187" time="0.047787" /><testcase classname="Inventory API throughput benchmark" name="catalog-188" time="0.045477" /><testcase classname="Inventory API throughput benchmark" name="catalog-189" time="0.051065" /><testcase classname="Inventory API throughput benchmark" name="catalog-190" time="0.068215" /><testcase classname="Inventory API throughput benchmark" name="catalog-191" time="0.084314" /><testcase classname="Inventory API throughput benchmark" name="catalog-192" time="0.068963" /><testcase classname="Inventory API throughput benchmark" name="catalog-193" time="0.067865" /><testcase classname="Inventory API throughput benchmark" name="catalog-194" time="0.052117" /><testcase classname="Inventory API throughput benchmark" name="catalog-195" time="0.102099" /><testcase classname="Inventory API throughput benchmark" name="catalog-196" time="0.080017" /><testcase classname="Inventory API throughput benchmark" name="catalog-197" time="0.051649" /><testcase classname="Inventory API throughput benchmark" name="catalog-198" time="0.096760" /><testcase classname="Inventory API throughput benchmark" name="catalog-199" time="0.077242" /><testcase classname="Inventory API throughput benchmark" name="catalog-200" time="0.047360" /><testcase classname="Inventory API throughput benchmark" name="catalog-201" time="0.079925" /><testcase classname="Inventory API throughput benchmark" name="catalog-202" time="0.073446" /><testcase classname="Inventory API throughput benchmark" name="catalog-203" time="0.085105" /><testcase classname="Inventory API throughput benchmark" name="catalog-204" time="0.058765" /><testcase classname="Inventory API throughput benchmark" name="catalog-205" time="0.055184" /><testcase classname="Inventory API throughput benchmark" name="catalog-206" time="0.078058" /><testcase classname="Inventory API throughput benchmark" name="catalog-207" time="0.034020" /><testcase classname="Inventory API throughput benchmark" name="catalog-208" time="0.041263" /><testcase classname="Inventory API throughput benchmark" name="catalog-209" time="0.046080" /><testcase classname="Inventory API throughput benchmark" name="catalog-210" time="0.079305" /><testcase classname="Inventory API throughput benchmark" name="catalog-211" time="0.033106" /><testcase classname="Inventory API throughput benchmark" name="catalog-212" time="0.079887" /><testcase classname="Inventory API throughput benchmark" name="catalog-213" time="0.055063" /><testcase classname="Inventory API throughput benchmark" name="catalog-214" time="0.053891" /><testcase classname="Inventory API throughput benchmark" name="catalog-215" time="0.062277" /><testcase classname="Inventory API throughput benchmark" name="catalog-216" time="0.032621" /><testcase classname="Inventory API throughput benchmark" name="catalog-217" time="0.080505" /><testcase classname="Inventory API throughput benchmark" name="catalog-218" time="0.089074" /><testcase classname="Inventory API throughput benchmark" name="catalog-219" time="0.181834" /><testcase classname="Inventory API throughput benchmark" name="catalog-220" time="0.179952" /><testcase classname="Inventory API throughput benchmark" name="catalog-221" time="0.148950" /><testcase classname="Inventory API throughput benchmark" name="catalog-222" time="0.035608" /><testcase classname="Inventory API throughput benchmark" name="catalog-223" time="0.169633" /><testcase classname="Inventory API throughput benchmark" name="catalog-224" time="0.136418" /><testcase classname="Inventory API throughput benchmark" name="catalog-225" time="0.127318" /><testcase classname="Inventory API throughput benchmark" name="catalog-226" time="0.129765" /><testcase classname="Inventory API throughput benchmark" name="catalog-227" time="0.149537" /><testcase classname="Inventory API throughput benchmark" name="catalog-228" time="0.094080" /><testcase classname="Inventory API throughput benchmark" name="catalog-229" time="0.142666" /><testcase classname="Inventory API throughput benchmark" name="catalog-230" time="0.142027" /><testcase classname="Inventory API throughput benchmark" name="catalog-231" time="0.133300" /><testcase classname="Inventory API throughput benchmark" name="catalog-232" time="0.136027" /><testcase classname="Inventory API throughput benchmark" name="catalog-233" time="0.138745" /><testcase classname="Inventory API throughput benchmark" name="catalog-234" time="0.130513" /><testcase classname="Inventory API throughput benchmark" name="catalog-235" time="0.125319" /><testcase classname="Inventory API throughput benchmark" name="catalog-236" time="0.077283" /><testcase classname="Inventory API throughput benchmark" name="catalog-237" time="0.032824" /><testcase classname="Inventory API throughput benchmark" name="catalog-238" time="0.035758" /><testcase classname="Inventory API throughput benchmark" name="catalog-239" time="0.032398" /></testsuite>
