<testsuite name="Inventory API throughput benchmark" tests="240" failures="0" errors="0" time="3.179663"><properties><property name="run_id" value="641823a3aeee44598d90713c1dfbd2fd" /><property name="mode" value="distributed" /><property name="expected" value="240" /><property name="infrastructure_error" value="" /></properties><testcase classname="Inventory API throughput benchmark" name="catalog-000" time="0.047516" /><testcase classname="Inventory API throughput benchmark" name="catalog-001" time="0.077061" /><testcase classname="Inventory API throughput benchmark" name="catalog-002" time="0.057683" /><testcase classname="Inventory API throughput benchmark" name="catalog-003" time="0.056962" /><testcase classname="Inventory API throughput benchmark" name="catalog-004" time="0.044277" /><testcase classname="Inventory API throughput benchmark" name="catalog-005" time="0.049848" /><testcase classname="Inventory API throughput benchmark" name="catalog-006" time="0.050065" /><testcase classname="Inventory API throughput benchmark" name="catalog-007" time="0.059611" /><testcase classname="Inventory API throughput benchmark" name="catalog-008" time="0.076798" /><testcase classname="Inventory API throughput benchmark" name="catalog-009" time="0.060801" /><testcase classname="Inventory API throughput benchmark" name="catalog-010" time="0.067916" /><testcase classname="Inventory API throughput benchmark" name="catalog-011" time="0.072786" /><testcase classname="Inventory API throughput benchmark" name="catalog-012" time="0.042562" /><testcase classname="Inventory API throughput benchmark" name="catalog-013" time="0.044132" /><testcase classname="Inventory API throughput benchmark" name="catalog-014" time="0.040477" /><testcase classname="Inventory API throughput benchmark" name="catalog-015" time="0.035027" /><testcase classname="Inventory API throughput benchmark" name="catalog-016" time="0.035479" /><testcase classname="Inventory API throughput benchmark" name="catalog-017" time="0.034790" /><testcase classname="Inventory API throughput benchmark" name="catalog-018" time="0.036085" /><testcase classname="Inventory API throughput benchmark" name="catalog-019" time="0.036987" /><testcase classname="Inventory API throughput benchmark" name="catalog-020" time="0.035353" /><testcase classname="Inventory API throughput benchmark" name="catalog-021" time="0.047354" /><testcase classname="Inventory API throughput benchmark" name="catalog-022" time="0.040510" /><testcase classname="Inventory API throughput benchmark" name="catalog-023" time="0.045728" /><testcase classname="Inventory API throughput benchmark" name="catalog-024" time="0.059770" /><testcase classname="Inventory API throughput benchmark" name="catalog-025" time="0.051500" /><testcase classname="Inventory API throughput benchmark" name="catalog-026" time="0.039918" /><testcase classname="Inventory API throughput benchmark" name="catalog-027" time="0.039825" /><testcase classname="Inventory API throughput benchmark" name="catalog-028" time="0.065297" /><testcase classname="Inventory API throughput benchmark" name="catalog-029" time="0.047162" /><testcase classname="Inventory API throughput benchmark" name="catalog-030" time="0.065486" /><testcase classname="Inventory API throughput benchmark" name="catalog-031" time="0.043558" /><testcase classname="Inventory API throughput benchmark" name="catalog-032" time="0.052188" /><testcase classname="Inventory API throughput benchmark" name="catalog-033" time="0.069282" /><testcase classname="Inventory API throughput benchmark" name="catalog-034" time="0.034132" /><testcase classname="Inventory API throughput benchmark" name="catalog-035" time="0.035585" /><testcase classname="Inventory API throughput benchmark" name="catalog-036" time="0.036495" /><testcase classname="Inventory API throughput benchmark" name="catalog-037" time="0.038339" /><testcase classname="Inventory API throughput benchmark" name="catalog-038" time="0.055749" /><testcase classname="Inventory API throughput benchmark" name="catalog-039" time="0.042858" /><testcase classname="Inventory API throughput benchmark" name="catalog-040" time="0.029718" /><testcase classname="Inventory API throughput benchmark" name="catalog-041" time="0.062443" /><testcase classname="Inventory API throughput benchmark" name="catalog-042" time="0.036726" /><testcase classname="Inventory API throughput benchmark" name="catalog-043" time="0.039792" /><testcase classname="Inventory API throughput benchmark" name="catalog-044" time="0.034545" /><testcase classname="Inventory API throughput benchmark" name="catalog-045" time="0.039976" /><testcase classname="Inventory API throughput benchmark" name="catalog-046" time="0.031318" /><testcase classname="Inventory API throughput benchmark" name="catalog-047" time="0.036020" /><testcase classname="Inventory API throughput benchmark" name="catalog-048" time="0.039231" /><testcase classname="Inventory API throughput benchmark" name="catalog-049" time="0.051904" /><testcase classname="Inventory API throughput benchmark" name="catalog-050" time="0.048650" /><testcase classname="Inventory API throughput benchmark" name="catalog-051" time="0.134311" /><testcase classname="Inventory API throughput benchmark" name="catalog-052" time="0.042908" /><testcase classname="Inventory API throughput benchmark" name="catalog-053" time="0.102890" /><testcase classname="Inventory API throughput benchmark" name="catalog-054" time="0.102422" /><testcase classname="Inventory API throughput benchmark" name="catalog-055" time="0.103278" /><testcase classname="Inventory API throughput benchmark" name="catalog-056" time="0.083054" /><testcase classname="Inventory API throughput benchmark" name="catalog-057" time="0.087774" /><testcase classname="Inventory API throughput benchmark" name="catalog-058" time="0.090786" /><testcase classname="Inventory API throughput benchmark" name="catalog-059" time="0.116858" /><testcase classname="Inventory API throughput benchmark" name="catalog-060" time="0.046205" /><testcase classname="Inventory API throughput benchmark" name="catalog-061" time="0.039504" /><testcase classname="Inventory API throughput benchmark" name="catalog-062" time="0.043323" /><testcase classname="Inventory API throughput benchmark" name="catalog-063" time="0.108507" /><testcase classname="Inventory API throughput benchmark" name="catalog-064" time="0.117280" /><testcase classname="Inventory API throughput benchmark" name="catalog-065" time="0.067185" /><testcase classname="Inventory API throughput benchmark" name="catalog-066" time="0.073440" /><testcase classname="Inventory API throughput benchmark" name="catalog-067" time="0.093331" /><testcase classname="Inventory API throughput benchmark" name="catalog-068" time="0.142389" /><testcase classname="Inventory API throughput benchmark" name="catalog-069" time="0.118332" /><testcase classname="Inventory API throughput benchmark" name="catalog-070" time="0.117122" /><testcase classname="Inventory API throughput benchmark" name="catalog-071" time="0.106246" /><testcase classname="Inventory API throughput benchmark" name="catalog-072" time="0.098312" /><testcase classname="Inventory API throughput benchmark" name="catalog-073" time="0.091851" /><testcase classname="Inventory API throughput benchmark" name="catalog-074" time="0.066484" /><testcase classname="Inventory API throughput benchmark" name="catalog-075" time="0.064321" /><testcase classname="Inventory API throughput benchmark" name="catalog-076" time="0.065117" /><testcase classname="Inventory API throughput benchmark" name="catalog-077" time="0.056858" /><testcase classname="Inventory API throughput benchmark" name="catalog-078" time="0.049053" /><testcase classname="Inventory API throughput benchmark" name="catalog-079" time="0.046646" /><testcase classname="Inventory API throughput benchmark" name="catalog-080" time="0.056154" /><testcase classname="Inventory API throughput benchmark" name="catalog-081" time="0.058886" /><testcase classname="Inventory API throughput benchmark" name="catalog-082" time="0.050248" /><testcase classname="Inventory API throughput benchmark" name="catalog-083" time="0.045109" /><testcase classname="Inventory API throughput benchmark" name="catalog-084" time="0.043515" /><testcase classname="Inventory API throughput benchmark" name="catalog-085" time="0.051813" /><testcase classname="Inventory API throughput benchmark" name="catalog-086" time="0.067919" /><testcase classname="Inventory API throughput benchmark" name="catalog-087" time="0.081834" /><testcase classname="Inventory API throughput benchmark" name="catalog-088" time="0.052402" /><testcase classname="Inventory API throughput benchmark" name="catalog-089" time="0.044029" /><testcase classname="Inventory API throughput benchmark" name="catalog-090" time="0.050415" /><testcase classname="Inventory API throughput benchmark" name="catalog-091" time="0.057856" /><testcase classname="Inventory API throughput benchmark" name="catalog-092" time="0.047465" /><testcase classname="Inventory API throughput benchmark" name="catalog-093" time="0.050397" /><testcase classname="Inventory API throughput benchmark" name="catalog-094" time="0.042409" /><testcase classname="Inventory API throughput benchmark" name="catalog-095" time="0.042229" /><testcase classname="Inventory API throughput benchmark" name="catalog-096" time="0.043972" /><testcase classname="Inventory API throughput benchmark" name="catalog-097" time="0.051892" /><testcase classname="Inventory API throughput benchmark" name="catalog-098" time="0.047981" /><testcase classname="Inventory API throughput benchmark" name="catalog-099" time="0.046857" /><testcase classname="Inventory API throughput benchmark" name="catalog-100" time="0.050852" /><testcase classname="Inventory API throughput benchmark" name="catalog-101" time="0.057184" /><testcase classname="Inventory API throughput benchmark" name="catalog-102" time="0.039432" /><testcase classname="Inventory API throughput benchmark" name="catalog-103" time="0.042727" /><testcase classname="Inventory API throughput benchmark" name="catalog-104" time="0.046291" /><testcase classname="Inventory API throughput benchmark" name="catalog-105" time="0.046353" /><testcase classname="Inventory API throughput benchmark" name="catalog-106" time="0.047170" /><testcase classname="Inventory API throughput benchmark" name="catalog-107" time="0.044432" /><testcase classname="Inventory API throughput benchmark" name="catalog-108" time="0.038350" /><testcase classname="Inventory API throughput benchmark" name="catalog-109" time="0.045554" /><testcase classname="Inventory API throughput benchmark" name="catalog-110" time="0.045961" /><testcase classname="Inventory API throughput benchmark" name="catalog-111" time="0.048401" /><testcase classname="Inventory API throughput benchmark" name="catalog-112" time="0.039269" /><testcase classname="Inventory API throughput benchmark" name="catalog-113" time="0.043822" /><testcase classname="Inventory API throughput benchmark" name="catalog-114" time="0.044800" /><testcase classname="Inventory API throughput benchmark" name="catalog-115" time="0.036237" /><testcase classname="Inventory API throughput benchmark" name="catalog-116" time="0.032555" /><testcase classname="Inventory API throughput benchmark" name="catalog-117" time="0.039821" /><testcase classname="Inventory API throughput benchmark" name="catalog-118" time="0.036618" /><testcase classname="Inventory API throughput benchmark" name="catalog-119" time="0.033430" /><testcase classname="Inventory API throughput benchmark" name="catalog-120" time="0.039852" /><testcase classname="Inventory API throughput benchmark" name="catalog-121" time="0.039023" /><testcase classname="Inventory API throughput benchmark" name="catalog-122" time="0.058592" /><testcase classname="Inventory API throughput benchmark" name="catalog-123" time="0.039370" /><testcase classname="Inventory API throughput benchmark" name="catalog-124" time="0.061815" /><testcase classname="Inventory API throughput benchmark" name="catalog-125" time="0.065139" /><testcase classname="Inventory API throughput benchmark" name="catalog-126" time="0.074116" /><testcase classname="Inventory API throughput benchmark" name="catalog-127" time="0.074703" /><testcase classname="Inventory API throughput benchmark" name="catalog-128" time="0.055192" /><testcase classname="Inventory API throughput benchmark" name="catalog-129" time="0.056314" /><testcase classname="Inventory API throughput benchmark" name="catalog-130" time="0.077042" /><testcase classname="Inventory API throughput benchmark" name="catalog-131" time="0.069580" /><testcase classname="Inventory API throughput benchmark" name="catalog-132" time="0.107804" /><testcase classname="Inventory API throughput benchmark" name="catalog-133" time="0.044164" /><testcase classname="Inventory API throughput benchmark" name="catalog-134" time="0.090212" /><testcase classname="Inventory API throughput benchmark" name="catalog-135" time="0.052575" /><testcase classname="Inventory API throughput benchmark" name="catalog-136" time="0.119067" /><testcase classname="Inventory API throughput benchmark" name="catalog-137" time="0.105205" /><testcase classname="Inventory API throughput benchmark" name="catalog-138" time="0.045607" /><testcase classname="Inventory API throughput benchmark" name="catalog-139" time="0.048430" /><testcase classname="Inventory API throughput benchmark" name="catalog-140" time="0.036657" /><testcase classname="Inventory API throughput benchmark" name="catalog-141" time="0.063707" /><testcase classname="Inventory API throughput benchmark" name="catalog-142" time="0.076215" /><testcase classname="Inventory API throughput benchmark" name="catalog-143" time="0.065208" /><testcase classname="Inventory API throughput benchmark" name="catalog-144" time="0.110417" /><testcase classname="Inventory API throughput benchmark" name="catalog-145" time="0.071736" /><testcase classname="Inventory API throughput benchmark" name="catalog-146" time="0.067557" /><testcase classname="Inventory API throughput benchmark" name="catalog-147" time="0.093231" /><testcase classname="Inventory API throughput benchmark" name="catalog-148" time="0.039780" /><testcase classname="Inventory API throughput benchmark" name="catalog-149" time="0.042677" /><testcase classname="Inventory API throughput benchmark" name="catalog-150" time="0.061439" /><testcase classname="Inventory API throughput benchmark" name="catalog-151" time="0.082365" /><testcase classname="Inventory API throughput benchmark" name="catalog-152" time="0.045862" /><testcase classname="Inventory API throughput benchmark" name="catalog-153" time="0.048967" /><testcase classname="Inventory API throughput benchmark" name="catalog-154" time="0.043360" /><testcase classname="Inventory API throughput benchmark" name="catalog-155" time="0.048581" /><testcase classname="Inventory API throughput benchmark" name="catalog-156" time="0.032537" /><testcase classname="Inventory API throughput benchmark" name="catalog-157" time="0.032499" /><testcase classname="Inventory API throughput benchmark" name="catalog-158" time="0.029854" /><testcase classname="Inventory API throughput benchmark" name="catalog-159" time="0.040898" /><testcase classname="Inventory API throughput benchmark" name="catalog-160" time="0.035977" /><testcase classname="Inventory API throughput benchmark" name="catalog-161" time="0.060145" /><testcase classname="Inventory API throughput benchmark" name="catalog-162" time="0.047162" /><testcase classname="Inventory API throughput benchmark" name="catalog-163" time="0.036716" /><testcase classname="Inventory API throughput benchmark" name="catalog-164" time="0.038988" /><testcase classname="Inventory API throughput benchmark" name="catalog-165" time="0.041603" /><testcase classname="Inventory API throughput benchmark" name="catalog-166" time="0.049445" /><testcase classname="Inventory API throughput benchmark" name="catalog-167" time="0.060280" /><testcase classname="Inventory API throughput benchmark" name="catalog-168" time="0.041735" /><testcase classname="Inventory API throughput benchmark" name="catalog-169" time="0.035123" /><testcase classname="Inventory API throughput benchmark" name="catalog-170" time="0.041238" /><testcase classname="Inventory API throughput benchmark" name="catalog-171" time="0.035602" /><testcase classname="Inventory API throughput benchmark" name="catalog-172" time="0.040564" /><testcase classname="Inventory API throughput benchmark" name="catalog-173" time="0.060997" /><testcase classname="Inventory API throughput benchmark" name="catalog-174" time="0.032211" /><testcase classname="Inventory API throughput benchmark" name="catalog-175" time="0.032105" /><testcase classname="Inventory API throughput benchmark" name="catalog-176" time="0.030426" /><testcase classname="Inventory API throughput benchmark" name="catalog-177" time="0.048778" /><testcase classname="Inventory API throughput benchmark" name="catalog-178" time="0.029362" /><testcase classname="Inventory API throughput benchmark" name="catalog-179" time="0.033604" /><testcase classname="Inventory API throughput benchmark" name="catalog-180" time="0.054367" /><testcase classname="Inventory API throughput benchmark" name="catalog-181" time="0.028361" /><testcase classname="Inventory API throughput benchmark" name="catalog-182" time="0.030491" /><testcase classname="Inventory API throughput benchmark" name="catalog-183" time="0.034935" /><testcase classname="Inventory API throughput benchmark" name="catalog-184" time="0.061241" /><testcase classname="Inventory API throughput benchmark" name="catalog-185" time="0.035473" /><testcase classname="Inventory API throughput benchmark" name="catalog-186" time="0.093679" /><testcase classname="Inventory API throughput benchmark" name="catalog-187" time="0.032228" /><testcase classname="Inventory API throughput benchmark" name="catalog-188" time="0.034152" /><testcase classname="Inventory API throughput benchmark" name="catalog-189" time="0.076996" /><testcase classname="Inventory API throughput benchmark" name="catalog-190" time="0.074677" /><testcase classname="Inventory API throughput benchmark" name="catalog-191" time="0.037983" /><testcase classname="Inventory API throughput benchmark" name="catalog-192" time="0.037758" /><testcase classname="Inventory API throughput benchmark" name="catalog-193" time="0.049226" /><testcase classname="Inventory API throughput benchmark" name="catalog-194" time="0.040553" /><testcase classname="Inventory API throughput benchmark" name="catalog-195" time="0.060538" /><testcase classname="Inventory API throughput benchmark" name="catalog-196" time="0.032837" /><testcase classname="Inventory API throughput benchmark" name="catalog-197" time="0.036659" /><testcase classname="Inventory API throughput benchmark" name="catalog-198" time="0.036987" /><testcase classname="Inventory API throughput benchmark" name="catalog-199" time="0.039891" /><testcase classname="Inventory API throughput benchmark" name="catalog-200" time="0.093863" /><testcase classname="Inventory API throughput benchmark" name="catalog-201" time="0.054131" /><testcase classname="Inventory API throughput benchmark" name="catalog-202" time="0.058113" /><testcase classname="Inventory API throughput benchmark" name="catalog-203" time="0.063335" /><testcase classname="Inventory API throughput benchmark" name="catalog-204" time="0.127560" /><testcase classname="Inventory API throughput benchmark" name="catalog-205" time="0.106923" /><testcase classname="Inventory API throughput benchmark" name="catalog-206" time="0.069890" /><testcase classname="Inventory API throughput benchmark" name="catalog-207" time="0.136318" /><testcase classname="Inventory API throughput benchmark" name="catalog-208" time="0.139836" /><testcase classname="Inventory API throughput benchmark" name="catalog-209" time="0.163811" /><testcase classname="Inventory API throughput benchmark" name="catalog-210" time="0.208738" /><testcase classname="Inventory API throughput benchmark" name="catalog-211" time="0.147715" /><testcase classname="Inventory API throughput benchmark" name="catalog-212" time="0.110479" /><testcase classname="Inventory API throughput benchmark" name="catalog-213" time="0.146589" /><testcase classname="Inventory API throughput benchmark" name="catalog-214" time="0.124192" /><testcase classname="Inventory API throughput benchmark" name="catalog-215" time="0.087966" /><testcase classname="Inventory API throughput benchmark" name="catalog-216" time="0.110912" /><testcase classname="Inventory API throughput benchmark" name="catalog-217" time="0.099736" /><testcase classname="Inventory API throughput benchmark" name="catalog-218" time="0.100731" /><testcase classname="Inventory API throughput benchmark" name="catalog-219" time="0.075615" /><testcase classname="Inventory API throughput benchmark" name="catalog-220" time="0.061614" /><testcase classname="Inventory API throughput benchmark" name="catalog-221" time="0.097441" /><testcase classname="Inventory API throughput benchmark" name="catalog-222" time="0.094631" /><testcase classname="Inventory API throughput benchmark" name="catalog-223" time="0.115619" /><testcase classname="Inventory API throughput benchmark" name="catalog-224" time="0.077072" /><testcase classname="Inventory API throughput benchmark" name="catalog-225" time="0.072825" /><testcase classname="Inventory API throughput benchmark" name="catalog-226" time="0.068204" /><testcase classname="Inventory API throughput benchmark" name="catalog-227" time="0.119385" /><testcase classname="Inventory API throughput benchmark" name="catalog-228" time="0.100719" /><testcase classname="Inventory API throughput benchmark" name="catalog-229" time="0.051339" /><testcase classname="Inventory API throughput benchmark" name="catalog-230" time="0.057734" /><testcase classname="Inventory API throughput benchmark" name="catalog-231" time="0.054319" /><testcase classname="Inventory API throughput benchmark" name="catalog-232" time="0.053220" /><testcase classname="Inventory API throughput benchmark" name="catalog-233" time="0.078156" /><testcase classname="Inventory API throughput benchmark" name="catalog-234" time="0.078871" /><testcase classname="Inventory API throughput benchmark" name="catalog-235" time="0.063729" /><testcase classname="Inventory API throughput benchmark" name="catalog-236" time="0.055271" /><testcase classname="Inventory API throughput benchmark" name="catalog-237" time="0.056896" /><testcase classname="Inventory API throughput benchmark" name="catalog-238" time="0.056946" /><testcase classname="Inventory API throughput benchmark" name="catalog-239" time="0.051153" /></testsuite>
