<testsuite name="Inventory API acceptance" tests="8" failures="0" errors="0" time="1.093992"><properties><property name="run_id" value="fcab8ea4e283432796660bd923e8f68f" /><property name="mode" value="distributed" /><property name="expected" value="8" /><property name="infrastructure_error" value="" /></properties><testcase classname="Inventory API acceptance" name="catalog-list" time="0.056916" /><testcase classname="Inventory API acceptance" name="health" time="0.006117" /><testcase classname="Inventory API acceptance" name="invalid-order" time="0.054859" /><testcase classname="Inventory API acceptance" name="invalid-query" time="0.040495" /><testcase classname="Inventory API acceptance" name="missing-order-product" time="0.056146" /><testcase classname="Inventory API acceptance" name="order-idempotency" time="0.112260" /><testcase classname="Inventory API acceptance" name="product-details" time="0.050000" /><testcase classname="Inventory API acceptance" name="product-not-found" time="0.077278" /></testsuite>
