<testsuite name="Inventory API throughput benchmark" tests="240" failures="0" errors="0" time="9.046350"><properties><property name="run_id" value="dc7068860cc648739163d140c73490fc" /><property name="mode" value="local" /><property name="expected" value="240" /><property name="infrastructure_error" value="" /></properties><testcase classname="Inventory API throughput benchmark" name="catalog-000" time="0.041975" /><testcase classname="Inventory API throughput benchmark" name="catalog-001" time="0.032608" /><testcase classname="Inventory API throughput benchmark" name="catalog-002" time="0.042558" /><testcase classname="Inventory API throughput benchmark" name="catalog-003" time="0.044936" /><testcase classname="Inventory API throughput benchmark" name="catalog-004" time="0.044071" /><testcase classname="Inventory API throughput benchmark" name="catalog-005" time="0.039286" /><testcase classname="Inventory API throughput benchmark" name="catalog-006" time="0.030735" /><testcase classname="Inventory API throughput benchmark" name="catalog-007" time="0.036471" /><testcase classname="Inventory API throughput benchmark" name="catalog-008" time="0.033231" /><testcase classname="Inventory API throughput benchmark" name="catalog-009" time="0.032492" /><testcase classname="Inventory API throughput benchmark" name="catalog-010" time="0.033971" /><testcase classname="Inventory API throughput benchmark" name="catalog-011" time="0.040057" /><testcase classname="Inventory API throughput benchmark" name="catalog-012" time="0.031186" /><testcase classname="Inventory API throughput benchmark" name="catalog-013" time="0.030962" /><testcase classname="Inventory API throughput benchmark" name="catalog-014" time="0.029493" /><testcase classname="Inventory API throughput benchmark" name="catalog-015" time="0.079482" /><testcase classname="Inventory API throughput benchmark" name="catalog-016" time="0.032750" /><testcase classname="Inventory API throughput benchmark" name="catalog-017" time="0.034382" /><testcase classname="Inventory API throughput benchmark" name="catalog-018" time="0.032473" /><testcase classname="Inventory API throughput benchmark" name="catalog-019" time="0.032907" /><testcase classname="Inventory API throughput benchmark" name="catalog-020" time="0.032699" /><testcase classname="Inventory API throughput benchmark" name="catalog-021" time="0.030927" /><testcase classname="Inventory API throughput benchmark" name="catalog-022" time="0.033604" /><testcase classname="Inventory API throughput benchmark" name="catalog-023" time="0.033915" /><testcase classname="Inventory API throughput benchmark" name="catalog-024" time="0.030946" /><testcase classname="Inventory API throughput benchmark" name="catalog-025" time="0.029878" /><testcase classname="Inventory API throughput benchmark" name="catalog-026" time="0.040144" /><testcase classname="Inventory API throughput benchmark" name="catalog-027" time="0.035284" /><testcase classname="Inventory API throughput benchmark" name="catalog-028" time="0.030737" /><testcase classname="Inventory API throughput benchmark" name="catalog-029" time="0.035358" /><testcase classname="Inventory API throughput benchmark" name="catalog-030" time="0.042255" /><testcase classname="Inventory API throughput benchmark" name="catalog-031" time="0.038380" /><testcase classname="Inventory API throughput benchmark" name="catalog-032" time="0.031688" /><testcase classname="Inventory API throughput benchmark" name="catalog-033" time="0.040867" /><testcase classname="Inventory API throughput benchmark" name="catalog-034" time="0.055721" /><testcase classname="Inventory API throughput benchmark" name="catalog-035" time="0.047170" /><testcase classname="Inventory API throughput benchmark" name="catalog-036" time="0.053176" /><testcase classname="Inventory API throughput benchmark" name="catalog-037" time="0.032565" /><testcase classname="Inventory API throughput benchmark" name="catalog-038" time="0.040388" /><testcase classname="Inventory API throughput benchmark" name="catalog-039" time="0.032894" /><testcase classname="Inventory API throughput benchmark" name="catalog-040" time="0.035535" /><testcase classname="Inventory API throughput benchmark" name="catalog-041" time="0.034211" /><testcase classname="Inventory API throughput benchmark" name="catalog-042" time="0.032544" /><testcase classname="Inventory API throughput benchmark" name="catalog-043" time="0.032174" /><testcase classname="Inventory API throughput benchmark" name="catalog-044" time="0.034841" /><testcase classname="Inventory API throughput benchmark" name="catalog-045" time="0.030810" /><testcase classname="Inventory API throughput benchmark" name="catalog-046" time="0.032856" /><testcase classname="Inventory API throughput benchmark" name="catalog-047" time="0.030776" /><testcase classname="Inventory API throughput benchmark" name="catalog-048" time="0.036790" /><testcase classname="Inventory API throughput benchmark" name="catalog-049" time="0.031482" /><testcase classname="Inventory API throughput benchmark" name="catalog-050" time="0.056618" /><testcase classname="Inventory API throughput benchmark" name="catalog-051" time="0.030679" /><testcase classname="Inventory API throughput benchmark" name="catalog-052" time="0.030598" /><testcase classname="Inventory API throughput benchmark" name="catalog-053" time="0.061231" /><testcase classname="Inventory API throughput benchmark" name="catalog-054" time="0.031547" /><testcase classname="Inventory API throughput benchmark" name="catalog-055" time="0.043122" /><testcase classname="Inventory API throughput benchmark" name="catalog-056" time="0.044580" /><testcase classname="Inventory API throughput benchmark" name="catalog-057" time="0.031810" /><testcase classname="Inventory API throughput benchmark" name="catalog-058" time="0.036228" /><testcase classname="Inventory API throughput benchmark" name="catalog-059" time="0.039491" /><testcase classname="Inventory API throughput benchmark" name="catalog-060" time="0.034024" /><testcase classname="Inventory API throughput benchmark" name="catalog-061" time="0.034788" /><testcase classname="Inventory API throughput benchmark" name="catalog-062" time="0.035193" /><testcase classname="Inventory API throughput benchmark" name="catalog-063" time="0.040208" /><testcase classname="Inventory API throughput benchmark" name="catalog-064" time="0.047776" /><testcase classname="Inventory API throughput benchmark" name="catalog-065" time="0.051930" /><testcase classname="Inventory API throughput benchmark" name="catalog-066" time="0.054862" /><testcase classname="Inventory API throughput benchmark" name="catalog-067" time="0.035432" /><testcase classname="Inventory API throughput benchmark" name="catalog-068" time="0.033085" /><testcase classname="Inventory API throughput benchmark" name="catalog-069" time="0.034769" /><testcase classname="Inventory API throughput benchmark" name="catalog-070" time="0.039213" /><testcase classname="Inventory API throughput benchmark" name="catalog-071" time="0.033284" /><testcase classname="Inventory API throughput benchmark" name="catalog-072" time="0.032463" /><testcase classname="Inventory API throughput benchmark" name="catalog-073" time="0.047113" /><testcase classname="Inventory API throughput benchmark" name="catalog-074" time="0.035249" /><testcase classname="Inventory API throughput benchmark" name="catalog-075" time="0.034305" /><testcase classname="Inventory API throughput benchmark" name="catalog-076" time="0.039112" /><testcase classname="Inventory API throughput benchmark" name="catalog-077" time="0.036614" /><testcase classname="Inventory API throughput benchmark" name="catalog-078" time="0.030042" /><testcase classname="Inventory API throughput benchmark" name="catalog-079" time="0.031279" /><testcase classname="Inventory API throughput benchmark" name="catalog-080" time="0.033928" /><testcase classname="Inventory API throughput benchmark" name="catalog-081" time="0.030343" /><testcase classname="Inventory API throughput benchmark" name="catalog-082" time="0.037227" /><testcase classname="Inventory API throughput benchmark" name="catalog-083" time="0.044457" /><testcase classname="Inventory API throughput benchmark" name="catalog-084" time="0.051408" /><testcase classname="Inventory API throughput benchmark" name="catalog-085" time="0.053547" /><testcase classname="Inventory API throughput benchmark" name="catalog-086" time="0.054857" /><testcase classname="Inventory API throughput benchmark" name="catalog-087" time="0.040405" /><testcase classname="Inventory API throughput benchmark" name="catalog-088" time="0.049437" /><testcase classname="Inventory API throughput benchmark" name="catalog-089" time="0.037787" /><testcase classname="Inventory API throughput benchmark" name="catalog-090" time="0.031726" /><testcase classname="Inventory API throughput benchmark" name="catalog-091" time="0.033354" /><testcase classname="Inventory API throughput benchmark" name="catalog-092" time="0.043853" /><testcase classname="Inventory API throughput benchmark" name="catalog-093" time="0.040078" /><testcase classname="Inventory API throughput benchmark" name="catalog-094" time="0.041496" /><testcase classname="Inventory API throughput benchmark" name="catalog-095" time="0.037454" /><testcase classname="Inventory API throughput benchmark" name="catalog-096" time="0.055771" /><testcase classname="Inventory API throughput benchmark" name="catalog-097" time="0.039756" /><testcase classname="Inventory API throughput benchmark" name="catalog-098" time="0.030979" /><testcase classname="Inventory API throughput benchmark" name="catalog-099" time="0.036938" /><testcase classname="Inventory API throughput benchmark" name="catalog-100" time="0.034516" /><testcase classname="Inventory API throughput benchmark" name="catalog-101" time="0.030564" /><testcase classname="Inventory API throughput benchmark" name="catalog-102" time="0.034917" /><testcase classname="Inventory API throughput benchmark" name="catalog-103" time="0.032959" /><testcase classname="Inventory API throughput benchmark" name="catalog-104" time="0.038769" /><testcase classname="Inventory API throughput benchmark" name="catalog-105" time="0.064047" /><testcase classname="Inventory API throughput benchmark" name="catalog-106" time="0.031988" /><testcase classname="Inventory API throughput benchmark" name="catalog-107" time="0.030372" /><testcase classname="Inventory API throughput benchmark" name="catalog-108" time="0.031020" /><testcase classname="Inventory API throughput benchmark" name="catalog-109" time="0.033334" /><testcase classname="Inventory API throughput benchmark" name="catalog-110" time="0.038789" /><testcase classname="Inventory API throughput benchmark" name="catalog-111" time="0.037920" /><testcase classname="Inventory API throughput benchmark" name="catalog-112" time="0.041077" /><testcase classname="Inventory API throughput benchmark" name="catalog-113" time="0.036372" /><testcase classname="Inventory API throughput benchmark" name="catalog-114" time="0.030409" /><testcase classname="Inventory API throughput benchmark" name="catalog-115" time="0.030061" /><testcase classname="Inventory API throughput benchmark" name="catalog-116" time="0.037832" /><testcase classname="Inventory API throughput benchmark" name="catalog-117" time="0.033594" /><testcase classname="Inventory API throughput benchmark" name="catalog-118" time="0.035581" /><testcase classname="Inventory API throughput benchmark" name="catalog-119" time="0.034226" /><testcase classname="Inventory API throughput benchmark" name="catalog-120" time="0.031391" /><testcase classname="Inventory API throughput benchmark" name="catalog-121" time="0.033970" /><testcase classname="Inventory API throughput benchmark" name="catalog-122" time="0.040238" /><testcase classname="Inventory API throughput benchmark" name="catalog-123" time="0.037834" /><testcase classname="Inventory API throughput benchmark" name="catalog-124" time="0.054355" /><testcase classname="Inventory API throughput benchmark" name="catalog-125" time="0.050817" /><testcase classname="Inventory API throughput benchmark" name="catalog-126" time="0.042057" /><testcase classname="Inventory API throughput benchmark" name="catalog-127" time="0.036757" /><testcase classname="Inventory API throughput benchmark" name="catalog-128" time="0.036964" /><testcase classname="Inventory API throughput benchmark" name="catalog-129" time="0.032844" /><testcase classname="Inventory API throughput benchmark" name="catalog-130" time="0.038546" /><testcase classname="Inventory API throughput benchmark" name="catalog-131" time="0.035368" /><testcase classname="Inventory API throughput benchmark" name="catalog-132" time="0.036083" /><testcase classname="Inventory API throughput benchmark" name="catalog-133" time="0.036623" /><testcase classname="Inventory API throughput benchmark" name="catalog-134" time="0.041141" /><testcase classname="Inventory API throughput benchmark" name="catalog-135" time="0.032997" /><testcase classname="Inventory API throughput benchmark" name="catalog-136" time="0.039760" /><testcase classname="Inventory API throughput benchmark" name="catalog-137" time="0.031984" /><testcase classname="Inventory API throughput benchmark" name="catalog-138" time="0.032569" /><testcase classname="Inventory API throughput benchmark" name="catalog-139" time="0.034954" /><testcase classname="Inventory API throughput benchmark" name="catalog-140" time="0.045989" /><testcase classname="Inventory API throughput benchmark" name="catalog-141" time="0.035879" /><testcase classname="Inventory API throughput benchmark" name="catalog-142" time="0.044290" /><testcase classname="Inventory API throughput benchmark" name="catalog-143" time="0.038903" /><testcase classname="Inventory API throughput benchmark" name="catalog-144" time="0.037765" /><testcase classname="Inventory API throughput benchmark" name="catalog-145" time="0.035814" /><testcase classname="Inventory API throughput benchmark" name="catalog-146" time="0.042177" /><testcase classname="Inventory API throughput benchmark" name="catalog-147" time="0.045099" /><testcase classname="Inventory API throughput benchmark" name="catalog-148" time="0.032163" /><testcase classname="Inventory API throughput benchmark" name="catalog-149" time="0.035012" /><testcase classname="Inventory API throughput benchmark" name="catalog-150" time="0.049692" /><testcase classname="Inventory API throughput benchmark" name="catalog-151" time="0.055182" /><testcase classname="Inventory API throughput benchmark" name="catalog-152" time="0.054241" /><testcase classname="Inventory API throughput benchmark" name="catalog-153" time="0.065018" /><testcase classname="Inventory API throughput benchmark" name="catalog-154" time="0.043189" /><testcase classname="Inventory API throughput benchmark" name="catalog-155" time="0.031351" /><testcase classname="Inventory API throughput benchmark" name="catalog-156" time="0.034087" /><testcase classname="Inventory API throughput benchmark" name="catalog-157" time="0.033516" /><testcase classname="Inventory API throughput benchmark" name="catalog-158" time="0.032902" /><testcase classname="Inventory API throughput benchmark" name="catalog-159" time="0.033934" /><testcase classname="Inventory API throughput benchmark" name="catalog-160" time="0.032295" /><testcase classname="Inventory API throughput benchmark" name="catalog-161" time="0.033362" /><testcase classname="Inventory API throughput benchmark" name="catalog-162" time="0.034683" /><testcase classname="Inventory API throughput benchmark" name="catalog-163" time="0.030521" /><testcase classname="Inventory API throughput benchmark" name="catalog-164" time="0.035094" /><testcase classname="Inventory API throughput benchmark" name="catalog-165" time="0.032753" /><testcase classname="Inventory API throughput benchmark" name="catalog-166" time="0.034987" /><testcase classname="Inventory API throughput benchmark" name="catalog-167" time="0.037639" /><testcase classname="Inventory API throughput benchmark" name="catalog-168" time="0.031444" /><testcase classname="Inventory API throughput benchmark" name="catalog-169" time="0.037445" /><testcase classname="Inventory API throughput benchmark" name="catalog-170" time="0.034678" /><testcase classname="Inventory API throughput benchmark" name="catalog-171" time="0.037151" /><testcase classname="Inventory API throughput benchmark" name="catalog-172" time="0.034609" /><testcase classname="Inventory API throughput benchmark" name="catalog-173" time="0.038065" /><testcase classname="Inventory API throughput benchmark" name="catalog-174" time="0.034490" /><testcase classname="Inventory API throughput benchmark" name="catalog-175" time="0.036344" /><testcase classname="Inventory API throughput benchmark" name="catalog-176" time="0.033660" /><testcase classname="Inventory API throughput benchmark" name="catalog-177" time="0.034299" /><testcase classname="Inventory API throughput benchmark" name="catalog-178" time="0.031859" /><testcase classname="Inventory API throughput benchmark" name="catalog-179" time="0.033270" /><testcase classname="Inventory API throughput benchmark" name="catalog-180" time="0.034119" /><testcase classname="Inventory API throughput benchmark" name="catalog-181" time="0.042010" /><testcase classname="Inventory API throughput benchmark" name="catalog-182" time="0.043029" /><testcase classname="Inventory API throughput benchmark" name="catalog-183" time="0.040032" /><testcase classname="Inventory API throughput benchmark" name="catalog-184" time="0.035131" /><testcase classname="Inventory API throughput benchmark" name="catalog-185" time="0.034010" /><testcase classname="Inventory API throughput benchmark" name="catalog-186" time="0.033702" /><testcase classname="Inventory API throughput benchmark" name="catalog-187" time="0.032558" /><testcase classname="Inventory API throughput benchmark" name="catalog-188" time="0.034641" /><testcase classname="Inventory API throughput benchmark" name="catalog-189" time="0.035904" /><testcase classname="Inventory API throughput benchmark" name="catalog-190" time="0.031324" /><testcase classname="Inventory API throughput benchmark" name="catalog-191" time="0.033014" /><testcase classname="Inventory API throughput benchmark" name="catalog-192" time="0.033287" /><testcase classname="Inventory API throughput benchmark" name="catalog-193" time="0.036156" /><testcase classname="Inventory API throughput benchmark" name="catalog-194" time="0.036246" /><testcase classname="Inventory API throughput benchmark" name="catalog-195" time="0.029177" /><testcase classname="Inventory API throughput benchmark" name="catalog-196" time="0.031605" /><testcase classname="Inventory API throughput benchmark" name="catalog-197" time="0.033463" /><testcase classname="Inventory API throughput benchmark" name="catalog-198" time="0.032715" /><testcase classname="Inventory API throughput benchmark" name="catalog-199" time="0.030768" /><testcase classname="Inventory API throughput benchmark" name="catalog-200" time="0.032968" /><testcase classname="Inventory API throughput benchmark" name="catalog-201" time="0.040038" /><testcase classname="Inventory API throughput benchmark" name="catalog-202" time="0.043915" /><testcase classname="Inventory API throughput benchmark" name="catalog-203" time="0.041785" /><testcase classname="Inventory API throughput benchmark" name="catalog-204" time="0.034697" /><testcase classname="Inventory API throughput benchmark" name="catalog-205" time="0.036269" /><testcase classname="Inventory API throughput benchmark" name="catalog-206" time="0.030290" /><testcase classname="Inventory API throughput benchmark" name="catalog-207" time="0.033322" /><testcase classname="Inventory API throughput benchmark" name="catalog-208" time="0.032121" /><testcase classname="Inventory API throughput benchmark" name="catalog-209" time="0.032167" /><testcase classname="Inventory API throughput benchmark" name="catalog-210" time="0.030732" /><testcase classname="Inventory API throughput benchmark" name="catalog-211" time="0.029801" /><testcase classname="Inventory API throughput benchmark" name="catalog-212" time="0.036248" /><testcase classname="Inventory API throughput benchmark" name="catalog-213" time="0.039227" /><testcase classname="Inventory API throughput benchmark" name="catalog-214" time="0.040672" /><testcase classname="Inventory API throughput benchmark" name="catalog-215" time="0.053744" /><testcase classname="Inventory API throughput benchmark" name="catalog-216" time="0.062924" /><testcase classname="Inventory API throughput benchmark" name="catalog-217" time="0.056826" /><testcase classname="Inventory API throughput benchmark" name="catalog-218" time="0.062946" /><testcase classname="Inventory API throughput benchmark" name="catalog-219" time="0.035098" /><testcase classname="Inventory API throughput benchmark" name="catalog-220" time="0.030775" /><testcase classname="Inventory API throughput benchmark" name="catalog-221" time="0.033749" /><testcase classname="Inventory API throughput benchmark" name="catalog-222" time="0.032578" /><testcase classname="Inventory API throughput benchmark" name="catalog-223" time="0.044559" /><testcase classname="Inventory API throughput benchmark" name="catalog-224" time="0.033655" /><testcase classname="Inventory API throughput benchmark" name="catalog-225" time="0.033562" /><testcase classname="Inventory API throughput benchmark" name="catalog-226" time="0.031862" /><testcase classname="Inventory API throughput benchmark" name="catalog-227" time="0.031783" /><testcase classname="Inventory API throughput benchmark" name="catalog-228" time="0.033236" /><testcase classname="Inventory API throughput benchmark" name="catalog-229" time="0.035649" /><testcase classname="Inventory API throughput benchmark" name="catalog-230" time="0.036626" /><testcase classname="Inventory API throughput benchmark" name="catalog-231" time="0.041673" /><testcase classname="Inventory API throughput benchmark" name="catalog-232" time="0.039669" /><testcase classname="Inventory API throughput benchmark" name="catalog-233" time="0.036775" /><testcase classname="Inventory API throughput benchmark" name="catalog-234" time="0.036569" /><testcase classname="Inventory API throughput benchmark" name="catalog-235" time="0.032366" /><testcase classname="Inventory API throughput benchmark" name="catalog-236" time="0.032232" /><testcase classname="Inventory API throughput benchmark" name="catalog-237" time="0.032853" /><testcase classname="Inventory API throughput benchmark" name="catalog-238" time="0.031576" /><testcase classname="Inventory API throughput benchmark" name="catalog-239" time="0.035902" /></testsuite>
