{"meta": {"format": 3, "version": "7.16.0", "timestamp": "2026-09-09T10:03:53.226530", "branch_coverage": true, "show_contexts": false}, "files": {"src/api_sentinel/__init__.py": {"executed_lines": [3], "summary": {"covered_lines": 1, "num_statements": 1, "percent_covered": 100.0, "percent_covered_display": "100", "missing_lines": 0, "excluded_lines": 0, "percent_statements_covered": 100.0, "percent_statements_covered_display": "100", "num_branches": 0, "num_partial_branches": 0, "covered_branches": 0, "missing_branches": 0, "percent_branches_covered": 100.0, "percent_branches_covered_display": "100"}, "missing_lines": [], "excluded_lines": [], "executed_branches": [], "missing_branches": [], "functions": {"": {"executed_lines": [3], "summary": {"covered_lines": 1, "num_statements": 1, "percent_covered": 100.0, "percent_covered_display": "100", "missing_lines": 0, "excluded_lines": 0, "percent_statements_covered": 100.0, "percent_statements_covered_display": "100", "num_branches": 0, "num_partial_branches": 0, "covered_branches": 0, "missing_branches": 0, "percent_branches_covered": 100.0, "percent_branches_covered_display": "100"}, "missing_lines": [], "excluded_lines": [], "start_line": 1, "executed_branches": [], "missing_branches": []}}, "classes": {"": {"executed_lines": [3], "summary": {"covered_lines": 1, "num_statements": 1, "percent_covered": 100.0, "percent_covered_display": "100", "missing_lines": 0, "excluded_lines": 0, "percent_statements_covered": 100.0, "percent_statements_covered_display": "100", "num_branches": 0, "num_partial_branches": 0, "covered_branches": 0, "missing_branches": 0, "percent_branches_covered": 100.0, "percent_branches_covered_display": "100"}, "missing_lines": [], "excluded_lines": [], "start_line": 1, "executed_branches": [], "missing_branches": []}}}, "src/api_sentinel/cli.py": {"executed_lines": [3, 4, 5, 6, 7, 8, 9, 10, 12, 13, 14, 15, 16, 17, 18, 19, 22, 23, 24, 26, 29, 36, 37, 38, 39, 40, 41, 42, 43, 44, 45, 46, 47, 48, 49, 50, 51, 52, 53, 54, 55, 58, 61, 62, 63, 64, 67, 68, 69, 70, 71, 72, 73, 74, 75, 76, 77, 78, 79, 80, 100, 101, 102, 103, 104, 114, 116, 117, 118, 126, 127, 137, 138, 141, 142, 144, 148, 151], "summary": {"covered_lines": 78, "num_statements": 96, "percent_covered": 77.96610169491525, "percent_covered_display": "78", "missing_lines": 18, "excluded_lines": 0, "percent_statements_covered": 81.25, "percent_statements_covered_display": "81", "num_branches": 22, "num_partial_branches": 4, "covered_branches": 14, "missing_branches": 8, "percent_branches_covered": 63.63636363636363, "percent_branches_covered_display": "64"}, "missing_lines": [25, 30, 31, 32, 33, 81, 82, 91, 92, 93, 94, 95, 97, 98, 99, 139, 140, 152], "excluded_lines": [], "executed_branches": [[24, 26], [39, 40], [39, 49], [43, 39], [43, 44], [54, 55], [54, 64], [70, 71], [75, 76], [75, 78], [80, 100], [101, 102], [101, 116], [151, -1]], "missing_branches": [[24, 25], [31, 32], [31, 33], [70, 78], [80, 81], [92, 93], [92, 94], [151, 152]], "functions": {"positive_float": {"executed_lines": [23, 24, 26], "summary": {"covered_lines": 3, "num_statements": 4, "percent_covered": 66.66666666666667, "percent_covered_display": "67", "missing_lines": 1, "excluded_lines": 0, "percent_statements_covered": 75.0, "percent_statements_covered_display": "75", "num_branches": 2, "num_partial_branches": 1, "covered_branches": 1, "missing_branches": 1, "percent_branches_covered": 50.0, "percent_branches_covered_display": "50"}, "missing_lines": [25], "excluded_lines": [], "start_line": 22, "executed_branches": [[24, 26]], "missing_branches": [[24, 25]]}, "concurrency_value": {"executed_lines": [], "summary": {"covered_lines": 0, "num_statements": 4, "percent_covered": 0.0, "percent_covered_display": "0", "missing_lines": 4, "excluded_lines": 0, "percent_statements_covered": 0.0, "percent_statements_covered_display": "0", "num_branches": 2, "num_partial_branches": 0, "covered_branches": 0, "missing_branches": 2, "percent_branches_covered": 0.0, "percent_branches_covered_display": "0"}, "missing_lines": [30, 31, 32, 33], "excluded_lines": [], "start_line": 29, "executed_branches": [], "missing_branches": [[31, 32], [31, 33]]}, "parser": {"executed_lines": [37, 38, 39, 40, 41, 42, 43, 44, 45, 46, 47, 48, 49, 50, 51, 52, 53, 54, 55, 58, 61, 62, 63, 64], "summary": {"covered_lines": 24, "num_statements": 24, "percent_covered": 100.0, "percent_covered_display": "100", "missing_lines": 0, "excluded_lines": 0, "percent_statements_covered": 100.0, "percent_statements_covered_display": "100", "num_branches": 6, "num_partial_branches": 0, "covered_branches": 6, "missing_branches": 0, "percent_branches_covered": 100.0, "percent_branches_covered_display": "100"}, "missing_lines": [], "excluded_lines": [], "start_line": 36, "executed_branches": [[39, 40], [39, 49], [43, 39], [43, 44], [54, 55], [54, 64]], "missing_branches": []}, "main": {"executed_lines": [68, 69, 70, 71, 72, 73, 74, 75, 76, 77, 78, 79, 80, 100, 101, 102, 103, 104, 114, 116, 117, 118, 126, 127, 137, 138, 141, 142, 144, 148], "summary": {"covered_lines": 30, "num_statements": 42, "percent_covered": 69.23076923076923, "percent_covered_display": "69", "missing_lines": 12, "excluded_lines": 0, "percent_statements_covered": 71.42857142857143, "percent_statements_covered_display": "71", "num_branches": 10, "num_partial_branches": 2, "covered_branches": 6, "missing_branches": 4, "percent_branches_covered": 60.0, "percent_branches_covered_display": "60"}, "missing_lines": [81, 82, 91, 92, 93, 94, 95, 97, 98, 99, 139, 140], "excluded_lines": [], "start_line": 67, "executed_branches": [[70, 71], [75, 76], [75, 78], [80, 100], [101, 102], [101, 116]], "missing_branches": [[70, 78], [80, 81], [92, 93], [92, 94]]}, "": {"executed_lines": [3, 4, 5, 6, 7, 8, 9, 10, 12, 13, 14, 15, 16, 17, 18, 19, 22, 29, 36, 67, 151], "summary": {"covered_lines": 21, "num_statements": 22, "percent_covered": 91.66666666666667, "percent_covered_display": "92", "missing_lines": 1, "excluded_lines": 0, "percent_statements_covered": 95.45454545454545, "percent_statements_covered_display": "95", "num_branches": 2, "num_partial_branches": 1, "covered_branches": 1, "missing_branches": 1, "percent_branches_covered": 50.0, "percent_branches_covered_display": "50"}, "missing_lines": [152], "excluded_lines": [], "start_line": 1, "executed_branches": [[151, -1]], "missing_branches": [[151, 152]]}}, "classes": {"": {"executed_lines": [3, 4, 5, 6, 7, 8, 9, 10, 12, 13, 14, 15, 16, 17, 18, 19, 22, 23, 24, 26, 29, 36, 37, 38, 39, 40, 41, 42, 43, 44, 45, 46, 47, 48, 49, 50, 51, 52, 53, 54, 55, 58, 61, 62, 63, 64, 67, 68, 69, 70, 71, 72, 73, 74, 75, 76, 77, 78, 79, 80, 100, 101, 102, 103, 104, 114, 116, 117, 118, 126, 127, 137, 138, 141, 142, 144, 148, 151], "summary": {"covered_lines": 78, "num_statements": 96, "percent_covered": 77.96610169491525, "percent_covered_display": "78", "missing_lines": 18, "excluded_lines": 0, "percent_statements_covered": 81.25, "percent_statements_covered_display": "81", "num_branches": 22, "num_partial_branches": 4, "covered_branches": 14, "missing_branches": 8, "percent_branches_covered": 63.63636363636363, "percent_branches_covered_display": "64"}, "missing_lines": [25, 30, 31, 32, 33, 81, 82, 91, 92, 93, 94, 95, 97, 98, 99, 139, 140, 152], "excluded_lines": [], "start_line": 1, "executed_branches": [[24, 26], [39, 40], [39, 49], [43, 39], [43, 44], [54, 55], [54, 64], [70, 71], [75, 76], [75, 78], [80, 100], [101, 102], [101, 116], [151, -1]], "missing_branches": [[24, 25], [31, 32], [31, 33], [70, 78], [80, 81], [92, 93], [92, 94], [151, 152]]}}}, "src/api_sentinel/config.py": {"executed_lines": [3, 4, 5, 6, 7, 8, 10, 12, 14, 17, 18, 19, 21, 22, 23, 24, 25, 28, 29, 32, 33, 34, 42, 43, 46, 47, 48, 49, 50, 51, 52, 53, 54, 55, 57, 58, 59, 60, 61, 62, 64, 65, 66], "summary": {"covered_lines": 43, "num_statements": 45, "percent_covered": 93.84615384615384, "percent_covered_display": "94", "missing_lines": 2, "excluded_lines": 0, "percent_statements_covered": 95.55555555555556, "percent_statements_covered_display": "96", "num_branches": 20, "num_partial_branches": 2, "covered_branches": 18, "missing_branches": 2, "percent_branches_covered": 90.0, "percent_branches_covered_display": "90"}, "missing_lines": [20, 63], "excluded_lines": [], "executed_branches": [[19, 21], [23, 24], [23, 25], [34, 42], [34, 43], [48, 49], [48, 53], [50, 51], [50, 52], [53, 54], [53, 55], [57, 58], [57, 62], [59, 60], [59, 61], [62, 64], [64, 65], [64, 66]], "missing_branches": [[19, 20], [62, 63]], "functions": {"load_document": {"executed_lines": [18, 19, 21, 22, 23, 24, 25], "summary": {"covered_lines": 7, "num_statements": 8, "percent_covered": 83.33333333333333, "percent_covered_display": "83", "missing_lines": 1, "excluded_lines": 0, "percent_statements_covered": 87.5, "percent_statements_covered_display": "88", "num_branches": 4, "num_partial_branches": 1, "covered_branches": 3, "missing_branches": 1, "percent_branches_covered": 75.0, "percent_branches_covered_display": "75"}, "missing_lines": [20], "excluded_lines": [], "start_line": 17, "executed_branches": [[19, 21], [23, 24], [23, 25]], "missing_branches": [[19, 20]]}, "load_suite": {"executed_lines": [29], "summary": {"covered_lines": 1, "num_statements": 1, "percent_covered": 100.0, "percent_covered_display": "100", "missing_lines": 0, "excluded_lines": 0, "percent_statements_covered": 100.0, "percent_statements_covered_display": "100", "num_branches": 0, "num_partial_branches": 0, "covered_branches": 0, "missing_branches": 0, "percent_branches_covered": 100.0, "percent_branches_covered_display": "100"}, "missing_lines": [], "excluded_lines": [], "start_line": 28, "executed_branches": [], "missing_branches": []}, "validate_base_url": {"executed_lines": [33, 34, 42, 43], "summary": {"covered_lines": 4, "num_statements": 4, "percent_covered": 100.0, "percent_covered_display": "100", "missing_lines": 0, "excluded_lines": 0, "percent_statements_covered": 100.0, "percent_statements_covered_display": "100", "num_branches": 2, "num_partial_branches": 0, "covered_branches": 2, "missing_branches": 0, "percent_branches_covered": 100.0, "percent_branches_covered_display": "100"}, "missing_lines": [], "excluded_lines": [], "start_line": 32, "executed_branches": [[34, 42], [34, 43]], "missing_branches": []}, "render": {"executed_lines": [47, 57, 58, 59, 60, 61, 62, 64, 65, 66], "summary": {"covered_lines": 10, "num_statements": 11, "percent_covered": 89.47368421052632, "percent_covered_display": "89", "missing_lines": 1, "excluded_lines": 0, "percent_statements_covered": 90.9090909090909, "percent_statements_covered_display": "91", "num_branches": 8, "num_partial_branches": 1, "covered_branches": 7, "missing_branches": 1, "percent_branches_covered": 87.5, "percent_branches_covered_display": "88"}, "missing_lines": [63], "excluded_lines": [], "start_line": 46, "executed_branches": [[57, 58], [57, 62], [59, 60], [59, 61], [62, 64], [64, 65], [64, 66]], "missing_branches": [[62, 63]]}, "render.resolve": {"executed_lines": [48, 49, 50, 51, 52, 53, 54, 55], "summary": {"covered_lines": 8, "num_statements": 8, "percent_covered": 100.0, "percent_covered_display": "100", "missing_lines": 0, "excluded_lines": 0, "percent_statements_covered": 100.0, "percent_statements_covered_display": "100", "num_branches": 6, "num_partial_branches": 0, "covered_branches": 6, "missing_branches": 0, "percent_branches_covered": 100.0, "percent_branches_covered_display": "100"}, "missing_lines": [], "excluded_lines": [], "start_line": 47, "executed_branches": [[48, 49], [48, 53], [50, 51], [50, 52], [53, 54], [53, 55]], "missing_branches": []}, "": {"executed_lines": [3, 4, 5, 6, 7, 8, 10, 12, 14, 17, 28, 32, 46], "summary": {"covered_lines": 13, "num_statements": 13, "percent_covered": 100.0, "percent_covered_display": "100", "missing_lines": 0, "excluded_lines": 0, "percent_statements_covered": 100.0, "percent_statements_covered_display": "100", "num_branches": 0, "num_partial_branches": 0, "covered_branches": 0, "missing_branches": 0, "percent_branches_covered": 100.0, "percent_branches_covered_display": "100"}, "missing_lines": [], "excluded_lines": [], "start_line": 1, "executed_branches": [], "missing_branches": []}}, "classes": {"": {"executed_lines": [3, 4, 5, 6, 7, 8, 10, 12, 14, 17, 18, 19, 21, 22, 23, 24, 25, 28, 29, 32, 33, 34, 42, 43, 46, 47, 48, 49, 50, 51, 52, 53, 54, 55, 57, 58, 59, 60, 61, 62, 64, 65, 66], "summary": {"covered_lines": 43, "num_statements": 45, "percent_covered": 93.84615384615384, "percent_covered_display": "94", "missing_lines": 2, "excluded_lines": 0, "percent_statements_covered": 95.55555555555556, "percent_statements_covered_display": "96", "num_branches": 20, "num_partial_branches": 2, "covered_branches": 18, "missing_branches": 2, "percent_branches_covered": 90.0, "percent_branches_covered_display": "90"}, "missing_lines": [20, 63], "excluded_lines": [], "start_line": 1, "executed_branches": [[19, 21], [23, 24], [23, 25], [34, 42], [34, 43], [48, 49], [48, 53], [50, 51], [50, 52], [53, 54], [53, 55], [57, 58], [57, 62], [59, 60], [59, 61], [62, 64], [64, 65], [64, 66]], "missing_branches": [[19, 20], [62, 63]]}}}, "src/api_sentinel/contracts.py": {"executed_lines": [6, 7, 8, 10, 11, 12, 14, 16, 19, 20, 23, 24, 25, 26, 27, 28, 29, 30, 31, 32, 33, 34, 36, 37, 40, 41, 42, 43, 44, 45, 46, 49, 50, 51, 52, 53, 54, 55, 56, 57, 58, 59, 60, 61, 62, 63, 64, 66, 67, 69, 71, 72, 73, 74, 76, 77, 78, 79, 80, 81, 82, 83, 86, 87, 88, 89, 90, 91, 92, 93, 94, 95, 97, 98, 99, 105, 107, 109, 115, 119, 124, 125, 126, 127, 128, 129, 130, 131, 132, 133, 134, 137, 138, 139, 140, 141, 146, 147, 148, 149, 151, 152, 154, 155, 156, 157, 158, 159, 160, 163, 164, 165, 166, 168, 169, 170, 171, 172, 174, 175, 176, 177, 178, 179, 181, 185, 187, 188, 189, 192, 193, 194, 196, 199, 200, 201, 202, 203, 204, 205, 206, 207, 208, 209, 211, 212, 213, 216, 218, 219, 220, 221, 222, 223, 224, 225, 226, 227, 228, 229, 230, 231, 234], "summary": {"covered_lines": 163, "num_statements": 181, "percent_covered": 88.73720136518772, "percent_covered_display": "89", "missing_lines": 18, "excluded_lines": 0, "percent_statements_covered": 90.05524861878453, "percent_statements_covered_display": "90", "num_branches": 112, "num_partial_branches": 13, "covered_branches": 97, "missing_branches": 15, "percent_branches_covered": 86.60714285714286, "percent_branches_covered_display": "87"}, "missing_lines": [65, 68, 70, 100, 101, 102, 103, 104, 135, 161, 180, 182, 183, 184, 210, 217, 232, 233], "excluded_lines": [], "executed_branches": [[24, 25], [24, 26], [26, 27], [26, 28], [29, 30], [29, 37], [31, 32], [31, 36], [32, 33], [32, 34], [42, 43], [42, 44], [50, 51], [50, 73], [52, 53], [52, 54], [54, 50], [54, 55], [55, 56], [55, 57], [59, 60], [59, 61], [62, 63], [62, 72], [64, 66], [67, 69], [69, 71], [73, -41], [73, 74], [77, 78], [77, 93], [78, -76], [78, 79], [79, 80], [79, 81], [81, 82], [81, 90], [82, 83], [82, 86], [90, 91], [90, 92], [93, -76], [93, 94], [94, -76], [94, 95], [99, 105], [125, -124], [125, 126], [126, 125], [126, 127], [127, 128], [127, 129], [130, 131], [130, 132], [133, 126], [133, 134], [134, 133], [140, 141], [140, 157], [147, 148], [147, 151], [148, 149], [154, 155], [154, 156], [158, 159], [158, 164], [160, 163], [164, 165], [164, 166], [166, 168], [166, 172], [169, 170], [169, 171], [177, 178], [177, 179], [179, 181], [181, 185], [192, 193], [192, 194], [201, 202], [201, 203], [208, 209], [208, 216], [209, 211], [211, 212], [211, 213], [216, 218], [218, 219], [218, 227], [220, 221], [220, 223], [221, 222], [223, 224], [227, 228], [227, 234], [230, 227], [230, 231]], "missing_branches": [[64, 65], [67, 68], [69, 70], [99, 100], [101, 102], [101, 103], [134, 135], [148, 140], [160, 161], [179, 180], [181, 182], [209, 210], [216, 217], [221, 218], [223, 218]], "functions": {"pointer": {"executed_lines": [24, 25, 26, 27, 28, 29, 30, 31, 32, 33, 34, 36, 37], "summary": {"covered_lines": 13, "num_statements": 13, "percent_covered": 100.0, "percent_covered_display": "100", "missing_lines": 0, "excluded_lines": 0, "percent_statements_covered": 100.0, "percent_statements_covered_display": "100", "num_branches": 10, "num_partial_branches": 0, "covered_branches": 10, "missing_branches": 0, "percent_branches_covered": 100.0, "percent_branches_covered_display": "100"}, "missing_lines": [], "excluded_lines": [], "start_line": 23, "executed_branches": [[24, 25], [24, 26], [26, 27], [26, 28], [29, 30], [29, 37], [31, 32], [31, 36], [32, 33], [32, 34]], "missing_branches": []}, "Contract.__init__": {"executed_lines": [42, 43, 44, 45, 46, 49, 50, 51, 52, 53, 54, 55, 56, 57, 58, 59, 60, 61, 62, 63, 64, 66, 67, 69, 71, 72, 73, 74], "summary": {"covered_lines": 28, "num_statements": 31, "percent_covered": 88.67924528301887, "percent_covered_display": "89", "missing_lines": 3, "excluded_lines": 0, "percent_statements_covered": 90.3225806451613, "percent_statements_covered_display": "90", "num_branches": 22, "num_partial_branches": 3, "covered_branches": 19, "missing_branches": 3, "percent_branches_covered": 86.36363636363636, "percent_branches_covered_display": "86"}, "missing_lines": [65, 68, 70], "excluded_lines": [], "start_line": 41, "executed_branches": [[42, 43], [42, 44], [50, 51], [50, 73], [52, 53], [52, 54], [54, 50], [54, 55], [55, 56], [55, 57], [59, 60], [59, 61], [62, 63], [62, 72], [64, 66], [67, 69], [69, 71], [73, -41], [73, 74]], "missing_branches": [[64, 65], [67, 68], [69, 70]]}, "Contract._inspect": {"executed_lines": [77, 78, 79, 80, 81, 82, 83, 86, 87, 88, 89, 90, 91, 92, 93, 94, 95], "summary": {"covered_lines": 17, "num_statements": 17, "percent_covered": 100.0, "percent_covered_display": "100", "missing_lines": 0, "excluded_lines": 0, "percent_statements_covered": 100.0, "percent_statements_covered_display": "100", "num_branches": 16, "num_partial_branches": 0, "covered_branches": 16, "missing_branches": 0, "percent_branches_covered": 100.0, "percent_branches_covered_display": "100"}, "missing_lines": [], "excluded_lines": [], "start_line": 76, "executed_branches": [[77, 78], [77, 93], [78, -76], [78, 79], [79, 80], [79, 81], [81, 82], [81, 90], [82, 83], [82, 86], [90, 91], [90, 92], [93, -76], [93, 94], [94, -76], [94, 95]], "missing_branches": []}, "Contract.deref": {"executed_lines": [98, 99, 105], "summary": {"covered_lines": 3, "num_statements": 8, "percent_covered": 33.333333333333336, "percent_covered_display": "33", "missing_lines": 5, "excluded_lines": 0, "percent_statements_covered": 37.5, "percent_statements_covered_display": "38", "num_branches": 4, "num_partial_branches": 1, "covered_branches": 1, "missing_branches": 3, "percent_branches_covered": 25.0, "percent_branches_covered_display": "25"}, "missing_lines": [100, 101, 102, 103, 104], "excluded_lines": [], "start_line": 97, "executed_branches": [[99, 105]], "missing_branches": [[99, 100], [101, 102], [101, 103]]}, "Contract.errors": {"executed_lines": [109, 115, 119], "summary": {"covered_lines": 3, "num_statements": 3, "percent_covered": 100.0, "percent_covered_display": "100", "missing_lines": 0, "excluded_lines": 0, "percent_statements_covered": 100.0, "percent_statements_covered_display": "100", "num_branches": 0, "num_partial_branches": 0, "covered_branches": 0, "missing_branches": 0, "percent_branches_covered": 100.0, "percent_branches_covered_display": "100"}, "missing_lines": [], "excluded_lines": [], "start_line": 107, "executed_branches": [], "missing_branches": []}, "Contract.validate_suite": {"executed_lines": [125, 126, 127, 128, 129, 130, 131, 132, 133, 134], "summary": {"covered_lines": 10, "num_statements": 11, "percent_covered": 91.30434782608695, "percent_covered_display": "91", "missing_lines": 1, "excluded_lines": 0, "percent_statements_covered": 90.9090909090909, "percent_statements_covered_display": "91", "num_branches": 12, "num_partial_branches": 1, "covered_branches": 11, "missing_branches": 1, "percent_branches_covered": 91.66666666666667, "percent_branches_covered_display": "92"}, "missing_lines": [135], "excluded_lines": [], "start_line": 124, "executed_branches": [[125, -124], [125, 126], [126, 125], [126, 127], [127, 128], [127, 129], [130, 131], [130, 132], [133, 126], [133, 134], [134, 133]], "missing_branches": [[134, 135]]}, "Contract.request": {"executed_lines": [138, 139, 140, 141, 146, 147, 148, 149, 151, 152, 154, 155, 156, 157, 158, 159, 160, 163, 164, 165, 166, 168, 169, 170, 171, 172], "summary": {"covered_lines": 26, "num_statements": 27, "percent_covered": 93.33333333333333, "percent_covered_display": "93", "missing_lines": 1, "excluded_lines": 0, "percent_statements_covered": 96.29629629629629, "percent_statements_covered_display": "96", "num_branches": 18, "num_partial_branches": 2, "covered_branches": 16, "missing_branches": 2, "percent_branches_covered": 88.88888888888889, "percent_branches_covered_display": "89"}, "missing_lines": [161], "excluded_lines": [], "start_line": 137, "executed_branches": [[140, 141], [140, 157], [147, 148], [147, 151], [148, 149], [154, 155], [154, 156], [158, 159], [158, 164], [160, 163], [164, 165], [164, 166], [166, 168], [166, 172], [169, 170], [169, 171]], "missing_branches": [[148, 140], [160, 161]]}, "Contract.coerce": {"executed_lines": [176, 177, 178, 179, 181, 185], "summary": {"covered_lines": 6, "num_statements": 10, "percent_covered": 62.5, "percent_covered_display": "62", "missing_lines": 4, "excluded_lines": 0, "percent_statements_covered": 60.0, "percent_statements_covered_display": "60", "num_branches": 6, "num_partial_branches": 2, "covered_branches": 4, "missing_branches": 2, "percent_branches_covered": 66.66666666666667, "percent_branches_covered_display": "67"}, "missing_lines": [180, 182, 183, 184], "excluded_lines": [], "start_line": 175, "executed_branches": [[177, 178], [177, 179], [179, 181], [181, 185]], "missing_branches": [[179, 180], [181, 182]]}, "Contract.response_definition": {"executed_lines": [188, 189, 192, 193, 194], "summary": {"covered_lines": 5, "num_statements": 5, "percent_covered": 100.0, "percent_covered_display": "100", "missing_lines": 0, "excluded_lines": 0, "percent_statements_covered": 100.0, "percent_statements_covered_display": "100", "num_branches": 2, "num_partial_branches": 0, "covered_branches": 2, "missing_branches": 0, "percent_branches_covered": 100.0, "percent_branches_covered_display": "100"}, "missing_lines": [], "excluded_lines": [], "start_line": 187, "executed_branches": [[192, 193], [192, 194]], "missing_branches": []}, "Contract.response_errors": {"executed_lines": [199, 200, 201, 202, 203, 204, 205, 206, 207, 208, 209, 211, 212, 213, 216, 218, 219, 220, 221, 222, 223, 224, 225, 226, 227, 228, 229, 230, 231, 234], "summary": {"covered_lines": 30, "num_statements": 34, "percent_covered": 85.71428571428571, "percent_covered_display": "86", "missing_lines": 4, "excluded_lines": 0, "percent_statements_covered": 88.23529411764706, "percent_statements_covered_display": "88", "num_branches": 22, "num_partial_branches": 4, "covered_branches": 18, "missing_branches": 4, "percent_branches_covered": 81.81818181818181, "percent_branches_covered_display": "82"}, "missing_lines": [210, 217, 232, 233], "excluded_lines": [], "start_line": 196, "executed_branches": [[201, 202], [201, 203], [208, 209], [208, 216], [209, 211], [211, 212], [211, 213], [216, 218], [218, 219], [218, 227], [220, 221], [220, 223], [221, 222], [223, 224], [227, 228], [227, 234], [230, 227], [230, 231]], "missing_branches": [[209, 210], [216, 217], [221, 218], [223, 218]]}, "": {"executed_lines": [6, 7, 8, 10, 11, 12, 14, 16, 19, 20, 23, 40, 41, 76, 97, 107, 124, 137, 174, 175, 187, 196], "summary": {"covered_lines": 22, "num_statements": 22, "percent_covered": 100.0, "percent_covered_display": "100", "missing_lines": 0, "excluded_lines": 0, "percent_statements_covered": 100.0, "percent_statements_covered_display": "100", "num_branches": 0, "num_partial_branches": 0, "covered_branches": 0, "missing_branches": 0, "percent_branches_covered": 100.0, "percent_branches_covered_display": "100"}, "missing_lines": [], "excluded_lines": [], "start_line": 1, "executed_branches": [], "missing_branches": []}}, "classes": {"ContractError": {"executed_lines": [], "summary": {"covered_lines": 0, "num_statements": 0, "percent_covered": 100.0, "percent_covered_display": "100", "missing_lines": 0, "excluded_lines": 0, "percent_statements_covered": 100.0, "percent_statements_covered_display": "100", "num_branches": 0, "num_partial_branches": 0, "covered_branches": 0, "missing_branches": 0, "percent_branches_covered": 100.0, "percent_branches_covered_display": "100"}, "missing_lines": [], "excluded_lines": [], "start_line": 19, "executed_branches": [], "missing_branches": []}, "Contract": {"executed_lines": [42, 43, 44, 45, 46, 49, 50, 51, 52, 53, 54, 55, 56, 57, 58, 59, 60, 61, 62, 63, 64, 66, 67, 69, 71, 72, 73, 74, 77, 78, 79, 80, 81, 82, 83, 86, 87, 88, 89, 90, 91, 92, 93, 94, 95, 98, 99, 105, 109, 115, 119, 125, 126, 127, 128, 129, 130, 131, 132, 133, 134, 138, 139, 140, 141, 146, 147, 148, 149, 151, 152, 154, 155, 156, 157, 158, 159, 160, 163, 164, 165, 166, 168, 169, 170, 171, 172, 176, 177, 178, 179, 181, 185, 188, 189, 192, 193, 194, 199, 200, 201, 202, 203, 204, 205, 206, 207, 208, 209, 211, 212, 213, 216, 218, 219, 220, 221, 222, 223, 224, 225, 226, 227, 228, 229, 230, 231, 234], "summary": {"covered_lines": 128, "num_statements": 146, "percent_covered": 86.69354838709677, "percent_covered_display": "87", "missing_lines": 18, "excluded_lines": 0, "percent_statements_covered": 87.67123287671232, "percent_statements_covered_display": "88", "num_branches": 102, "num_partial_branches": 13, "covered_branches": 87, "missing_branches": 15, "percent_branches_covered": 85.29411764705883, "percent_branches_covered_display": "85"}, "missing_lines": [65, 68, 70, 100, 101, 102, 103, 104, 135, 161, 180, 182, 183, 184, 210, 217, 232, 233], "excluded_lines": [], "start_line": 40, "executed_branches": [[42, 43], [42, 44], [50, 51], [50, 73], [52, 53], [52, 54], [54, 50], [54, 55], [55, 56], [55, 57], [59, 60], [59, 61], [62, 63], [62, 72], [64, 66], [67, 69], [69, 71], [73, -41], [73, 74], [77, 78], [77, 93], [78, -76], [78, 79], [79, 80], [79, 81], [81, 82], [81, 90], [82, 83], [82, 86], [90, 91], [90, 92], [93, -76], [93, 94], [94, -76], [94, 95], [99, 105], [125, -124], [125, 126], [126, 125], [126, 127], [127, 128], [127, 129], [130, 131], [130, 132], [133, 126], [133, 134], [134, 133], [140, 141], [140, 157], [147, 148], [147, 151], [148, 149], [154, 155], [154, 156], [158, 159], [158, 164], [160, 163], [164, 165], [164, 166], [166, 168], [166, 172], [169, 170], [169, 171], [177, 178], [177, 179], [179, 181], [181, 185], [192, 193], [192, 194], [201, 202], [201, 203], [208, 209], [208, 216], [209, 211], [211, 212], [211, 213], [216, 218], [218, 219], [218, 227], [220, 221], [220, 223], [221, 222], [223, 224], [227, 228], [227, 234], [230, 227], [230, 231]], "missing_branches": [[64, 65], [67, 68], [69, 70], [99, 100], [101, 102], [101, 103], [134, 135], [148, 140], [160, 161], [179, 180], [181, 182], [209, 210], [216, 217], [221, 218], [223, 218]]}, "": {"executed_lines": [6, 7, 8, 10, 11, 12, 14, 16, 19, 20, 23, 24, 25, 26, 27, 28, 29, 30, 31, 32, 33, 34, 36, 37, 40, 41, 76, 97, 107, 124, 137, 174, 175, 187, 196], "summary": {"covered_lines": 35, "num_statements": 35, "percent_covered": 100.0, "percent_covered_display": "100", "missing_lines": 0, "excluded_lines": 0, "percent_statements_covered": 100.0, "percent_statements_covered_display": "100", "num_branches": 10, "num_partial_branches": 0, "covered_branches": 10, "missing_branches": 0, "percent_branches_covered": 100.0, "percent_branches_covered_display": "100"}, "missing_lines": [], "excluded_lines": [], "start_line": 1, "executed_branches": [[24, 25], [24, 26], [26, 27], [26, 28], [29, 30], [29, 37], [31, 32], [31, 36], [32, 33], [32, 34]], "missing_branches": []}}}, "src/api_sentinel/coordinator.py": {"executed_lines": [3, 5, 7, 8, 11, 20, 21, 29, 30, 31, 32, 33, 34, 35, 36, 37, 38, 39, 40, 41, 43, 44, 47, 48, 49, 50, 58], "summary": {"covered_lines": 27, "num_statements": 29, "percent_covered": 94.5945945945946, "percent_covered_display": "95", "missing_lines": 2, "excluded_lines": 0, "percent_statements_covered": 93.10344827586206, "percent_statements_covered_display": "93", "num_branches": 8, "num_partial_branches": 0, "covered_branches": 8, "missing_branches": 0, "percent_branches_covered": 100.0, "percent_branches_covered_display": "100"}, "missing_lines": [45, 46], "excluded_lines": [], "executed_branches": [[34, 35], [34, 36], [36, 37], [36, 39], [48, 49], [48, 58], [49, 48], [49, 50]], "missing_branches": [], "functions": {"distributed_run": {"executed_lines": [20, 21, 29, 30, 31, 32, 33, 34, 35, 36, 37, 38, 39, 40, 41, 43, 44, 47, 48, 49, 50, 58], "summary": {"covered_lines": 22, "num_statements": 24, "percent_covered": 93.75, "percent_covered_display": "94", "missing_lines": 2, "excluded_lines": 0, "percent_statements_covered": 91.66666666666667, "percent_statements_covered_display": "92", "num_branches": 8, "num_partial_branches": 0, "covered_branches": 8, "missing_branches": 0, "percent_branches_covered": 100.0, "percent_branches_covered_display": "100"}, "missing_lines": [45, 46], "excluded_lines": [], "start_line": 11, "executed_branches": [[34, 35], [34, 36], [36, 37], [36, 39], [48, 49], [48, 58], [49, 48], [49, 50]], "missing_branches": []}, "": {"executed_lines": [3, 5, 7, 8, 11], "summary": {"covered_lines": 5, "num_statements": 5, "percent_covered": 100.0, "percent_covered_display": "100", "missing_lines": 0, "excluded_lines": 0, "percent_statements_covered": 100.0, "percent_statements_covered_display": "100", "num_branches": 0, "num_partial_branches": 0, "covered_branches": 0, "missing_branches": 0, "percent_branches_covered": 100.0, "percent_branches_covered_display": "100"}, "missing_lines": [], "excluded_lines": [], "start_line": 1, "executed_branches": [], "missing_branches": []}}, "classes": {"": {"executed_lines": [3, 5, 7, 8, 11, 20, 21, 29, 30, 31, 32, 33, 34, 35, 36, 37, 38, 39, 40, 41, 43, 44, 47, 48, 49, 50, 58], "summary": {"covered_lines": 27, "num_statements": 29, "percent_covered": 94.5945945945946, "percent_covered_display": "95", "missing_lines": 2, "excluded_lines": 0, "percent_statements_covered": 93.10344827586206, "percent_statements_covered_display": "93", "num_branches": 8, "num_partial_branches": 0, "covered_branches": 8, "missing_branches": 0, "percent_branches_covered": 100.0, "percent_branches_covered_display": "100"}, "missing_lines": [45, 46], "excluded_lines": [], "start_line": 1, "executed_branches": [[34, 35], [34, 36], [36, 37], [36, 39], [48, 49], [48, 58], [49, 48], [49, 50]], "missing_branches": []}}}, "src/api_sentinel/executor.py": {"executed_lines": [3, 4, 5, 6, 7, 9, 11, 12, 13, 16, 17, 29, 30, 31, 32, 33, 34, 35, 36, 44, 45, 47, 55, 56, 57, 63, 64, 65, 66, 67, 68, 69, 70, 71, 72, 73, 76, 77, 78, 81, 86, 95, 103, 104, 105, 106, 107, 108, 109, 113, 114, 115, 116, 117, 119, 120, 125, 126, 131, 132, 133, 134, 135, 136, 137, 138, 139, 140, 141, 143, 145, 146, 147, 148, 149, 150, 152, 153, 154, 155, 156, 157, 158, 159, 160, 161, 164, 165, 166, 175, 177, 180], "summary": {"covered_lines": 92, "num_statements": 96, "percent_covered": 93.65079365079364, "percent_covered_display": "94", "missing_lines": 4, "excluded_lines": 0, "percent_statements_covered": 95.83333333333333, "percent_statements_covered_display": "96", "num_branches": 30, "num_partial_branches": 4, "covered_branches": 26, "missing_branches": 4, "percent_branches_covered": 86.66666666666667, "percent_branches_covered_display": "87"}, "missing_lines": [110, 118, 142, 144], "excluded_lines": [], "executed_branches": [[66, 67], [66, 76], [67, 68], [67, 72], [70, 67], [70, 71], [72, 66], [72, 73], [77, 78], [77, 81], [109, 113], [114, 115], [114, 116], [117, 119], [131, 132], [131, 133], [137, 138], [137, 146], [139, 140], [139, 141], [141, 143], [143, 145], [152, 153], [152, 154], [164, 165], [164, 166]], "missing_branches": [[109, 110], [117, 118], [141, 142], [143, 144]], "functions": {"CaseExecutor.__init__": {"executed_lines": [29, 30, 31, 32, 33, 34, 35, 36], "summary": {"covered_lines": 8, "num_statements": 8, "percent_covered": 100.0, "percent_covered_display": "100", "missing_lines": 0, "excluded_lines": 0, "percent_statements_covered": 100.0, "percent_statements_covered_display": "100", "num_branches": 0, "num_partial_branches": 0, "covered_branches": 0, "missing_branches": 0, "percent_branches_covered": 100.0, "percent_branches_covered_display": "100"}, "missing_lines": [], "excluded_lines": [], "start_line": 17, "executed_branches": [], "missing_branches": []}, "CaseExecutor.close": {"executed_lines": [45], "summary": {"covered_lines": 1, "num_statements": 1, "percent_covered": 100.0, "percent_covered_display": "100", "missing_lines": 0, "excluded_lines": 0, "percent_statements_covered": 100.0, "percent_statements_covered_display": "100", "num_branches": 0, "num_partial_branches": 0, "covered_branches": 0, "missing_branches": 0, "percent_branches_covered": 100.0, "percent_branches_covered_display": "100"}, "missing_lines": [], "excluded_lines": [], "start_line": 44, "executed_branches": [], "missing_branches": []}, "CaseExecutor.run": {"executed_lines": [55, 56, 57, 63, 64, 65, 66, 67, 68, 69, 70, 71, 72, 73, 76, 77, 78, 81, 86], "summary": {"covered_lines": 19, "num_statements": 19, "percent_covered": 100.0, "percent_covered_display": "100", "missing_lines": 0, "excluded_lines": 0, "percent_statements_covered": 100.0, "percent_statements_covered_display": "100", "num_branches": 10, "num_partial_branches": 0, "covered_branches": 10, "missing_branches": 0, "percent_branches_covered": 100.0, "percent_branches_covered_display": "100"}, "missing_lines": [], "excluded_lines": [], "start_line": 47, "executed_branches": [[66, 67], [66, 76], [67, 68], [67, 72], [70, 67], [70, 71], [72, 66], [72, 73], [77, 78], [77, 81]], "missing_branches": []}, "CaseExecutor.step": {"executed_lines": [103, 104, 105, 106, 107, 108, 109, 113, 114, 115, 116, 117, 119, 120, 125, 126, 131, 132, 133, 134, 135, 136, 137, 138, 139, 140, 141, 143, 145, 146, 147, 148, 149, 150, 152, 153, 154, 155, 156, 157, 158, 159, 160, 161, 164, 165, 166, 175, 177, 180], "summary": {"covered_lines": 50, "num_statements": 54, "percent_covered": 89.1891891891892, "percent_covered_display": "89", "missing_lines": 4, "excluded_lines": 0, "percent_statements_covered": 92.5925925925926, "percent_statements_covered_display": "93", "num_branches": 20, "num_partial_branches": 4, "covered_branches": 16, "missing_branches": 4, "percent_branches_covered": 80.0, "percent_branches_covered_display": "80"}, "missing_lines": [110, 118, 142, 144], "excluded_lines": [], "start_line": 95, "executed_branches": [[109, 113], [114, 115], [114, 116], [117, 119], [131, 132], [131, 133], [137, 138], [137, 146], [139, 140], [139, 141], [141, 143], [143, 145], [152, 153], [152, 154], [164, 165], [164, 166]], "missing_branches": [[109, 110], [117, 118], [141, 142], [143, 144]]}, "": {"executed_lines": [3, 4, 5, 6, 7, 9, 11, 12, 13, 16, 17, 44, 47, 95], "summary": {"covered_lines": 14, "num_statements": 14, "percent_covered": 100.0, "percent_covered_display": "100", "missing_lines": 0, "excluded_lines": 0, "percent_statements_covered": 100.0, "percent_statements_covered_display": "100", "num_branches": 0, "num_partial_branches": 0, "covered_branches": 0, "missing_branches": 0, "percent_branches_covered": 100.0, "percent_branches_covered_display": "100"}, "missing_lines": [], "excluded_lines": [], "start_line": 1, "executed_branches": [], "missing_branches": []}}, "classes": {"CaseExecutor": {"executed_lines": [29, 30, 31, 32, 33, 34, 35, 36, 45, 55, 56, 57, 63, 64, 65, 66, 67, 68, 69, 70, 71, 72, 73, 76, 77, 78, 81, 86, 103, 104, 105, 106, 107, 108, 109, 113, 114, 115, 116, 117, 119, 120, 125, 126, 131, 132, 133, 134, 135, 136, 137, 138, 139, 140, 141, 143, 145, 146, 147, 148, 149, 150, 152, 153, 154, 155, 156, 157, 158, 159, 160, 161, 164, 165, 166, 175, 177, 180], "summary": {"covered_lines": 78, "num_statements": 82, "percent_covered": 92.85714285714286, "percent_covered_display": "93", "missing_lines": 4, "excluded_lines": 0, "percent_statements_covered": 95.1219512195122, "percent_statements_covered_display": "95", "num_branches": 30, "num_partial_branches": 4, "covered_branches": 26, "missing_branches": 4, "percent_branches_covered": 86.66666666666667, "percent_branches_covered_display": "87"}, "missing_lines": [110, 118, 142, 144], "excluded_lines": [], "start_line": 16, "executed_branches": [[66, 67], [66, 76], [67, 68], [67, 72], [70, 67], [70, 71], [72, 66], [72, 73], [77, 78], [77, 81], [109, 113], [114, 115], [114, 116], [117, 119], [131, 132], [131, 133], [137, 138], [137, 146], [139, 140], [139, 141], [141, 143], [143, 145], [152, 153], [152, 154], [164, 165], [164, 166]], "missing_branches": [[109, 110], [117, 118], [141, 142], [143, 144]]}, "": {"executed_lines": [3, 4, 5, 6, 7, 9, 11, 12, 13, 16, 17, 44, 47, 95], "summary": {"covered_lines": 14, "num_statements": 14, "percent_covered": 100.0, "percent_covered_display": "100", "missing_lines": 0, "excluded_lines": 0, "percent_statements_covered": 100.0, "percent_statements_covered_display": "100", "num_branches": 0, "num_partial_branches": 0, "covered_branches": 0, "missing_branches": 0, "percent_branches_covered": 100.0, "percent_branches_covered_display": "100"}, "missing_lines": [], "excluded_lines": [], "start_line": 1, "executed_branches": [], "missing_branches": []}}}, "src/api_sentinel/logging.py": {"executed_lines": [1, 2, 3, 6, 7], "summary": {"covered_lines": 5, "num_statements": 5, "percent_covered": 100.0, "percent_covered_display": "100", "missing_lines": 0, "excluded_lines": 0, "percent_statements_covered": 100.0, "percent_statements_covered_display": "100", "num_branches": 0, "num_partial_branches": 0, "covered_branches": 0, "missing_branches": 0, "percent_branches_covered": 100.0, "percent_branches_covered_display": "100"}, "missing_lines": [], "excluded_lines": [], "executed_branches": [], "missing_branches": [], "functions": {"event": {"executed_lines": [7], "summary": {"covered_lines": 1, "num_statements": 1, "percent_covered": 100.0, "percent_covered_display": "100", "missing_lines": 0, "excluded_lines": 0, "percent_statements_covered": 100.0, "percent_statements_covered_display": "100", "num_branches": 0, "num_partial_branches": 0, "covered_branches": 0, "missing_branches": 0, "percent_branches_covered": 100.0, "percent_branches_covered_display": "100"}, "missing_lines": [], "excluded_lines": [], "start_line": 6, "executed_branches": [], "missing_branches": []}, "": {"executed_lines": [1, 2, 3, 6], "summary": {"covered_lines": 4, "num_statements": 4, "percent_covered": 100.0, "percent_covered_display": "100", "missing_lines": 0, "excluded_lines": 0, "percent_statements_covered": 100.0, "percent_statements_covered_display": "100", "num_branches": 0, "num_partial_branches": 0, "covered_branches": 0, "missing_branches": 0, "percent_branches_covered": 100.0, "percent_branches_covered_display": "100"}, "missing_lines": [], "excluded_lines": [], "start_line": 1, "executed_branches": [], "missing_branches": []}}, "classes": {"": {"executed_lines": [1, 2, 3, 6, 7], "summary": {"covered_lines": 5, "num_statements": 5, "percent_covered": 100.0, "percent_covered_display": "100", "missing_lines": 0, "excluded_lines": 0, "percent_statements_covered": 100.0, "percent_statements_covered_display": "100", "num_branches": 0, "num_partial_branches": 0, "covered_branches": 0, "missing_branches": 0, "percent_branches_covered": 100.0, "percent_branches_covered_display": "100"}, "missing_lines": [], "excluded_lines": [], "start_line": 1, "executed_branches": [], "missing_branches": []}}}, "src/api_sentinel/models.py": {"executed_lines": [3, 5, 8, 9, 12, 13, 14, 15, 18, 19, 20, 21, 22, 23, 24, 25, 26, 29, 30, 31, 32, 33, 34, 37, 38, 39, 40, 41, 43, 44, 45, 46, 47, 50, 51, 52, 53, 54, 55, 56, 57, 60, 61, 62, 63, 64, 65, 66, 67, 70, 71, 72, 73, 74, 75, 76, 77, 79, 80, 81, 82, 83, 84, 85], "summary": {"covered_lines": 64, "num_statements": 64, "percent_covered": 100.0, "percent_covered_display": "100", "missing_lines": 0, "excluded_lines": 0, "percent_statements_covered": 100.0, "percent_statements_covered_display": "100", "num_branches": 6, "num_partial_branches": 0, "covered_branches": 6, "missing_branches": 0, "percent_branches_covered": 100.0, "percent_branches_covered_display": "100"}, "missing_lines": [], "excluded_lines": [], "executed_branches": [[45, 46], [45, 47], [81, 82], [81, 83], [83, 84], [83, 85]], "missing_branches": [], "functions": {"Suite.unique_ids": {"executed_lines": [45, 46, 47], "summary": {"covered_lines": 3, "num_statements": 3, "percent_covered": 100.0, "percent_covered_display": "100", "missing_lines": 0, "excluded_lines": 0, "percent_statements_covered": 100.0, "percent_statements_covered_display": "100", "num_branches": 2, "num_partial_branches": 0, "covered_branches": 2, "missing_branches": 0, "percent_branches_covered": 100.0, "percent_branches_covered_display": "100"}, "missing_lines": [], "excluded_lines": [], "start_line": 44, "executed_branches": [[45, 46], [45, 47]], "missing_branches": []}, "RunReport.exit_code": {"executed_lines": [81, 82, 83, 84, 85], "summary": {"covered_lines": 5, "num_statements": 5, "percent_covered": 100.0, "percent_covered_display": "100", "missing_lines": 0, "excluded_lines": 0, "percent_statements_covered": 100.0, "percent_statements_covered_display": "100", "num_branches": 4, "num_partial_branches": 0, "covered_branches": 4, "missing_branches": 0, "percent_branches_covered": 100.0, "percent_branches_covered_display": "100"}, "missing_lines": [], "excluded_lines": [], "start_line": 80, "executed_branches": [[81, 82], [81, 83], [83, 84], [83, 85]], "missing_branches": []}, "": {"executed_lines": [3, 5, 8, 9, 12, 13, 14, 15, 18, 19, 20, 21, 22, 23, 24, 25, 26, 29, 30, 31, 32, 33, 34, 37, 38, 39, 40, 41, 43, 44, 50, 51, 52, 53, 54, 55, 56, 57, 60, 61, 62, 63, 64, 65, 66, 67, 70, 71, 72, 73, 74, 75, 76, 77, 79, 80], "summary": {"covered_lines": 56, "num_statements": 56, "percent_covered": 100.0, "percent_covered_display": "100", "missing_lines": 0, "excluded_lines": 0, "percent_statements_covered": 100.0, "percent_statements_covered_display": "100", "num_branches": 0, "num_partial_branches": 0, "covered_branches": 0, "missing_branches": 0, "percent_branches_covered": 100.0, "percent_branches_covered_display": "100"}, "missing_lines": [], "excluded_lines": [], "start_line": 1, "executed_branches": [], "missing_branches": []}}, "classes": {"Model": {"executed_lines": [], "summary": {"covered_lines": 0, "num_statements": 0, "percent_covered": 100.0, "percent_covered_display": "100", "missing_lines": 0, "excluded_lines": 0, "percent_statements_covered": 100.0, "percent_statements_covered_display": "100", "num_branches": 0, "num_partial_branches": 0, "covered_branches": 0, "missing_branches": 0, "percent_branches_covered": 100.0, "percent_branches_covered_display": "100"}, "missing_lines": [], "excluded_lines": [], "start_line": 8, "executed_branches": [], "missing_branches": []}, "Expectation": {"executed_lines": [], "summary": {"covered_lines": 0, "num_statements": 0, "percent_covered": 100.0, "percent_covered_display": "100", "missing_lines": 0, "excluded_lines": 0, "percent_statements_covered": 100.0, "percent_statements_covered_display": "100", "num_branches": 0, "num_partial_branches": 0, "covered_branches": 0, "missing_branches": 0, "percent_branches_covered": 100.0, "percent_branches_covered_display": "100"}, "missing_lines": [], "excluded_lines": [], "start_line": 12, "executed_branches": [], "missing_branches": []}, "Step": {"executed_lines": [], "summary": {"covered_lines": 0, "num_statements": 0, "percent_covered": 100.0, "percent_covered_display": "100", "missing_lines": 0, "excluded_lines": 0, "percent_statements_covered": 100.0, "percent_statements_covered_display": "100", "num_branches": 0, "num_partial_branches": 0, "covered_branches": 0, "missing_branches": 0, "percent_branches_covered": 100.0, "percent_branches_covered_display": "100"}, "missing_lines": [], "excluded_lines": [], "start_line": 18, "executed_branches": [], "missing_branches": []}, "Case": {"executed_lines": [], "summary": {"covered_lines": 0, "num_statements": 0, "percent_covered": 100.0, "percent_covered_display": "100", "missing_lines": 0, "excluded_lines": 0, "percent_statements_covered": 100.0, "percent_statements_covered_display": "100", "num_branches": 0, "num_partial_branches": 0, "covered_branches": 0, "missing_branches": 0, "percent_branches_covered": 100.0, "percent_branches_covered_display": "100"}, "missing_lines": [], "excluded_lines": [], "start_line": 29, "executed_branches": [], "missing_branches": []}, "Suite": {"executed_lines": [45, 46, 47], "summary": {"covered_lines": 3, "num_statements": 3, "percent_covered": 100.0, "percent_covered_display": "100", "missing_lines": 0, "excluded_lines": 0, "percent_statements_covered": 100.0, "percent_statements_covered_display": "100", "num_branches": 2, "num_partial_branches": 0, "covered_branches": 2, "missing_branches": 0, "percent_branches_covered": 100.0, "percent_branches_covered_display": "100"}, "missing_lines": [], "excluded_lines": [], "start_line": 37, "executed_branches": [[45, 46], [45, 47]], "missing_branches": []}, "StepResult": {"executed_lines": [], "summary": {"covered_lines": 0, "num_statements": 0, "percent_covered": 100.0, "percent_covered_display": "100", "missing_lines": 0, "excluded_lines": 0, "percent_statements_covered": 100.0, "percent_statements_covered_display": "100", "num_branches": 0, "num_partial_branches": 0, "covered_branches": 0, "missing_branches": 0, "percent_branches_covered": 100.0, "percent_branches_covered_display": "100"}, "missing_lines": [], "excluded_lines": [], "start_line": 50, "executed_branches": [], "missing_branches": []}, "CaseResult": {"executed_lines": [], "summary": {"covered_lines": 0, "num_statements": 0, "percent_covered": 100.0, "percent_covered_display": "100", "missing_lines": 0, "excluded_lines": 0, "percent_statements_covered": 100.0, "percent_statements_covered_display": "100", "num_branches": 0, "num_partial_branches": 0, "covered_branches": 0, "missing_branches": 0, "percent_branches_covered": 100.0, "percent_branches_covered_display": "100"}, "missing_lines": [], "excluded_lines": [], "start_line": 60, "executed_branches": [], "missing_branches": []}, "RunReport": {"executed_lines": [81, 82, 83, 84, 85], "summary": {"covered_lines": 5, "num_statements": 5, "percent_covered": 100.0, "percent_covered_display": "100", "missing_lines": 0, "excluded_lines": 0, "percent_statements_covered": 100.0, "percent_statements_covered_display": "100", "num_branches": 4, "num_partial_branches": 0, "covered_branches": 4, "missing_branches": 0, "percent_branches_covered": 100.0, "percent_branches_covered_display": "100"}, "missing_lines": [], "excluded_lines": [], "start_line": 70, "executed_branches": [[81, 82], [81, 83], [83, 84], [83, 85]], "missing_branches": []}, "": {"executed_lines": [3, 5, 8, 9, 12, 13, 14, 15, 18, 19, 20, 21, 22, 23, 24, 25, 26, 29, 30, 31, 32, 33, 34, 37, 38, 39, 40, 41, 43, 44, 50, 51, 52, 53, 54, 55, 56, 57, 60, 61, 62, 63, 64, 65, 66, 67, 70, 71, 72, 73, 74, 75, 76, 77, 79, 80], "summary": {"covered_lines": 56, "num_statements": 56, "percent_covered": 100.0, "percent_covered_display": "100", "missing_lines": 0, "excluded_lines": 0, "percent_statements_covered": 100.0, "percent_statements_covered_display": "100", "num_branches": 0, "num_partial_branches": 0, "covered_branches": 0, "missing_branches": 0, "percent_branches_covered": 100.0, "percent_branches_covered_display": "100"}, "missing_lines": [], "excluded_lines": [], "start_line": 1, "executed_branches": [], "missing_branches": []}}}, "src/api_sentinel/queue.py": {"executed_lines": [7, 8, 9, 10, 12, 13, 14, 16, 18, 33, 50, 80, 92, 107, 114, 115, 116, 117, 118, 121, 122, 132, 133, 134, 135, 136, 137, 138, 142, 143, 144, 145, 146, 148, 158, 160, 161, 162, 170, 173, 175, 179, 180, 182, 183, 184, 186, 187, 188, 189, 191, 192, 193, 194, 196, 197, 201, 202, 203, 204, 208, 209, 211, 212, 214, 215, 217, 219], "summary": {"covered_lines": 68, "num_statements": 70, "percent_covered": 95.1219512195122, "percent_covered_display": "95", "missing_lines": 2, "excluded_lines": 0, "percent_statements_covered": 97.14285714285714, "percent_statements_covered_display": "97", "num_branches": 12, "num_partial_branches": 2, "covered_branches": 10, "missing_branches": 2, "percent_branches_covered": 83.33333333333333, "percent_branches_covered_display": "83"}, "missing_lines": [159, 174], "excluded_lines": [], "executed_branches": [[134, 135], [134, 136], [158, 160], [160, 161], [160, 162], [173, 175], [179, -148], [179, 180], [202, 203], [202, 204]], "missing_branches": [[158, 159], [173, 174]], "functions": {"connect": {"executed_lines": [122], "summary": {"covered_lines": 1, "num_statements": 1, "percent_covered": 100.0, "percent_covered_display": "100", "missing_lines": 0, "excluded_lines": 0, "percent_statements_covered": 100.0, "percent_statements_covered_display": "100", "num_branches": 0, "num_partial_branches": 0, "covered_branches": 0, "missing_branches": 0, "percent_branches_covered": 100.0, "percent_branches_covered_display": "100"}, "missing_lines": [], "excluded_lines": [], "start_line": 121, "executed_branches": [], "missing_branches": []}, "RunQueue.__init__": {"executed_lines": [134, 135, 136, 137, 138, 142, 143, 144, 145, 146], "summary": {"covered_lines": 10, "num_statements": 10, "percent_covered": 100.0, "percent_covered_display": "100", "missing_lines": 0, "excluded_lines": 0, "percent_statements_covered": 100.0, "percent_statements_covered_display": "100", "num_branches": 2, "num_partial_branches": 0, "covered_branches": 2, "missing_branches": 0, "percent_branches_covered": 100.0, "percent_branches_covered_display": "100"}, "missing_lines": [], "excluded_lines": [], "start_line": 133, "executed_branches": [[134, 135], [134, 136]], "missing_branches": []}, "RunQueue.create": {"executed_lines": [158, 160, 161, 162, 170, 173, 175, 179, 180], "summary": {"covered_lines": 9, "num_statements": 11, "percent_covered": 78.94736842105263, "percent_covered_display": "79", "missing_lines": 2, "excluded_lines": 0, "percent_statements_covered": 81.81818181818181, "percent_statements_covered_display": "82", "num_branches": 8, "num_partial_branches": 2, "covered_branches": 6, "missing_branches": 2, "percent_branches_covered": 75.0, "percent_branches_covered_display": "75"}, "missing_lines": [159, 174], "excluded_lines": [], "start_line": 148, "executed_branches": [[158, 160], [160, 161], [160, 162], [173, 175], [179, -148], [179, 180]], "missing_branches": [[158, 159], [173, 174]]}, "RunQueue.plan": {"executed_lines": [183, 184], "summary": {"covered_lines": 2, "num_statements": 2, "percent_covered": 100.0, "percent_covered_display": "100", "missing_lines": 0, "excluded_lines": 0, "percent_statements_covered": 100.0, "percent_statements_covered_display": "100", "num_branches": 0, "num_partial_branches": 0, "covered_branches": 0, "missing_branches": 0, "percent_branches_covered": 100.0, "percent_branches_covered_display": "100"}, "missing_lines": [], "excluded_lines": [], "start_line": 182, "executed_branches": [], "missing_branches": []}, "RunQueue.is_open": {"executed_lines": [187, 188, 189], "summary": {"covered_lines": 3, "num_statements": 3, "percent_covered": 100.0, "percent_covered_display": "100", "missing_lines": 0, "excluded_lines": 0, "percent_statements_covered": 100.0, "percent_statements_covered_display": "100", "num_branches": 0, "num_partial_branches": 0, "covered_branches": 0, "missing_branches": 0, "percent_branches_covered": 100.0, "percent_branches_covered_display": "100"}, "missing_lines": [], "excluded_lines": [], "start_line": 186, "executed_branches": [], "missing_branches": []}, "RunQueue.claim": {"executed_lines": [192, 193, 194], "summary": {"covered_lines": 3, "num_statements": 3, "percent_covered": 100.0, "percent_covered_display": "100", "missing_lines": 0, "excluded_lines": 0, "percent_statements_covered": 100.0, "percent_statements_covered_display": "100", "num_branches": 0, "num_partial_branches": 0, "covered_branches": 0, "missing_branches": 0, "percent_branches_covered": 100.0, "percent_branches_covered_display": "100"}, "missing_lines": [], "excluded_lines": [], "start_line": 191, "executed_branches": [], "missing_branches": []}, "RunQueue.renew": {"executed_lines": [197], "summary": {"covered_lines": 1, "num_statements": 1, "percent_covered": 100.0, "percent_covered_display": "100", "missing_lines": 0, "excluded_lines": 0, "percent_statements_covered": 100.0, "percent_statements_covered_display": "100", "num_branches": 0, "num_partial_branches": 0, "covered_branches": 0, "missing_branches": 0, "percent_branches_covered": 100.0, "percent_branches_covered_display": "100"}, "missing_lines": [], "excluded_lines": [], "start_line": 196, "executed_branches": [], "missing_branches": []}, "RunQueue.complete": {"executed_lines": [202, 203, 204], "summary": {"covered_lines": 3, "num_statements": 3, "percent_covered": 100.0, "percent_covered_display": "100", "missing_lines": 0, "excluded_lines": 0, "percent_statements_covered": 100.0, "percent_statements_covered_display": "100", "num_branches": 2, "num_partial_branches": 0, "covered_branches": 2, "missing_branches": 0, "percent_branches_covered": 100.0, "percent_branches_covered_display": "100"}, "missing_lines": [], "excluded_lines": [], "start_line": 201, "executed_branches": [[202, 203], [202, 204]], "missing_branches": []}, "RunQueue.results": {"executed_lines": [209], "summary": {"covered_lines": 1, "num_statements": 1, "percent_covered": 100.0, "percent_covered_display": "100", "missing_lines": 0, "excluded_lines": 0, "percent_statements_covered": 100.0, "percent_statements_covered_display": "100", "num_branches": 0, "num_partial_branches": 0, "covered_branches": 0, "missing_branches": 0, "percent_branches_covered": 100.0, "percent_branches_covered_display": "100"}, "missing_lines": [], "excluded_lines": [], "start_line": 208, "executed_branches": [], "missing_branches": []}, "RunQueue.count": {"executed_lines": [212], "summary": {"covered_lines": 1, "num_statements": 1, "percent_covered": 100.0, "percent_covered_display": "100", "missing_lines": 0, "excluded_lines": 0, "percent_statements_covered": 100.0, "percent_statements_covered_display": "100", "num_branches": 0, "num_partial_branches": 0, "covered_branches": 0, "missing_branches": 0, "percent_branches_covered": 100.0, "percent_branches_covered_display": "100"}, "missing_lines": [], "excluded_lines": [], "start_line": 211, "executed_branches": [], "missing_branches": []}, "RunQueue.close": {"executed_lines": [215], "summary": {"covered_lines": 1, "num_statements": 1, "percent_covered": 100.0, "percent_covered_display": "100", "missing_lines": 0, "excluded_lines": 0, "percent_statements_covered": 100.0, "percent_statements_covered_display": "100", "num_branches": 0, "num_partial_branches": 0, "covered_branches": 0, "missing_branches": 0, "percent_branches_covered": 100.0, "percent_branches_covered_display": "100"}, "missing_lines": [], "excluded_lines": [], "start_line": 214, "executed_branches": [], "missing_branches": []}, "RunQueue.delete": {"executed_lines": [219], "summary": {"covered_lines": 1, "num_statements": 1, "percent_covered": 100.0, "percent_covered_display": "100", "missing_lines": 0, "excluded_lines": 0, "percent_statements_covered": 100.0, "percent_statements_covered_display": "100", "num_branches": 0, "num_partial_branches": 0, "covered_branches": 0, "missing_branches": 0, "percent_branches_covered": 100.0, "percent_branches_covered_display": "100"}, "missing_lines": [], "excluded_lines": [], "start_line": 217, "executed_branches": [], "missing_branches": []}, "": {"executed_lines": [7, 8, 9, 10, 12, 13, 14, 16, 18, 33, 50, 80, 92, 107, 114, 115, 116, 117, 118, 121, 132, 133, 148, 182, 186, 191, 196, 201, 208, 211, 214, 217], "summary": {"covered_lines": 32, "num_statements": 32, "percent_covered": 100.0, "percent_covered_display": "100", "missing_lines": 0, "excluded_lines": 0, "percent_statements_covered": 100.0, "percent_statements_covered_display": "100", "num_branches": 0, "num_partial_branches": 0, "covered_branches": 0, "missing_branches": 0, "percent_branches_covered": 100.0, "percent_branches_covered_display": "100"}, "missing_lines": [], "excluded_lines": [], "start_line": 1, "executed_branches": [], "missing_branches": []}}, "classes": {"Job": {"executed_lines": [], "summary": {"covered_lines": 0, "num_statements": 0, "percent_covered": 100.0, "percent_covered_display": "100", "missing_lines": 0, "excluded_lines": 0, "percent_statements_covered": 100.0, "percent_statements_covered_display": "100", "num_branches": 0, "num_partial_branches": 0, "covered_branches": 0, "missing_branches": 0, "percent_branches_covered": 100.0, "percent_branches_covered_display": "100"}, "missing_lines": [], "excluded_lines": [], "start_line": 115, "executed_branches": [], "missing_branches": []}, "RunQueue": {"executed_lines": [134, 135, 136, 137, 138, 142, 143, 144, 145, 146, 158, 160, 161, 162, 170, 173, 175, 179, 180, 183, 184, 187, 188, 189, 192, 193, 194, 197, 202, 203, 204, 209, 212, 215, 219], "summary": {"covered_lines": 35, "num_statements": 37, "percent_covered": 91.83673469387755, "percent_covered_display": "92", "missing_lines": 2, "excluded_lines": 0, "percent_statements_covered": 94.5945945945946, "percent_statements_covered_display": "95", "num_branches": 12, "num_partial_branches": 2, "covered_branches": 10, "missing_branches": 2, "percent_branches_covered": 83.33333333333333, "percent_branches_covered_display": "83"}, "missing_lines": [159, 174], "excluded_lines": [], "start_line": 132, "executed_branches": [[134, 135], [134, 136], [158, 160], [160, 161], [160, 162], [173, 175], [179, -148], [179, 180], [202, 203], [202, 204]], "missing_branches": [[158, 159], [173, 174]]}, "": {"executed_lines": [7, 8, 9, 10, 12, 13, 14, 16, 18, 33, 50, 80, 92, 107, 114, 115, 116, 117, 118, 121, 122, 132, 133, 148, 182, 186, 191, 196, 201, 208, 211, 214, 217], "summary": {"covered_lines": 33, "num_statements": 33, "percent_covered": 100.0, "percent_covered_display": "100", "missing_lines": 0, "excluded_lines": 0, "percent_statements_covered": 100.0, "percent_statements_covered_display": "100", "num_branches": 0, "num_partial_branches": 0, "covered_branches": 0, "missing_branches": 0, "percent_branches_covered": 100.0, "percent_branches_covered_display": "100"}, "missing_lines": [], "excluded_lines": [], "start_line": 1, "executed_branches": [], "missing_branches": []}}}, "src/api_sentinel/reporting.py": {"executed_lines": [3, 4, 5, 6, 7, 8, 10, 13, 14, 15, 16, 17, 18, 19, 20, 21, 23, 27, 28, 31, 32, 33, 34, 40, 41, 49, 50, 56, 57, 58, 65, 66, 71, 72, 75, 76], "summary": {"covered_lines": 36, "num_statements": 37, "percent_covered": 95.55555555555556, "percent_covered_display": "96", "missing_lines": 1, "excluded_lines": 0, "percent_statements_covered": 97.29729729729729, "percent_statements_covered_display": "97", "num_branches": 8, "num_partial_branches": 1, "covered_branches": 7, "missing_branches": 1, "percent_branches_covered": 87.5, "percent_branches_covered_display": "88"}, "missing_lines": [24], "excluded_lines": [], "executed_branches": [[23, -13], [50, 56], [50, 57], [57, 58], [57, 76], [65, 57], [65, 66]], "missing_branches": [[23, 24]], "functions": {"atomic_write": {"executed_lines": [14, 15, 16, 17, 18, 19, 20, 21, 23], "summary": {"covered_lines": 9, "num_statements": 10, "percent_covered": 83.33333333333333, "percent_covered_display": "83", "missing_lines": 1, "excluded_lines": 0, "percent_statements_covered": 90.0, "percent_statements_covered_display": "90", "num_branches": 2, "num_partial_branches": 1, "covered_branches": 1, "missing_branches": 1, "percent_branches_covered": 50.0, "percent_branches_covered_display": "50"}, "missing_lines": [24], "excluded_lines": [], "start_line": 13, "executed_branches": [[23, -13]], "missing_branches": [[23, 24]]}, "xml_text": {"executed_lines": [28], "summary": {"covered_lines": 1, "num_statements": 1, "percent_covered": 100.0, "percent_covered_display": "100", "missing_lines": 0, "excluded_lines": 0, "percent_statements_covered": 100.0, "percent_statements_covered_display": "100", "num_branches": 0, "num_partial_branches": 0, "covered_branches": 0, "missing_branches": 0, "percent_branches_covered": 100.0, "percent_branches_covered_display": "100"}, "missing_lines": [], "excluded_lines": [], "start_line": 27, "executed_branches": [], "missing_branches": []}, "write_reports": {"executed_lines": [32, 33, 34, 40, 41, 49, 50, 56, 57, 58, 65, 66, 71, 72, 75, 76], "summary": {"covered_lines": 16, "num_statements": 16, "percent_covered": 100.0, "percent_covered_display": "100", "missing_lines": 0, "excluded_lines": 0, "percent_statements_covered": 100.0, "percent_statements_covered_display": "100", "num_branches": 6, "num_partial_branches": 0, "covered_branches": 6, "missing_branches": 0, "percent_branches_covered": 100.0, "percent_branches_covered_display": "100"}, "missing_lines": [], "excluded_lines": [], "start_line": 31, "executed_branches": [[50, 56], [50, 57], [57, 58], [57, 76], [65, 57], [65, 66]], "missing_branches": []}, "": {"executed_lines": [3, 4, 5, 6, 7, 8, 10, 13, 27, 31], "summary": {"covered_lines": 10, "num_statements": 10, "percent_covered": 100.0, "percent_covered_display": "100", "missing_lines": 0, "excluded_lines": 0, "percent_statements_covered": 100.0, "percent_statements_covered_display": "100", "num_branches": 0, "num_partial_branches": 0, "covered_branches": 0, "missing_branches": 0, "percent_branches_covered": 100.0, "percent_branches_covered_display": "100"}, "missing_lines": [], "excluded_lines": [], "start_line": 1, "executed_branches": [], "missing_branches": []}}, "classes": {"": {"executed_lines": [3, 4, 5, 6, 7, 8, 10, 13, 14, 15, 16, 17, 18, 19, 20, 21, 23, 27, 28, 31, 32, 33, 34, 40, 41, 49, 50, 56, 57, 58, 65, 66, 71, 72, 75, 76], "summary": {"covered_lines": 36, "num_statements": 37, "percent_covered": 95.55555555555556, "percent_covered_display": "96", "missing_lines": 1, "excluded_lines": 0, "percent_statements_covered": 97.29729729729729, "percent_statements_covered_display": "97", "num_branches": 8, "num_partial_branches": 1, "covered_branches": 7, "missing_branches": 1, "percent_branches_covered": 87.5, "percent_branches_covered_display": "88"}, "missing_lines": [24], "excluded_lines": [], "start_line": 1, "executed_branches": [[23, -13], [50, 56], [50, 57], [57, 58], [57, 76], [65, 57], [65, 66]], "missing_branches": [[23, 24]]}}}, "src/api_sentinel/worker.py": {"executed_lines": [3, 4, 5, 7, 9, 10, 11, 12, 13, 14, 17, 18, 28, 30, 31, 32, 33, 34, 35, 36, 37, 38, 39, 40, 41, 43, 44, 45, 46, 47, 48, 49, 57, 58, 59, 60, 61, 62, 63, 64, 65, 66, 67, 68, 69, 70, 77, 84, 85, 94, 95, 107, 108, 109, 110, 111, 113, 114, 116, 117, 118, 119, 122, 123, 130, 131, 132, 133, 136, 140, 141, 143, 144, 145, 146, 149, 152, 153, 154, 155, 156, 158], "summary": {"covered_lines": 82, "num_statements": 101, "percent_covered": 81.6, "percent_covered_display": "82", "missing_lines": 19, "excluded_lines": 0, "percent_statements_covered": 81.18811881188118, "percent_statements_covered_display": "81", "num_branches": 24, "num_partial_branches": 4, "covered_branches": 20, "missing_branches": 4, "percent_branches_covered": 83.33333333333333, "percent_branches_covered_display": "83"}, "missing_lines": [29, 50, 51, 52, 53, 54, 55, 96, 97, 98, 99, 100, 101, 102, 103, 104, 105, 112, 115], "excluded_lines": [], "executed_branches": [[28, 30], [44, -43], [44, 45], [47, 44], [47, 48], [49, 47], [58, -57], [58, 59], [61, 62], [61, 66], [62, 63], [62, 64], [110, 111], [110, 114], [111, 113], [114, 116], [119, 122], [119, 123], [140, 141], [140, 143]], "missing_branches": [[28, 29], [49, 50], [111, 112], [114, 115]], "functions": {"Worker.__init__": {"executed_lines": [28, 30, 31, 32, 33, 34, 35, 36, 37, 38, 39, 40, 41], "summary": {"covered_lines": 13, "num_statements": 14, "percent_covered": 87.5, "percent_covered_display": "88", "missing_lines": 1, "excluded_lines": 0, "percent_statements_covered": 92.85714285714286, "percent_statements_covered_display": "93", "num_branches": 2, "num_partial_branches": 1, "covered_branches": 1, "missing_branches": 1, "percent_branches_covered": 50.0, "percent_branches_covered_display": "50"}, "missing_lines": [29], "excluded_lines": [], "start_line": 18, "executed_branches": [[28, 30]], "missing_branches": [[28, 29]]}, "Worker.heartbeat": {"executed_lines": [44, 45, 46, 47, 48, 49], "summary": {"covered_lines": 6, "num_statements": 12, "percent_covered": 61.111111111111114, "percent_covered_display": "61", "missing_lines": 6, "excluded_lines": 0, "percent_statements_covered": 50.0, "percent_statements_covered_display": "50", "num_branches": 6, "num_partial_branches": 1, "covered_branches": 5, "missing_branches": 1, "percent_branches_covered": 83.33333333333333, "percent_branches_covered_display": "83"}, "missing_lines": [50, 51, 52, 53, 54, 55], "excluded_lines": [], "start_line": 43, "executed_branches": [[44, -43], [44, 45], [47, 44], [47, 48], [49, 47]], "missing_branches": [[49, 50]]}, "Worker.consume": {"executed_lines": [58, 59, 60, 61, 62, 63, 64, 65, 66, 67, 68, 69, 70, 77, 84, 85, 94, 95], "summary": {"covered_lines": 18, "num_statements": 28, "percent_covered": 70.58823529411765, "percent_covered_display": "71", "missing_lines": 10, "excluded_lines": 0, "percent_statements_covered": 64.28571428571429, "percent_statements_covered_display": "64", "num_branches": 6, "num_partial_branches": 0, "covered_branches": 6, "missing_branches": 0, "percent_branches_covered": 100.0, "percent_branches_covered_display": "100"}, "missing_lines": [96, 97, 98, 99, 100, 101, 102, 103, 104, 105], "excluded_lines": [], "start_line": 57, "executed_branches": [[58, -57], [58, 59], [61, 62], [61, 66], [62, 63], [62, 64]], "missing_branches": []}, "Worker.run": {"executed_lines": [108, 109, 110, 111, 113, 114, 116, 117, 118, 119, 122, 123, 130, 131, 132, 133, 136, 140, 141, 143, 144, 145, 146], "summary": {"covered_lines": 23, "num_statements": 25, "percent_covered": 88.57142857142857, "percent_covered_display": "89", "missing_lines": 2, "excluded_lines": 0, "percent_statements_covered": 92.0, "percent_statements_covered_display": "92", "num_branches": 10, "num_partial_branches": 2, "covered_branches": 8, "missing_branches": 2, "percent_branches_covered": 80.0, "percent_branches_covered_display": "80"}, "missing_lines": [112, 115], "excluded_lines": [], "start_line": 107, "executed_branches": [[110, 111], [110, 114], [111, 113], [114, 116], [119, 122], [119, 123], [140, 141], [140, 143]], "missing_branches": [[111, 112], [114, 115]]}, "run_local": {"executed_lines": [152, 153, 154, 155, 156, 158], "summary": {"covered_lines": 6, "num_statements": 6, "percent_covered": 100.0, "percent_covered_display": "100", "missing_lines": 0, "excluded_lines": 0, "percent_statements_covered": 100.0, "percent_statements_covered_display": "100", "num_branches": 0, "num_partial_branches": 0, "covered_branches": 0, "missing_branches": 0, "percent_branches_covered": 100.0, "percent_branches_covered_display": "100"}, "missing_lines": [], "excluded_lines": [], "start_line": 149, "executed_branches": [], "missing_branches": []}, "": {"executed_lines": [3, 4, 5, 7, 9, 10, 11, 12, 13, 14, 17, 18, 43, 57, 107, 149], "summary": {"covered_lines": 16, "num_statements": 16, "percent_covered": 100.0, "percent_covered_display": "100", "missing_lines": 0, "excluded_lines": 0, "percent_statements_covered": 100.0, "percent_statements_covered_display": "100", "num_branches": 0, "num_partial_branches": 0, "covered_branches": 0, "missing_branches": 0, "percent_branches_covered": 100.0, "percent_branches_covered_display": "100"}, "missing_lines": [], "excluded_lines": [], "start_line": 1, "executed_branches": [], "missing_branches": []}}, "classes": {"Worker": {"executed_lines": [28, 30, 31, 32, 33, 34, 35, 36, 37, 38, 39, 40, 41, 44, 45, 46, 47, 48, 49, 58, 59, 60, 61, 62, 63, 64, 65, 66, 67, 68, 69, 70, 77, 84, 85, 94, 95, 108, 109, 110, 111, 113, 114, 116, 117, 118, 119, 122, 123, 130, 131, 132, 133, 136, 140, 141, 143, 144, 145, 146], "summary": {"covered_lines": 60, "num_statements": 79, "percent_covered": 77.66990291262135, "percent_covered_display": "78", "missing_lines": 19, "excluded_lines": 0, "percent_statements_covered": 75.9493670886076, "percent_statements_covered_display": "76", "num_branches": 24, "num_partial_branches": 4, "covered_branches": 20, "missing_branches": 4, "percent_branches_covered": 83.33333333333333, "percent_branches_covered_display": "83"}, "missing_lines": [29, 50, 51, 52, 53, 54, 55, 96, 97, 98, 99, 100, 101, 102, 103, 104, 105, 112, 115], "excluded_lines": [], "start_line": 17, "executed_branches": [[28, 30], [44, -43], [44, 45], [47, 44], [47, 48], [49, 47], [58, -57], [58, 59], [61, 62], [61, 66], [62, 63], [62, 64], [110, 111], [110, 114], [111, 113], [114, 116], [119, 122], [119, 123], [140, 141], [140, 143]], "missing_branches": [[28, 29], [49, 50], [111, 112], [114, 115]]}, "": {"executed_lines": [3, 4, 5, 7, 9, 10, 11, 12, 13, 14, 17, 18, 43, 57, 107, 149, 152, 153, 154, 155, 156, 158], "summary": {"covered_lines": 22, "num_statements": 22, "percent_covered": 100.0, "percent_covered_display": "100", "missing_lines": 0, "excluded_lines": 0, "percent_statements_covered": 100.0, "percent_statements_covered_display": "100", "num_branches": 0, "num_partial_branches": 0, "covered_branches": 0, "missing_branches": 0, "percent_branches_covered": 100.0, "percent_branches_covered_display": "100"}, "missing_lines": [], "excluded_lines": [], "start_line": 1, "executed_branches": [], "missing_branches": []}}}}, "totals": {"covered_lines": 659, "num_statements": 725, "percent_covered": 89.45191313340227, "percent_covered_display": "89", "missing_lines": 66, "excluded_lines": 0, "percent_statements_covered": 90.89655172413794, "percent_statements_covered_display": "91", "num_branches": 242, "num_partial_branches": 30, "covered_branches": 206, "missing_branches": 36, "percent_branches_covered": 85.12396694214875, "percent_branches_covered_display": "85"}}