<testsuite name="Inventory API throughput benchmark" tests="240" failures="0" errors="0" time="8.823721"><properties><property name="run_id" value="492d3e45e2eb4b238ccf2e7cc4f7df67" /><property name="mode" value="local" /><property name="expected" value="240" /><property name="infrastructure_error" value="" /></properties><testcase classname="Inventory API throughput benchmark" name="catalog-000" time="0.048133" /><testcase classname="Inventory API throughput benchmark" name="catalog-001" time="0.046757" /><testcase classname="Inventory API throughput benchmark" name="catalog-002" time="0.058466" /><testcase classname="Inventory API throughput benchmark" name="catalog-003" time="0.045899" /><testcase classname="Inventory API throughput benchmark" name="catalog-004" time="0.049808" /><testcase classname="Inventory API throughput benchmark" name="catalog-005" time="0.039032" /><testcase classname="Inventory API throughput benchmark" name="catalog-006" time="0.042261" /><testcase classname="Inventory API throughput benchmark" name="catalog-007" time="0.055413" /><testcase classname="Inventory API throughput benchmark" name="catalog-008" time="0.043620" /><testcase classname="Inventory API throughput benchmark" name="catalog-009" time="0.036269" /><testcase classname="Inventory API throughput benchmark" name="catalog-010" time="0.046856" /><testcase classname="Inventory API throughput benchmark" name="catalog-011" time="0.038519" /><testcase classname="Inventory API throughput benchmark" name="catalog-012" time="0.042429" /><testcase classname="Inventory API throughput benchmark" name="catalog-013" time="0.039412" /><testcase classname="Inventory API throughput benchmark" name="catalog-014" time="0.036599" /><testcase classname="Inventory API throughput benchmark" name="catalog-015" time="0.044703" /><testcase classname="Inventory API throughput benchmark" name="catalog-016" time="0.030319" /><testcase classname="Inventory API throughput benchmark" name="catalog-017" time="0.035662" /><testcase classname="Inventory API throughput benchmark" name="catalog-018" time="0.030852" /><testcase classname="Inventory API throughput benchmark" name="catalog-019" time="0.036877" /><testcase classname="Inventory API throughput benchmark" name="catalog-020" time="0.038205" /><testcase classname="Inventory API throughput benchmark" name="catalog-021" time="0.035776" /><testcase classname="Inventory API throughput benchmark" name="catalog-022" time="0.045275" /><testcase classname="Inventory API throughput benchmark" name="catalog-023" time="0.033033" /><testcase classname="Inventory API throughput benchmark" name="catalog-024" time="0.038969" /><testcase classname="Inventory API throughput benchmark" name="catalog-025" time="0.034171" /><testcase classname="Inventory API throughput benchmark" name="catalog-026" time="0.041164" /><testcase classname="Inventory API throughput benchmark" name="catalog-027" time="0.039411" /><testcase classname="Inventory API throughput benchmark" name="catalog-028" time="0.040539" /><testcase classname="Inventory API throughput benchmark" name="catalog-029" time="0.032387" /><testcase classname="Inventory API throughput benchmark" name="catalog-030" time="0.043252" /><testcase classname="Inventory API throughput benchmark" name="catalog-031" time="0.048197" /><testcase classname="Inventory API throughput benchmark" name="catalog-032" time="0.039615" /><testcase classname="Inventory API throughput benchmark" name="catalog-033" time="0.032921" /><testcase classname="Inventory API throughput benchmark" name="catalog-034" time="0.036068" /><testcase classname="Inventory API throughput benchmark" name="catalog-035" time="0.041344" /><testcase classname="Inventory API throughput benchmark" name="catalog-036" time="0.033048" /><testcase classname="Inventory API throughput benchmark" name="catalog-037" time="0.038776" /><testcase classname="Inventory API throughput benchmark" name="catalog-038" time="0.044503" /><testcase classname="Inventory API throughput benchmark" name="catalog-039" time="0.043774" /><testcase classname="Inventory API throughput benchmark" name="catalog-040" time="0.036709" /><testcase classname="Inventory API throughput benchmark" name="catalog-041" time="0.031011" /><testcase classname="Inventory API throughput benchmark" name="catalog-042" time="0.030819" /><testcase classname="Inventory API throughput benchmark" name="catalog-043" time="0.037682" /><testcase classname="Inventory API throughput benchmark" name="catalog-044" time="0.043585" /><testcase classname="Inventory API throughput benchmark" name="catalog-045" time="0.038541" /><testcase classname="Inventory API throughput benchmark" name="catalog-046" time="0.043021" /><testcase classname="Inventory API throughput benchmark" name="catalog-047" time="0.036938" /><testcase classname="Inventory API throughput benchmark" name="catalog-048" time="0.035784" /><testcase classname="Inventory API throughput benchmark" name="catalog-049" time="0.044954" /><testcase classname="Inventory API throughput benchmark" name="catalog-050" time="0.043321" /><testcase classname="Inventory API throughput benchmark" name="catalog-051" time="0.046949" /><testcase classname="Inventory API throughput benchmark" name="catalog-052" time="0.047133" /><testcase classname="Inventory API throughput benchmark" name="catalog-053" time="0.036008" /><testcase classname="Inventory API throughput benchmark" name="catalog-054" time="0.046986" /><testcase classname="Inventory API throughput benchmark" name="catalog-055" time="0.037950" /><testcase classname="Inventory API throughput benchmark" name="catalog-056" time="0.047496" /><testcase classname="Inventory API throughput benchmark" name="catalog-057" time="0.048512" /><testcase classname="Inventory API throughput benchmark" name="catalog-058" time="0.051652" /><testcase classname="Inventory API throughput benchmark" name="catalog-059" time="0.038855" /><testcase classname="Inventory API throughput benchmark" name="catalog-060" time="0.040973" /><testcase classname="Inventory API throughput benchmark" name="catalog-061" time="0.032319" /><testcase classname="Inventory API throughput benchmark" name="catalog-062" time="0.034169" /><testcase classname="Inventory API throughput benchmark" name="catalog-063" time="0.037945" /><testcase classname="Inventory API throughput benchmark" name="catalog-064" time="0.041899" /><testcase classname="Inventory API throughput benchmark" name="catalog-065" time="0.040667" /><testcase classname="Inventory API throughput benchmark" name="catalog-066" time="0.032890" /><testcase classname="Inventory API throughput benchmark" name="catalog-067" time="0.039895" /><testcase classname="Inventory API throughput benchmark" name="catalog-068" time="0.037339" /><testcase classname="Inventory API throughput benchmark" name="catalog-069" time="0.035020" /><testcase classname="Inventory API throughput benchmark" name="catalog-070" time="0.037578" /><testcase classname="Inventory API throughput benchmark" name="catalog-071" time="0.037103" /><testcase classname="Inventory API throughput benchmark" name="catalog-072" time="0.035150" /><testcase classname="Inventory API throughput benchmark" name="catalog-073" time="0.029120" /><testcase classname="Inventory API throughput benchmark" name="catalog-074" time="0.032763" /><testcase classname="Inventory API throughput benchmark" name="catalog-075" time="0.031783" /><testcase classname="Inventory API throughput benchmark" name="catalog-076" time="0.031206" /><testcase classname="Inventory API throughput benchmark" name="catalog-077" time="0.034576" /><testcase classname="Inventory API throughput benchmark" name="catalog-078" time="0.031625" /><testcase classname="Inventory API throughput benchmark" name="catalog-079" time="0.029557" /><testcase classname="Inventory API throughput benchmark" name="catalog-080" time="0.035296" /><testcase classname="Inventory API throughput benchmark" name="catalog-081" time="0.044124" /><testcase classname="Inventory API throughput benchmark" name="catalog-082" time="0.032258" /><testcase classname="Inventory API throughput benchmark" name="catalog-083" time="0.038296" /><testcase classname="Inventory API throughput benchmark" name="catalog-084" time="0.042496" /><testcase classname="Inventory API throughput benchmark" name="catalog-085" time="0.039919" /><testcase classname="Inventory API throughput benchmark" name="catalog-086" time="0.038834" /><testcase classname="Inventory API throughput benchmark" name="catalog-087" time="0.053241" /><testcase classname="Inventory API throughput benchmark" name="catalog-088" time="0.045412" /><testcase classname="Inventory API throughput benchmark" name="catalog-089" time="0.034583" /><testcase classname="Inventory API throughput benchmark" name="catalog-090" time="0.035113" /><testcase classname="Inventory API throughput benchmark" name="catalog-091" time="0.038659" /><testcase classname="Inventory API throughput benchmark" name="catalog-092" time="0.035360" /><testcase classname="Inventory API throughput benchmark" name="catalog-093" time="0.034247" /><testcase classname="Inventory API throughput benchmark" name="catalog-094" time="0.039457" /><testcase classname="Inventory API throughput benchmark" name="catalog-095" time="0.033197" /><testcase classname="Inventory API throughput benchmark" name="catalog-096" time="0.038546" /><testcase classname="Inventory API throughput benchmark" name="catalog-097" time="0.032914" /><testcase classname="Inventory API throughput benchmark" name="catalog-098" time="0.033130" /><testcase classname="Inventory API throughput benchmark" name="catalog-099" time="0.036461" /><testcase classname="Inventory API throughput benchmark" name="catalog-100" time="0.034217" /><testcase classname="Inventory API throughput benchmark" name="catalog-101" time="0.034076" /><testcase classname="Inventory API throughput benchmark" name="catalog-102" time="0.032387" /><testcase classname="Inventory API throughput benchmark" name="catalog-103" time="0.032274" /><testcase classname="Inventory API throughput benchmark" name="catalog-104" time="0.034693" /><testcase classname="Inventory API throughput benchmark" name="catalog-105" time="0.031857" /><testcase classname="Inventory API throughput benchmark" name="catalog-106" time="0.029785" /><testcase classname="Inventory API throughput benchmark" name="catalog-107" time="0.031506" /><testcase classname="Inventory API throughput benchmark" name="catalog-108" time="0.033588" /><testcase classname="Inventory API throughput benchmark" name="catalog-109" time="0.030400" /><testcase classname="Inventory API throughput benchmark" name="catalog-110" time="0.031807" /><testcase classname="Inventory API throughput benchmark" name="catalog-111" time="0.030537" /><testcase classname="Inventory API throughput benchmark" name="catalog-112" time="0.036235" /><testcase classname="Inventory API throughput benchmark" name="catalog-113" time="0.033888" /><testcase classname="Inventory API throughput benchmark" name="catalog-114" time="0.031920" /><testcase classname="Inventory API throughput benchmark" name="catalog-115" time="0.047169" /><testcase classname="Inventory API throughput benchmark" name="catalog-116" time="0.036217" /><testcase classname="Inventory API throughput benchmark" name="catalog-117" time="0.041329" /><testcase classname="Inventory API throughput benchmark" name="catalog-118" time="0.044603" /><testcase classname="Inventory API throughput benchmark" name="catalog-119" time="0.037827" /><testcase classname="Inventory API throughput benchmark" name="catalog-120" time="0.033859" /><testcase classname="Inventory API throughput benchmark" name="catalog-121" time="0.036774" /><testcase classname="Inventory API throughput benchmark" name="catalog-122" time="0.031231" /><testcase classname="Inventory API throughput benchmark" name="catalog-123" time="0.037116" /><testcase classname="Inventory API throughput benchmark" name="catalog-124" time="0.035405" /><testcase classname="Inventory API throughput benchmark" name="catalog-125" time="0.035415" /><testcase classname="Inventory API throughput benchmark" name="catalog-126" time="0.035258" /><testcase classname="Inventory API throughput benchmark" name="catalog-127" time="0.041881" /><testcase classname="Inventory API throughput benchmark" name="catalog-128" time="0.035768" /><testcase classname="Inventory API throughput benchmark" name="catalog-129" time="0.030479" /><testcase classname="Inventory API throughput benchmark" name="catalog-130" time="0.029059" /><testcase classname="Inventory API throughput benchmark" name="catalog-131" time="0.032147" /><testcase classname="Inventory API throughput benchmark" name="catalog-132" time="0.035258" /><testcase classname="Inventory API throughput benchmark" name="catalog-133" time="0.030514" /><testcase classname="Inventory API throughput benchmark" name="catalog-134" time="0.029565" /><testcase classname="Inventory API throughput benchmark" name="catalog-135" time="0.029570" /><testcase classname="Inventory API throughput benchmark" name="catalog-136" time="0.029993" /><testcase classname="Inventory API throughput benchmark" name="catalog-137" time="0.029746" /><testcase classname="Inventory API throughput benchmark" name="catalog-138" time="0.029794" /><testcase classname="Inventory API throughput benchmark" name="catalog-139" time="0.031392" /><testcase classname="Inventory API throughput benchmark" name="catalog-140" time="0.033060" /><testcase classname="Inventory API throughput benchmark" name="catalog-141" time="0.032076" /><testcase classname="Inventory API throughput benchmark" name="catalog-142" time="0.030702" /><testcase classname="Inventory API throughput benchmark" name="catalog-143" time="0.033543" /><testcase classname="Inventory API throughput benchmark" name="catalog-144" time="0.029925" /><testcase classname="Inventory API throughput benchmark" name="catalog-145" time="0.030368" /><testcase classname="Inventory API throughput benchmark" name="catalog-146" time="0.029426" /><testcase classname="Inventory API throughput benchmark" name="catalog-147" time="0.033145" /><testcase classname="Inventory API throughput benchmark" name="catalog-148" time="0.038009" /><testcase classname="Inventory API throughput benchmark" name="catalog-149" time="0.037982" /><testcase classname="Inventory API throughput benchmark" name="catalog-150" time="0.031355" /><testcase classname="Inventory API throughput benchmark" name="catalog-151" time="0.042403" /><testcase classname="Inventory API throughput benchmark" name="catalog-152" time="0.042385" /><testcase classname="Inventory API throughput benchmark" name="catalog-153" time="0.031037" /><testcase classname="Inventory API throughput benchmark" name="catalog-154" time="0.035024" /><testcase classname="Inventory API throughput benchmark" name="catalog-155" time="0.035989" /><testcase classname="Inventory API throughput benchmark" name="catalog-156" time="0.034080" /><testcase classname="Inventory API throughput benchmark" name="catalog-157" time="0.036706" /><testcase classname="Inventory API throughput benchmark" name="catalog-158" time="0.042114" /><testcase classname="Inventory API throughput benchmark" name="catalog-159" time="0.031893" /><testcase classname="Inventory API throughput benchmark" name="catalog-160" time="0.030661" /><testcase classname="Inventory API throughput benchmark" name="catalog-161" time="0.031782" /><testcase classname="Inventory API throughput benchmark" name="catalog-162" time="0.030925" /><testcase classname="Inventory API throughput benchmark" name="catalog-163" time="0.029335" /><testcase classname="Inventory API throughput benchmark" name="catalog-164" time="0.029481" /><testcase classname="Inventory API throughput benchmark" name="catalog-165" time="0.044237" /><testcase classname="Inventory API throughput benchmark" name="catalog-166" time="0.035383" /><testcase classname="Inventory API throughput benchmark" name="catalog-167" time="0.032204" /><testcase classname="Inventory API throughput benchmark" name="catalog-168" time="0.076450" /><testcase classname="Inventory API throughput benchmark" name="catalog-169" time="0.030965" /><testcase classname="Inventory API throughput benchmark" name="catalog-170" time="0.029513" /><testcase classname="Inventory API throughput benchmark" name="catalog-171" time="0.032631" /><testcase classname="Inventory API throughput benchmark" name="catalog-172" time="0.037764" /><testcase classname="Inventory API throughput benchmark" name="catalog-173" time="0.038415" /><testcase classname="Inventory API throughput benchmark" name="catalog-174" time="0.030628" /><testcase classname="Inventory API throughput benchmark" name="catalog-175" time="0.031378" /><testcase classname="Inventory API throughput benchmark" name="catalog-176" time="0.032124" /><testcase classname="Inventory API throughput benchmark" name="catalog-177" time="0.031887" /><testcase classname="Inventory API throughput benchmark" name="catalog-178" time="0.031610" /><testcase classname="Inventory API throughput benchmark" name="catalog-179" time="0.031417" /><testcase classname="Inventory API throughput benchmark" name="catalog-180" time="0.034792" /><testcase classname="Inventory API throughput benchmark" name="catalog-181" time="0.034042" /><testcase classname="Inventory API throughput benchmark" name="catalog-182" time="0.037790" /><testcase classname="Inventory API throughput benchmark" name="catalog-183" time="0.041324" /><testcase classname="Inventory API throughput benchmark" name="catalog-184" time="0.038812" /><testcase classname="Inventory API throughput benchmark" name="catalog-185" time="0.035485" /><testcase classname="Inventory API throughput benchmark" name="catalog-186" time="0.037316" /><testcase classname="Inventory API throughput benchmark" name="catalog-187" time="0.038899" /><testcase classname="Inventory API throughput benchmark" name="catalog-188" time="0.038724" /><testcase classname="Inventory API throughput benchmark" name="catalog-189" time="0.040343" /><testcase classname="Inventory API throughput benchmark" name="catalog-190" time="0.041503" /><testcase classname="Inventory API throughput benchmark" name="catalog-191" time="0.051128" /><testcase classname="Inventory API throughput benchmark" name="catalog-192" time="0.032038" /><testcase classname="Inventory API throughput benchmark" name="catalog-193" time="0.034830" /><testcase classname="Inventory API throughput benchmark" name="catalog-194" time="0.033152" /><testcase classname="Inventory API throughput benchmark" name="catalog-195" time="0.037304" /><testcase classname="Inventory API throughput benchmark" name="catalog-196" time="0.031163" /><testcase classname="Inventory API throughput benchmark" name="catalog-197" time="0.032732" /><testcase classname="Inventory API throughput benchmark" name="catalog-198" time="0.029584" /><testcase classname="Inventory API throughput benchmark" name="catalog-199" time="0.036583" /><testcase classname="Inventory API throughput benchmark" name="catalog-200" time="0.031424" /><testcase classname="Inventory API throughput benchmark" name="catalog-201" time="0.034923" /><testcase classname="Inventory API throughput benchmark" name="catalog-202" time="0.032937" /><testcase classname="Inventory API throughput benchmark" name="catalog-203" time="0.035228" /><testcase classname="Inventory API throughput benchmark" name="catalog-204" time="0.029279" /><testcase classname="Inventory API throughput benchmark" name="catalog-205" time="0.033002" /><testcase classname="Inventory API throughput benchmark" name="catalog-206" time="0.030476" /><testcase classname="Inventory API throughput benchmark" name="catalog-207" time="0.029588" /><testcase classname="Inventory API throughput benchmark" name="catalog-208" time="0.029773" /><testcase classname="Inventory API throughput benchmark" name="catalog-209" time="0.035846" /><testcase classname="Inventory API throughput benchmark" name="catalog-210" time="0.033345" /><testcase classname="Inventory API throughput benchmark" name="catalog-211" time="0.035945" /><testcase classname="Inventory API throughput benchmark" name="catalog-212" time="0.031947" /><testcase classname="Inventory API throughput benchmark" name="catalog-213" time="0.033689" /><testcase classname="Inventory API throughput benchmark" name="catalog-214" time="0.040301" /><testcase classname="Inventory API throughput benchmark" name="catalog-215" time="0.037711" /><testcase classname="Inventory API throughput benchmark" name="catalog-216" time="0.036056" /><testcase classname="Inventory API throughput benchmark" name="catalog-217" time="0.038243" /><testcase classname="Inventory API throughput benchmark" name="catalog-218" time="0.037233" /><testcase classname="Inventory API throughput benchmark" name="catalog-219" time="0.041919" /><testcase classname="Inventory API throughput benchmark" name="catalog-220" time="0.031453" /><testcase classname="Inventory API throughput benchmark" name="catalog-221" time="0.035742" /><testcase classname="Inventory API throughput benchmark" name="catalog-222" time="0.033093" /><testcase classname="Inventory API throughput benchmark" name="catalog-223" time="0.041206" /><testcase classname="Inventory API throughput benchmark" name="catalog-224" time="0.031482" /><testcase classname="Inventory API throughput benchmark" name="catalog-225" time="0.050594" /><testcase classname="Inventory API throughput benchmark" name="catalog-226" time="0.031443" /><testcase classname="Inventory API throughput benchmark" name="catalog-227" time="0.031658" /><testcase classname="Inventory API throughput benchmark" name="catalog-228" time="0.035014" /><testcase classname="Inventory API throughput benchmark" name="catalog-229" time="0.031142" /><testcase classname="Inventory API throughput benchmark" name="catalog-230" time="0.045267" /><testcase classname="Inventory API throughput benchmark" name="catalog-231" time="0.029238" /><testcase classname="Inventory API throughput benchmark" name="catalog-232" time="0.039664" /><testcase classname="Inventory API throughput benchmark" name="catalog-233" time="0.035639" /><testcase classname="Inventory API throughput benchmark" name="catalog-234" time="0.035067" /><testcase classname="Inventory API throughput benchmark" name="catalog-235" time="0.032229" /><testcase classname="Inventory API throughput benchmark" name="catalog-236" time="0.030599" /><testcase classname="Inventory API throughput benchmark" name="catalog-237" time="0.032839" /><testcase classname="Inventory API throughput benchmark" name="catalog-238" time="0.037078" /><testcase classname="Inventory API throughput benchmark" name="catalog-239" time="0.033957" /></testsuite>
