<testsuite name="Inventory API throughput benchmark" tests="240" failures="0" errors="0" time="4.484376"><properties><property name="run_id" value="287d6e0b92e142518072bfc7920ced2b" /><property name="mode" value="distributed" /><property name="expected" value="240" /><property name="infrastructure_error" value="" /></properties><testcase classname="Inventory API throughput benchmark" name="catalog-000" time="0.164277" /><testcase classname="Inventory API throughput benchmark" name="catalog-001" time="0.120319" /><testcase classname="Inventory API throughput benchmark" name="catalog-002" time="0.153999" /><testcase classname="Inventory API throughput benchmark" name="catalog-003" time="0.101574" /><testcase classname="Inventory API throughput benchmark" name="catalog-004" time="0.095471" /><testcase classname="Inventory API throughput benchmark" name="catalog-005" time="0.108849" /><testcase classname="Inventory API throughput benchmark" name="catalog-006" time="0.115178" /><testcase classname="Inventory API throughput benchmark" name="catalog-007" time="0.076037" /><testcase classname="Inventory API throughput benchmark" name="catalog-008" time="0.065578" /><testcase classname="Inventory API throughput benchmark" name="catalog-009" time="0.110832" /><testcase classname="Inventory API throughput benchmark" name="catalog-010" time="0.114054" /><testcase classname="Inventory API throughput benchmark" name="catalog-011" time="0.113001" /><testcase classname="Inventory API throughput benchmark" name="catalog-012" time="0.098842" /><testcase classname="Inventory API throughput benchmark" name="catalog-013" time="0.052687" /><testcase classname="Inventory API throughput benchmark" name="catalog-014" time="0.061950" /><testcase classname="Inventory API throughput benchmark" name="catalog-015" time="0.076359" /><testcase classname="Inventory API throughput benchmark" name="catalog-016" time="0.073851" /><testcase classname="Inventory API throughput benchmark" name="catalog-017" time="0.055117" /><testcase classname="Inventory API throughput benchmark" name="catalog-018" time="0.057906" /><testcase classname="Inventory API throughput benchmark" name="catalog-019" time="0.081669" /><testcase classname="Inventory API throughput benchmark" name="catalog-020" time="0.084052" /><testcase classname="Inventory API throughput benchmark" name="catalog-021" time="0.059215" /><testcase classname="Inventory API throughput benchmark" name="catalog-022" time="0.049666" /><testcase classname="Inventory API throughput benchmark" name="catalog-023" time="0.052218" /><testcase classname="Inventory API throughput benchmark" name="catalog-024" time="0.049452" /><testcase classname="Inventory API throughput benchmark" name="catalog-025" time="0.055272" /><testcase classname="Inventory API throughput benchmark" name="catalog-026" time="0.053519" /><testcase classname="Inventory API throughput benchmark" name="catalog-027" time="0.043671" /><testcase classname="Inventory API throughput benchmark" name="catalog-028" time="0.042515" /><testcase classname="Inventory API throughput benchmark" name="catalog-029" time="0.034904" /><testcase classname="Inventory API throughput benchmark" name="catalog-030" time="0.042984" /><testcase classname="Inventory API throughput benchmark" name="catalog-031" time="0.038577" /><testcase classname="Inventory API throughput benchmark" name="catalog-032" time="0.045075" /><testcase classname="Inventory API throughput benchmark" name="catalog-033" time="0.037837" /><testcase classname="Inventory API throughput benchmark" name="catalog-034" time="0.068193" /><testcase classname="Inventory API throughput benchmark" name="catalog-035" time="0.054368" /><testcase classname="Inventory API throughput benchmark" name="catalog-036" time="0.040737" /><testcase classname="Inventory API throughput benchmark" name="catalog-037" time="0.032528" /><testcase classname="Inventory API throughput benchmark" name="catalog-038" time="0.034383" /><testcase classname="Inventory API throughput benchmark" name="catalog-039" time="0.040314" /><testcase classname="Inventory API throughput benchmark" name="catalog-040" time="0.042544" /><testcase classname="Inventory API throughput benchmark" name="catalog-041" time="0.035623" /><testcase classname="Inventory API throughput benchmark" name="catalog-042" time="0.029429" /><testcase classname="Inventory API throughput benchmark" name="catalog-043" time="0.036217" /><testcase classname="Inventory API throughput benchmark" name="catalog-044" time="0.036022" /><testcase classname="Inventory API throughput benchmark" name="catalog-045" time="0.038225" /><testcase classname="Inventory API throughput benchmark" name="catalog-046" time="0.038560" /><testcase classname="Inventory API throughput benchmark" name="catalog-047" time="0.037644" /><testcase classname="Inventory API throughput benchmark" name="catalog-048" time="0.032848" /><testcase classname="Inventory API throughput benchmark" name="catalog-049" time="0.029844" /><testcase classname="Inventory API throughput benchmark" name="catalog-050" time="0.041030" /><testcase classname="Inventory API throughput benchmark" name="catalog-051" time="0.035185" /><testcase classname="Inventory API throughput benchmark" name="catalog-052" time="0.033212" /><testcase classname="Inventory API throughput benchmark" name="catalog-053" time="0.068012" /><testcase classname="Inventory API throughput benchmark" name="catalog-054" time="0.104931" /><testcase classname="Inventory API throughput benchmark" name="catalog-055" time="0.085377" /><testcase classname="Inventory API throughput benchmark" name="catalog-056" time="0.086503" /><testcase classname="Inventory API throughput benchmark" name="catalog-057" time="0.100606" /><testcase classname="Inventory API throughput benchmark" name="catalog-058" time="0.059370" /><testcase classname="Inventory API throughput benchmark" name="catalog-059" time="0.089183" /><testcase classname="Inventory API throughput benchmark" name="catalog-060" time="0.089714" /><testcase classname="Inventory API throughput benchmark" name="catalog-061" time="0.079463" /><testcase classname="Inventory API throughput benchmark" name="catalog-062" time="0.072261" /><testcase classname="Inventory API throughput benchmark" name="catalog-063" time="0.072319" /><testcase classname="Inventory API throughput benchmark" name="catalog-064" time="0.065863" /><testcase classname="Inventory API throughput benchmark" name="catalog-065" time="0.078677" /><testcase classname="Inventory API throughput benchmark" name="catalog-066" time="0.053937" /><testcase classname="Inventory API throughput benchmark" name="catalog-067" time="0.069372" /><testcase classname="Inventory API throughput benchmark" name="catalog-068" time="0.070073" /><testcase classname="Inventory API throughput benchmark" name="catalog-069" time="0.067863" /><testcase classname="Inventory API throughput benchmark" name="catalog-070" time="0.068849" /><testcase classname="Inventory API throughput benchmark" name="catalog-071" time="0.112712" /><testcase classname="Inventory API throughput benchmark" name="catalog-072" time="0.111223" /><testcase classname="Inventory API throughput benchmark" name="catalog-073" time="0.094915" /><testcase classname="Inventory API throughput benchmark" name="catalog-074" time="0.071714" /><testcase classname="Inventory API throughput benchmark" name="catalog-075" time="0.045923" /><testcase classname="Inventory API throughput benchmark" name="catalog-076" time="0.092429" /><testcase classname="Inventory API throughput benchmark" name="catalog-077" time="0.077942" /><testcase classname="Inventory API throughput benchmark" name="catalog-078" time="0.081636" /><testcase classname="Inventory API throughput benchmark" name="catalog-079" time="0.109914" /><testcase classname="Inventory API throughput benchmark" name="catalog-080" time="0.065151" /><testcase classname="Inventory API throughput benchmark" name="catalog-081" time="0.101519" /><testcase classname="Inventory API throughput benchmark" name="catalog-082" time="0.062580" /><testcase classname="Inventory API throughput benchmark" name="catalog-083" time="0.093658" /><testcase classname="Inventory API throughput benchmark" name="catalog-084" time="0.053488" /><testcase classname="Inventory API throughput benchmark" name="catalog-085" time="0.084036" /><testcase classname="Inventory API throughput benchmark" name="catalog-086" time="0.138174" /><testcase classname="Inventory API throughput benchmark" name="catalog-087" time="0.079818" /><testcase classname="Inventory API throughput benchmark" name="catalog-088" time="0.068492" /><testcase classname="Inventory API throughput benchmark" name="catalog-089" time="0.084827" /><testcase classname="Inventory API throughput benchmark" name="catalog-090" time="0.054082" /><testcase classname="Inventory API throughput benchmark" name="catalog-091" time="0.035968" /><testcase classname="Inventory API throughput benchmark" name="catalog-092" time="0.065609" /><testcase classname="Inventory API throughput benchmark" name="catalog-093" time="0.057846" /><testcase classname="Inventory API throughput benchmark" name="catalog-094" time="0.039692" /><testcase classname="Inventory API throughput benchmark" name="catalog-095" time="0.061032" /><testcase classname="Inventory API throughput benchmark" name="catalog-096" time="0.056137" /><testcase classname="Inventory API throughput benchmark" name="catalog-097" time="0.059058" /><testcase classname="Inventory API throughput benchmark" name="catalog-098" time="0.064684" /><testcase classname="Inventory API throughput benchmark" name="catalog-099" time="0.048048" /><testcase classname="Inventory API throughput benchmark" name="catalog-100" time="0.043393" /><testcase classname="Inventory API throughput benchmark" name="catalog-101" time="0.044439" /><testcase classname="Inventory API throughput benchmark" name="catalog-102" time="0.048687" /><testcase classname="Inventory API throughput benchmark" name="catalog-103" time="0.046777" /><testcase classname="Inventory API throughput benchmark" name="catalog-104" time="0.052730" /><testcase classname="Inventory API throughput benchmark" name="catalog-105" time="0.048883" /><testcase classname="Inventory API throughput benchmark" name="catalog-106" time="0.049446" /><testcase classname="Inventory API throughput benchmark" name="catalog-107" time="0.055219" /><testcase classname="Inventory API throughput benchmark" name="catalog-108" time="0.046586" /><testcase classname="Inventory API throughput benchmark" name="catalog-109" time="0.045866" /><testcase classname="Inventory API throughput benchmark" name="catalog-110" time="0.049052" /><testcase classname="Inventory API throughput benchmark" name="catalog-111" time="0.051610" /><testcase classname="Inventory API throughput benchmark" name="catalog-112" time="0.049746" /><testcase classname="Inventory API throughput benchmark" name="catalog-113" time="0.044142" /><testcase classname="Inventory API throughput benchmark" name="catalog-114" time="0.056078" /><testcase classname="Inventory API throughput benchmark" name="catalog-115" time="0.034215" /><testcase classname="Inventory API throughput benchmark" name="catalog-116" time="0.045527" /><testcase classname="Inventory API throughput benchmark" name="catalog-117" time="0.039918" /><testcase classname="Inventory API throughput benchmark" name="catalog-118" time="0.050952" /><testcase classname="Inventory API throughput benchmark" name="catalog-119" time="0.032270" /><testcase classname="Inventory API throughput benchmark" name="catalog-120" time="0.040243" /><testcase classname="Inventory API throughput benchmark" name="catalog-121" time="0.043439" /><testcase classname="Inventory API throughput benchmark" name="catalog-122" time="0.038210" /><testcase classname="Inventory API throughput benchmark" name="catalog-123" time="0.066818" /><testcase classname="Inventory API throughput benchmark" name="catalog-124" time="0.041289" /><testcase classname="Inventory API throughput benchmark" name="catalog-125" time="0.042558" /><testcase classname="Inventory API throughput benchmark" name="catalog-126" time="0.047489" /><testcase classname="Inventory API throughput benchmark" name="catalog-127" time="0.039583" /><testcase classname="Inventory API throughput benchmark" name="catalog-128" time="0.042678" /><testcase classname="Inventory API throughput benchmark" name="catalog-129" time="0.078571" /><testcase classname="Inventory API throughput benchmark" name="catalog-130" time="0.069131" /><testcase classname="Inventory API throughput benchmark" name="catalog-131" time="0.063131" /><testcase classname="Inventory API throughput benchmark" name="catalog-132" time="0.077216" /><testcase classname="Inventory API throughput benchmark" name="catalog-133" time="0.083640" /><testcase classname="Inventory API throughput benchmark" name="catalog-134" time="0.126426" /><testcase classname="Inventory API throughput benchmark" name="catalog-135" time="0.112996" /><testcase classname="Inventory API throughput benchmark" name="catalog-136" time="0.111859" /><testcase classname="Inventory API throughput benchmark" name="catalog-137" time="0.085915" /><testcase classname="Inventory API throughput benchmark" name="catalog-138" time="0.088636" /><testcase classname="Inventory API throughput benchmark" name="catalog-139" time="0.067218" /><testcase classname="Inventory API throughput benchmark" name="catalog-140" time="0.109253" /><testcase classname="Inventory API throughput benchmark" name="catalog-141" time="0.079193" /><testcase classname="Inventory API throughput benchmark" name="catalog-142" time="0.043361" /><testcase classname="Inventory API throughput benchmark" name="catalog-143" time="0.087640" /><testcase classname="Inventory API throughput benchmark" name="catalog-144" time="0.083934" /><testcase classname="Inventory API throughput benchmark" name="catalog-145" time="0.084680" /><testcase classname="Inventory API throughput benchmark" name="catalog-146" time="0.077741" /><testcase classname="Inventory API throughput benchmark" name="catalog-147" time="0.071382" /><testcase classname="Inventory API throughput benchmark" name="catalog-148" time="0.046523" /><testcase classname="Inventory API throughput benchmark" name="catalog-149" time="0.046000" /><testcase classname="Inventory API throughput benchmark" name="catalog-150" time="0.042791" /><testcase classname="Inventory API throughput benchmark" name="catalog-151" time="0.083596" /><testcase classname="Inventory API throughput benchmark" name="catalog-152" time="0.043588" /><testcase classname="Inventory API throughput benchmark" name="catalog-153" time="0.055029" /><testcase classname="Inventory API throughput benchmark" name="catalog-154" time="0.062361" /><testcase classname="Inventory API throughput benchmark" name="catalog-155" time="0.045648" /><testcase classname="Inventory API throughput benchmark" name="catalog-156" time="0.092189" /><testcase classname="Inventory API throughput benchmark" name="catalog-157" time="0.043241" /><testcase classname="Inventory API throughput benchmark" name="catalog-158" time="0.052104" /><testcase classname="Inventory API throughput benchmark" name="catalog-159" time="0.057315" /><testcase classname="Inventory API throughput benchmark" name="catalog-160" time="0.065326" /><testcase classname="Inventory API throughput benchmark" name="catalog-161" time="0.109169" /><testcase classname="Inventory API throughput benchmark" name="catalog-162" time="0.097226" /><testcase classname="Inventory API throughput benchmark" name="catalog-163" time="0.086614" /><testcase classname="Inventory API throughput benchmark" name="catalog-164" time="0.113229" /><testcase classname="Inventory API throughput benchmark" name="catalog-165" time="0.072341" /><testcase classname="Inventory API throughput benchmark" name="catalog-166" time="0.073586" /><testcase classname="Inventory API throughput benchmark" name="catalog-167" time="0.070362" /><testcase classname="Inventory API throughput benchmark" name="catalog-168" time="0.092261" /><testcase classname="Inventory API throughput benchmark" name="catalog-169" time="0.051112" /><testcase classname="Inventory API throughput benchmark" name="catalog-170" time="0.068433" /><testcase classname="Inventory API throughput benchmark" name="catalog-171" time="0.058421" /><testcase classname="Inventory API throughput benchmark" name="catalog-172" time="0.055287" /><testcase classname="Inventory API throughput benchmark" name="catalog-173" time="0.051119" /><testcase classname="Inventory API throughput benchmark" name="catalog-174" time="0.059021" /><testcase classname="Inventory API throughput benchmark" name="catalog-175" time="0.060497" /><testcase classname="Inventory API throughput benchmark" name="catalog-176" time="0.044665" /><testcase classname="Inventory API throughput benchmark" name="catalog-177" time="0.040134" /><testcase classname="Inventory API throughput benchmark" name="catalog-178" time="0.032973" /><testcase classname="Inventory API throughput benchmark" name="catalog-179" time="0.044023" /><testcase classname="Inventory API throughput benchmark" name="catalog-180" time="0.045437" /><testcase classname="Inventory API throughput benchmark" name="catalog-181" time="0.062588" /><testcase classname="Inventory API throughput benchmark" name="catalog-182" time="0.043999" /><testcase classname="Inventory API throughput benchmark" name="catalog-183" time="0.079756" /><testcase classname="Inventory API throughput benchmark" name="catalog-184" time="0.065940" /><testcase classname="Inventory API throughput benchmark" name="catalog-185" time="0.072107" /><testcase classname="Inventory API throughput benchmark" name="catalog-186" time="0.069094" /><testcase classname="Inventory API throughput benchmark" name="catalog-187" time="0.062244" /><testcase classname="Inventory API throughput benchmark" name="catalog-188" time="0.074808" /><testcase classname="Inventory API throughput benchmark" name="catalog-189" time="0.068898" /><testcase classname="Inventory API throughput benchmark" name="catalog-190" time="0.062590" /><testcase classname="Inventory API throughput benchmark" name="catalog-191" time="0.067573" /><testcase classname="Inventory API throughput benchmark" name="catalog-192" time="0.045059" /><testcase classname="Inventory API throughput benchmark" name="catalog-193" time="0.063456" /><testcase classname="Inventory API throughput benchmark" name="catalog-194" time="0.051841" /><testcase classname="Inventory API throughput benchmark" name="catalog-195" time="0.048371" /><testcase classname="Inventory API throughput benchmark" name="catalog-196" time="0.055299" /><testcase classname="Inventory API throughput benchmark" name="catalog-197" time="0.093988" /><testcase classname="Inventory API throughput benchmark" name="catalog-198" time="0.068802" /><testcase classname="Inventory API throughput benchmark" name="catalog-199" time="0.055127" /><testcase classname="Inventory API throughput benchmark" name="catalog-200" time="0.048709" /><testcase classname="Inventory API throughput benchmark" name="catalog-201" time="0.066656" /><testcase classname="Inventory API throughput benchmark" name="catalog-202" time="0.099523" /><testcase classname="Inventory API throughput benchmark" name="catalog-203" time="0.091034" /><testcase classname="Inventory API throughput benchmark" name="catalog-204" time="0.089021" /><testcase classname="Inventory API throughput benchmark" name="catalog-205" time="0.085424" /><testcase classname="Inventory API throughput benchmark" name="catalog-206" time="0.052318" /><testcase classname="Inventory API throughput benchmark" name="catalog-207" time="0.067929" /><testcase classname="Inventory API throughput benchmark" name="catalog-208" time="0.058722" /><testcase classname="Inventory API throughput benchmark" name="catalog-209" time="0.058454" /><testcase classname="Inventory API throughput benchmark" name="catalog-210" time="0.044102" /><testcase classname="Inventory API throughput benchmark" name="catalog-211" time="0.038362" /><testcase classname="Inventory API throughput benchmark" name="catalog-212" time="0.062651" /><testcase classname="Inventory API throughput benchmark" name="catalog-213" time="0.029768" /><testcase classname="Inventory API throughput benchmark" name="catalog-214" time="0.046130" /><testcase classname="Inventory API throughput benchmark" name="catalog-215" time="0.039419" /><testcase classname="Inventory API throughput benchmark" name="catalog-216" time="0.045965" /><testcase classname="Inventory API throughput benchmark" name="catalog-217" time="0.036162" /><testcase classname="Inventory API throughput benchmark" name="catalog-218" time="0.044476" /><testcase classname="Inventory API throughput benchmark" name="catalog-219" time="0.042411" /><testcase classname="Inventory API throughput benchmark" name="catalog-220" time="0.054751" /><testcase classname="Inventory API throughput benchmark" name="catalog-221" time="0.047541" /><testcase classname="Inventory API throughput benchmark" name="catalog-222" time="0.035747" /><testcase classname="Inventory API throughput benchmark" name="catalog-223" time="0.047176" /><testcase classname="Inventory API throughput benchmark" name="catalog-224" time="0.049911" /><testcase classname="Inventory API throughput benchmark" name="catalog-225" time="0.045610" /><testcase classname="Inventory API throughput benchmark" name="catalog-226" time="0.047630" /><testcase classname="Inventory API throughput benchmark" name="catalog-227" time="0.042484" /><testcase classname="Inventory API throughput benchmark" name="catalog-228" time="0.047007" /><testcase classname="Inventory API throughput benchmark" name="catalog-229" time="0.034666" /><testcase classname="Inventory API throughput benchmark" name="catalog-230" time="0.031537" /><testcase classname="Inventory API throughput benchmark" name="catalog-231" time="0.069301" /><testcase classname="Inventory API throughput benchmark" name="catalog-232" time="0.070121" /><testcase classname="Inventory API throughput benchmark" name="catalog-233" time="0.062107" /><testcase classname="Inventory API throughput benchmark" name="catalog-234" time="0.050653" /><testcase classname="Inventory API throughput benchmark" name="catalog-235" time="0.057572" /><testcase classname="Inventory API throughput benchmark" name="catalog-236" time="0.056297" /><testcase classname="Inventory API throughput benchmark" name="catalog-237" time="0.062858" /><testcase classname="Inventory API throughput benchmark" name="catalog-238" time="0.056918" /><testcase classname="Inventory API throughput benchmark" name="catalog-239" time="0.032889" /></testsuite>
