<testsuite name="Inventory API throughput benchmark" tests="240" failures="0" errors="0" time="9.090401"><properties><property name="run_id" value="2e30d469ed154c98944a0bf001c9e083" /><property name="mode" value="local" /><property name="expected" value="240" /><property name="infrastructure_error" value="" /></properties><testcase classname="Inventory API throughput benchmark" name="catalog-000" time="0.071542" /><testcase classname="Inventory API throughput benchmark" name="catalog-001" time="0.050410" /><testcase classname="Inventory API throughput benchmark" name="catalog-002" time="0.043677" /><testcase classname="Inventory API throughput benchmark" name="catalog-003" time="0.057285" /><testcase classname="Inventory API throughput benchmark" name="catalog-004" time="0.055874" /><testcase classname="Inventory API throughput benchmark" name="catalog-005" time="0.047791" /><testcase classname="Inventory API throughput benchmark" name="catalog-006" time="0.057265" /><testcase classname="Inventory API throughput benchmark" name="catalog-007" time="0.042302" /><testcase classname="Inventory API throughput benchmark" name="catalog-008" time="0.056482" /><testcase classname="Inventory API throughput benchmark" name="catalog-009" time="0.044628" /><testcase classname="Inventory API throughput benchmark" name="catalog-010" time="0.047728" /><testcase classname="Inventory API throughput benchmark" name="catalog-011" time="0.046139" /><testcase classname="Inventory API throughput benchmark" name="catalog-012" time="0.043084" /><testcase classname="Inventory API throughput benchmark" name="catalog-013" time="0.047547" /><testcase classname="Inventory API throughput benchmark" name="catalog-014" time="0.044816" /><testcase classname="Inventory API throughput benchmark" name="catalog-015" time="0.035684" /><testcase classname="Inventory API throughput benchmark" name="catalog-016" time="0.040066" /><testcase classname="Inventory API throughput benchmark" name="catalog-017" time="0.064659" /><testcase classname="Inventory API throughput benchmark" name="catalog-018" time="0.039907" /><testcase classname="Inventory API throughput benchmark" name="catalog-019" time="0.056147" /><testcase classname="Inventory API throughput benchmark" name="catalog-020" time="0.054233" /><testcase classname="Inventory API throughput benchmark" name="catalog-021" time="0.043838" /><testcase classname="Inventory API throughput benchmark" name="catalog-022" time="0.052868" /><testcase classname="Inventory API throughput benchmark" name="catalog-023" time="0.050847" /><testcase classname="Inventory API throughput benchmark" name="catalog-024" time="0.036255" /><testcase classname="Inventory API throughput benchmark" name="catalog-025" time="0.053356" /><testcase classname="Inventory API throughput benchmark" name="catalog-026" time="0.053069" /><testcase classname="Inventory API throughput benchmark" name="catalog-027" time="0.039504" /><testcase classname="Inventory API throughput benchmark" name="catalog-028" time="0.034462" /><testcase classname="Inventory API throughput benchmark" name="catalog-029" time="0.035828" /><testcase classname="Inventory API throughput benchmark" name="catalog-030" time="0.043730" /><testcase classname="Inventory API throughput benchmark" name="catalog-031" time="0.048419" /><testcase classname="Inventory API throughput benchmark" name="catalog-032" time="0.036338" /><testcase classname="Inventory API throughput benchmark" name="catalog-033" time="0.044684" /><testcase classname="Inventory API throughput benchmark" name="catalog-034" time="0.036050" /><testcase classname="Inventory API throughput benchmark" name="catalog-035" time="0.038198" /><testcase classname="Inventory API throughput benchmark" name="catalog-036" time="0.043656" /><testcase classname="Inventory API throughput benchmark" name="catalog-037" time="0.042935" /><testcase classname="Inventory API throughput benchmark" name="catalog-038" time="0.039312" /><testcase classname="Inventory API throughput benchmark" name="catalog-039" time="0.039228" /><testcase classname="Inventory API throughput benchmark" name="catalog-040" time="0.031048" /><testcase classname="Inventory API throughput benchmark" name="catalog-041" time="0.030343" /><testcase classname="Inventory API throughput benchmark" name="catalog-042" time="0.045195" /><testcase classname="Inventory API throughput benchmark" name="catalog-043" time="0.048685" /><testcase classname="Inventory API throughput benchmark" name="catalog-044" time="0.057478" /><testcase classname="Inventory API throughput benchmark" name="catalog-045" time="0.041475" /><testcase classname="Inventory API throughput benchmark" name="catalog-046" time="0.039247" /><testcase classname="Inventory API throughput benchmark" name="catalog-047" time="0.037946" /><testcase classname="Inventory API throughput benchmark" name="catalog-048" time="0.037216" /><testcase classname="Inventory API throughput benchmark" name="catalog-049" time="0.037117" /><testcase classname="Inventory API throughput benchmark" name="catalog-050" time="0.032077" /><testcase classname="Inventory API throughput benchmark" name="catalog-051" time="0.029279" /><testcase classname="Inventory API throughput benchmark" name="catalog-052" time="0.042768" /><testcase classname="Inventory API throughput benchmark" name="catalog-053" time="0.038488" /><testcase classname="Inventory API throughput benchmark" name="catalog-054" time="0.030595" /><testcase classname="Inventory API throughput benchmark" name="catalog-055" time="0.032817" /><testcase classname="Inventory API throughput benchmark" name="catalog-056" time="0.036418" /><testcase classname="Inventory API throughput benchmark" name="catalog-057" time="0.031086" /><testcase classname="Inventory API throughput benchmark" name="catalog-058" time="0.036718" /><testcase classname="Inventory API throughput benchmark" name="catalog-059" time="0.040089" /><testcase classname="Inventory API throughput benchmark" name="catalog-060" time="0.032488" /><testcase classname="Inventory API throughput benchmark" name="catalog-061" time="0.030776" /><testcase classname="Inventory API throughput benchmark" name="catalog-062" time="0.032543" /><testcase classname="Inventory API throughput benchmark" name="catalog-063" time="0.031812" /><testcase classname="Inventory API throughput benchmark" name="catalog-064" time="0.034898" /><testcase classname="Inventory API throughput benchmark" name="catalog-065" time="0.029694" /><testcase classname="Inventory API throughput benchmark" name="catalog-066" time="0.035762" /><testcase classname="Inventory API throughput benchmark" name="catalog-067" time="0.038757" /><testcase classname="Inventory API throughput benchmark" name="catalog-068" time="0.035685" /><testcase classname="Inventory API throughput benchmark" name="catalog-069" time="0.033308" /><testcase classname="Inventory API throughput benchmark" name="catalog-070" time="0.030387" /><testcase classname="Inventory API throughput benchmark" name="catalog-071" time="0.030212" /><testcase classname="Inventory API throughput benchmark" name="catalog-072" time="0.030189" /><testcase classname="Inventory API throughput benchmark" name="catalog-073" time="0.037205" /><testcase classname="Inventory API throughput benchmark" name="catalog-074" time="0.038501" /><testcase classname="Inventory API throughput benchmark" name="catalog-075" time="0.043059" /><testcase classname="Inventory API throughput benchmark" name="catalog-076" time="0.042733" /><testcase classname="Inventory API throughput benchmark" name="catalog-077" time="0.037840" /><testcase classname="Inventory API throughput benchmark" name="catalog-078" time="0.037572" /><testcase classname="Inventory API throughput benchmark" name="catalog-079" time="0.037013" /><testcase classname="Inventory API throughput benchmark" name="catalog-080" time="0.030711" /><testcase classname="Inventory API throughput benchmark" name="catalog-081" time="0.031883" /><testcase classname="Inventory API throughput benchmark" name="catalog-082" time="0.035527" /><testcase classname="Inventory API throughput benchmark" name="catalog-083" time="0.042383" /><testcase classname="Inventory API throughput benchmark" name="catalog-084" time="0.031591" /><testcase classname="Inventory API throughput benchmark" name="catalog-085" time="0.031384" /><testcase classname="Inventory API throughput benchmark" name="catalog-086" time="0.032165" /><testcase classname="Inventory API throughput benchmark" name="catalog-087" time="0.030650" /><testcase classname="Inventory API throughput benchmark" name="catalog-088" time="0.031731" /><testcase classname="Inventory API throughput benchmark" name="catalog-089" time="0.038344" /><testcase classname="Inventory API throughput benchmark" name="catalog-090" time="0.033588" /><testcase classname="Inventory API throughput benchmark" name="catalog-091" time="0.030788" /><testcase classname="Inventory API throughput benchmark" name="catalog-092" time="0.030389" /><testcase classname="Inventory API throughput benchmark" name="catalog-093" time="0.035203" /><testcase classname="Inventory API throughput benchmark" name="catalog-094" time="0.038891" /><testcase classname="Inventory API throughput benchmark" name="catalog-095" time="0.030592" /><testcase classname="Inventory API throughput benchmark" name="catalog-096" time="0.043233" /><testcase classname="Inventory API throughput benchmark" name="catalog-097" time="0.033550" /><testcase classname="Inventory API throughput benchmark" name="catalog-098" time="0.037712" /><testcase classname="Inventory API throughput benchmark" name="catalog-099" time="0.039107" /><testcase classname="Inventory API throughput benchmark" name="catalog-100" time="0.040576" /><testcase classname="Inventory API throughput benchmark" name="catalog-101" time="0.033914" /><testcase classname="Inventory API throughput benchmark" name="catalog-102" time="0.035072" /><testcase classname="Inventory API throughput benchmark" name="catalog-103" time="0.039153" /><testcase classname="Inventory API throughput benchmark" name="catalog-104" time="0.038843" /><testcase classname="Inventory API throughput benchmark" name="catalog-105" time="0.042530" /><testcase classname="Inventory API throughput benchmark" name="catalog-106" time="0.046095" /><testcase classname="Inventory API throughput benchmark" name="catalog-107" time="0.039834" /><testcase classname="Inventory API throughput benchmark" name="catalog-108" time="0.035374" /><testcase classname="Inventory API throughput benchmark" name="catalog-109" time="0.039004" /><testcase classname="Inventory API throughput benchmark" name="catalog-110" time="0.039805" /><testcase classname="Inventory API throughput benchmark" name="catalog-111" time="0.044823" /><testcase classname="Inventory API throughput benchmark" name="catalog-112" time="0.043855" /><testcase classname="Inventory API throughput benchmark" name="catalog-113" time="0.043339" /><testcase classname="Inventory API throughput benchmark" name="catalog-114" time="0.033101" /><testcase classname="Inventory API throughput benchmark" name="catalog-115" time="0.031059" /><testcase classname="Inventory API throughput benchmark" name="catalog-116" time="0.033042" /><testcase classname="Inventory API throughput benchmark" name="catalog-117" time="0.031315" /><testcase classname="Inventory API throughput benchmark" name="catalog-118" time="0.031071" /><testcase classname="Inventory API throughput benchmark" name="catalog-119" time="0.034286" /><testcase classname="Inventory API throughput benchmark" name="catalog-120" time="0.032505" /><testcase classname="Inventory API throughput benchmark" name="catalog-121" time="0.036689" /><testcase classname="Inventory API throughput benchmark" name="catalog-122" time="0.036030" /><testcase classname="Inventory API throughput benchmark" name="catalog-123" time="0.039533" /><testcase classname="Inventory API throughput benchmark" name="catalog-124" time="0.038529" /><testcase classname="Inventory API throughput benchmark" name="catalog-125" time="0.032479" /><testcase classname="Inventory API throughput benchmark" name="catalog-126" time="0.030488" /><testcase classname="Inventory API throughput benchmark" name="catalog-127" time="0.034700" /><testcase classname="Inventory API throughput benchmark" name="catalog-128" time="0.038264" /><testcase classname="Inventory API throughput benchmark" name="catalog-129" time="0.041197" /><testcase classname="Inventory API throughput benchmark" name="catalog-130" time="0.030149" /><testcase classname="Inventory API throughput benchmark" name="catalog-131" time="0.033691" /><testcase classname="Inventory API throughput benchmark" name="catalog-132" time="0.032335" /><testcase classname="Inventory API throughput benchmark" name="catalog-133" time="0.032664" /><testcase classname="Inventory API throughput benchmark" name="catalog-134" time="0.038959" /><testcase classname="Inventory API throughput benchmark" name="catalog-135" time="0.038455" /><testcase classname="Inventory API throughput benchmark" name="catalog-136" time="0.034940" /><testcase classname="Inventory API throughput benchmark" name="catalog-137" time="0.043166" /><testcase classname="Inventory API throughput benchmark" name="catalog-138" time="0.048460" /><testcase classname="Inventory API throughput benchmark" name="catalog-139" time="0.039969" /><testcase classname="Inventory API throughput benchmark" name="catalog-140" time="0.039459" /><testcase classname="Inventory API throughput benchmark" name="catalog-141" time="0.039063" /><testcase classname="Inventory API throughput benchmark" name="catalog-142" time="0.042545" /><testcase classname="Inventory API throughput benchmark" name="catalog-143" time="0.040434" /><testcase classname="Inventory API throughput benchmark" name="catalog-144" time="0.041365" /><testcase classname="Inventory API throughput benchmark" name="catalog-145" time="0.033416" /><testcase classname="Inventory API throughput benchmark" name="catalog-146" time="0.031151" /><testcase classname="Inventory API throughput benchmark" name="catalog-147" time="0.031899" /><testcase classname="Inventory API throughput benchmark" name="catalog-148" time="0.034469" /><testcase classname="Inventory API throughput benchmark" name="catalog-149" time="0.032512" /><testcase classname="Inventory API throughput benchmark" name="catalog-150" time="0.030910" /><testcase classname="Inventory API throughput benchmark" name="catalog-151" time="0.032532" /><testcase classname="Inventory API throughput benchmark" name="catalog-152" time="0.032301" /><testcase classname="Inventory API throughput benchmark" name="catalog-153" time="0.030365" /><testcase classname="Inventory API throughput benchmark" name="catalog-154" time="0.034032" /><testcase classname="Inventory API throughput benchmark" name="catalog-155" time="0.032050" /><testcase classname="Inventory API throughput benchmark" name="catalog-156" time="0.033762" /><testcase classname="Inventory API throughput benchmark" name="catalog-157" time="0.034488" /><testcase classname="Inventory API throughput benchmark" name="catalog-158" time="0.036546" /><testcase classname="Inventory API throughput benchmark" name="catalog-159" time="0.036291" /><testcase classname="Inventory API throughput benchmark" name="catalog-160" time="0.035026" /><testcase classname="Inventory API throughput benchmark" name="catalog-161" time="0.032940" /><testcase classname="Inventory API throughput benchmark" name="catalog-162" time="0.030325" /><testcase classname="Inventory API throughput benchmark" name="catalog-163" time="0.030390" /><testcase classname="Inventory API throughput benchmark" name="catalog-164" time="0.031744" /><testcase classname="Inventory API throughput benchmark" name="catalog-165" time="0.035126" /><testcase classname="Inventory API throughput benchmark" name="catalog-166" time="0.030639" /><testcase classname="Inventory API throughput benchmark" name="catalog-167" time="0.031155" /><testcase classname="Inventory API throughput benchmark" name="catalog-168" time="0.031953" /><testcase classname="Inventory API throughput benchmark" name="catalog-169" time="0.032900" /><testcase classname="Inventory API throughput benchmark" name="catalog-170" time="0.045379" /><testcase classname="Inventory API throughput benchmark" name="catalog-171" time="0.040239" /><testcase classname="Inventory API throughput benchmark" name="catalog-172" time="0.036227" /><testcase classname="Inventory API throughput benchmark" name="catalog-173" time="0.033408" /><testcase classname="Inventory API throughput benchmark" name="catalog-174" time="0.032331" /><testcase classname="Inventory API throughput benchmark" name="catalog-175" time="0.031141" /><testcase classname="Inventory API throughput benchmark" name="catalog-176" time="0.037898" /><testcase classname="Inventory API throughput benchmark" name="catalog-177" time="0.030731" /><testcase classname="Inventory API throughput benchmark" name="catalog-178" time="0.030253" /><testcase classname="Inventory API throughput benchmark" name="catalog-179" time="0.036622" /><testcase classname="Inventory API throughput benchmark" name="catalog-180" time="0.033973" /><testcase classname="Inventory API throughput benchmark" name="catalog-181" time="0.034213" /><testcase classname="Inventory API throughput benchmark" name="catalog-182" time="0.038274" /><testcase classname="Inventory API throughput benchmark" name="catalog-183" time="0.038944" /><testcase classname="Inventory API throughput benchmark" name="catalog-184" time="0.032913" /><testcase classname="Inventory API throughput benchmark" name="catalog-185" time="0.038187" /><testcase classname="Inventory API throughput benchmark" name="catalog-186" time="0.038158" /><testcase classname="Inventory API throughput benchmark" name="catalog-187" time="0.043072" /><testcase classname="Inventory API throughput benchmark" name="catalog-188" time="0.036268" /><testcase classname="Inventory API throughput benchmark" name="catalog-189" time="0.032531" /><testcase classname="Inventory API throughput benchmark" name="catalog-190" time="0.040957" /><testcase classname="Inventory API throughput benchmark" name="catalog-191" time="0.030959" /><testcase classname="Inventory API throughput benchmark" name="catalog-192" time="0.035136" /><testcase classname="Inventory API throughput benchmark" name="catalog-193" time="0.036226" /><testcase classname="Inventory API throughput benchmark" name="catalog-194" time="0.033603" /><testcase classname="Inventory API throughput benchmark" name="catalog-195" time="0.034433" /><testcase classname="Inventory API throughput benchmark" name="catalog-196" time="0.035986" /><testcase classname="Inventory API throughput benchmark" name="catalog-197" time="0.035571" /><testcase classname="Inventory API throughput benchmark" name="catalog-198" time="0.030293" /><testcase classname="Inventory API throughput benchmark" name="catalog-199" time="0.033468" /><testcase classname="Inventory API throughput benchmark" name="catalog-200" time="0.033718" /><testcase classname="Inventory API throughput benchmark" name="catalog-201" time="0.041347" /><testcase classname="Inventory API throughput benchmark" name="catalog-202" time="0.037022" /><testcase classname="Inventory API throughput benchmark" name="catalog-203" time="0.039092" /><testcase classname="Inventory API throughput benchmark" name="catalog-204" time="0.051169" /><testcase classname="Inventory API throughput benchmark" name="catalog-205" time="0.040679" /><testcase classname="Inventory API throughput benchmark" name="catalog-206" time="0.040692" /><testcase classname="Inventory API throughput benchmark" name="catalog-207" time="0.035505" /><testcase classname="Inventory API throughput benchmark" name="catalog-208" time="0.031718" /><testcase classname="Inventory API throughput benchmark" name="catalog-209" time="0.036294" /><testcase classname="Inventory API throughput benchmark" name="catalog-210" time="0.045230" /><testcase classname="Inventory API throughput benchmark" name="catalog-211" time="0.043799" /><testcase classname="Inventory API throughput benchmark" name="catalog-212" time="0.031142" /><testcase classname="Inventory API throughput benchmark" name="catalog-213" time="0.033867" /><testcase classname="Inventory API throughput benchmark" name="catalog-214" time="0.037245" /><testcase classname="Inventory API throughput benchmark" name="catalog-215" time="0.030986" /><testcase classname="Inventory API throughput benchmark" name="catalog-216" time="0.038721" /><testcase classname="Inventory API throughput benchmark" name="catalog-217" time="0.042484" /><testcase classname="Inventory API throughput benchmark" name="catalog-218" time="0.032328" /><testcase classname="Inventory API throughput benchmark" name="catalog-219" time="0.030930" /><testcase classname="Inventory API throughput benchmark" name="catalog-220" time="0.032298" /><testcase classname="Inventory API throughput benchmark" name="catalog-221" time="0.036215" /><testcase classname="Inventory API throughput benchmark" name="catalog-222" time="0.034814" /><testcase classname="Inventory API throughput benchmark" name="catalog-223" time="0.035619" /><testcase classname="Inventory API throughput benchmark" name="catalog-224" time="0.038440" /><testcase classname="Inventory API throughput benchmark" name="catalog-225" time="0.033340" /><testcase classname="Inventory API throughput benchmark" name="catalog-226" time="0.031070" /><testcase classname="Inventory API throughput benchmark" name="catalog-227" time="0.031385" /><testcase classname="Inventory API throughput benchmark" name="catalog-228" time="0.030675" /><testcase classname="Inventory API throughput benchmark" name="catalog-229" time="0.034392" /><testcase classname="Inventory API throughput benchmark" name="catalog-230" time="0.037714" /><testcase classname="Inventory API throughput benchmark" name="catalog-231" time="0.033856" /><testcase classname="Inventory API throughput benchmark" name="catalog-232" time="0.032847" /><testcase classname="Inventory API throughput benchmark" name="catalog-233" time="0.036890" /><testcase classname="Inventory API throughput benchmark" name="catalog-234" time="0.043515" /><testcase classname="Inventory API throughput benchmark" name="catalog-235" time="0.049368" /><testcase classname="Inventory API throughput benchmark" name="catalog-236" time="0.033465" /><testcase classname="Inventory API throughput benchmark" name="catalog-237" time="0.049352" /><testcase classname="Inventory API throughput benchmark" name="catalog-238" time="0.035077" /><testcase classname="Inventory API throughput benchmark" name="catalog-239" time="0.036010" /></testsuite>
